[{
	"id": "2369515120298670143",
	"timestamp": "23:06:07",
	"type": "user_id"
}, {
	"node_path": "Control/DialogSystem_FirstScreen/Fn_Main",
	"timestamp": "23:06:07",
	"type": "dialog_node_start"
}, {
	"node_path": "Control/DialogSystem_FirstScreen/Fn_Main/Condition",
	"timestamp": "23:06:07",
	"type": "dialog_node_start"
}, {
	"node_path": "Control/DialogSystem_FirstScreen/Fn_Main/Condition/FadeOut",
	"timestamp": "23:06:07",
	"type": "dialog_node_start"
}, {
	"node_path": "Control/DialogSystem_FirstScreen/Fn_Main/WaitForButton",
	"timestamp": "23:06:11",
	"type": "dialog_node_start"
}, {
	"node_path": "Control/DialogSystem_FirstScreen/Fn_Main/ThunderSound",
	"timestamp": "23:06:21",
	"type": "dialog_node_start"
}, {
	"node_path": "Control/DialogSystem_FirstScreen/Fn_Main/FadeIn",
	"timestamp": "23:06:21",
	"type": "dialog_node_start"
}, {
	"node_path": "Control/DialogSystem_FirstScreen/Fn_Main/Transition",
	"timestamp": "23:06:24",
	"type": "dialog_node_start"
}, {
	"node_path": "IntroText/DialogSystem_Intro/Fn_Main",
	"timestamp": "23:06:24",
	"type": "dialog_node_start"
}, {
	"node_path": "IntroText/DialogSystem_Intro/Fn_Main/TextReset",
	"timestamp": "23:06:24",
	"type": "dialog_node_start"
}, {
	"node_path": "IntroText/DialogSystem_Intro/Fn_Main/FadeOut",
	"timestamp": "23:06:25",
	"type": "dialog_node_start"
}, {
	"node_path": "IntroText/DialogSystem_Intro/Fn_Main/StartMusic",
	"timestamp": "23:06:27",
	"type": "dialog_node_start"
}, {
	"node_path": "IntroText/DialogSystem_Intro/Fn_Main/PrintText",
	"timestamp": "23:06:28",
	"type": "dialog_node_start"
}, {
	"node_path": "IntroText/DialogSystem_Intro/Fn_Text",
	"timestamp": "23:06:28",
	"type": "dialog_node_start"
}, {
	"node_path": "IntroText/DialogSystem_Intro/Fn_Text/Part1",
	"timestamp": "23:06:28",
	"type": "dialog_node_start"
}, {
	"node_path": "IntroText/DialogSystem_Intro/Fn_Text/Part1/ShowImg1",
	"timestamp": "23:06:28",
	"type": "dialog_node_start"
}, {
	"node_path": "IntroText/DialogSystem_Intro/Fn_Text/Part1/Text",
	"timestamp": "23:06:28",
	"type": "dialog_node_start"
}, {
	"node_path": "IntroText/DialogSystem_Intro/Fn_Text/Part1/Text2",
	"timestamp": "23:06:42",
	"type": "dialog_node_start"
}, {
	"node_path": "IntroText/DialogSystem_Intro/Fn_Text/Part1/Text3",
	"timestamp": "23:06:57",
	"type": "dialog_node_start"
}, {
	"node_path": "IntroText/DialogSystem_Intro/Fn_Text/Part1/Text4",
	"timestamp": "23:07:01",
	"type": "dialog_node_start"
}, {
	"node_path": "IntroText/DialogSystem_Intro/Fn_Text/Part1/HideImg1",
	"timestamp": "23:07:05",
	"type": "dialog_node_start"
}, {
	"node_path": "IntroText/DialogSystem_Intro/Fn_Text/Part2",
	"timestamp": "23:07:05",
	"type": "dialog_node_start"
}, {
	"node_path": "IntroText/DialogSystem_Intro/Fn_Text/Part2/ShowImg2",
	"timestamp": "23:07:05",
	"type": "dialog_node_start"
}, {
	"node_path": "IntroText/DialogSystem_Intro/Fn_Text/Part2/Text5",
	"timestamp": "23:07:05",
	"type": "dialog_node_start"
}, {
	"node_path": "IntroText/DialogSystem_Intro/Fn_Text/Part2/Text6",
	"timestamp": "23:07:09",
	"type": "dialog_node_start"
}, {
	"node_path": "IntroText/DialogSystem_Intro/Fn_Text/Part2/Text7",
	"timestamp": "23:07:20",
	"type": "dialog_node_start"
}, {
	"node_path": "IntroText/DialogSystem_Intro/Fn_Text/Part2/Text8",
	"timestamp": "23:07:26",
	"type": "dialog_node_start"
}, {
	"node_path": "IntroText/DialogSystem_Intro/Fn_Text/Part2/Text9",
	"timestamp": "23:07:31",
	"type": "dialog_node_start"
}, {
	"node_path": "IntroText/DialogSystem_Intro/Fn_Text/Part2/HideImg2",
	"timestamp": "23:07:43",
	"type": "dialog_node_start"
}, {
	"node_path": "IntroText/DialogSystem_Intro/Fn_Text/Part3",
	"timestamp": "23:07:43",
	"type": "dialog_node_start"
}, {
	"node_path": "IntroText/DialogSystem_Intro/Fn_Text/Part3/ClearText",
	"timestamp": "23:07:43",
	"type": "dialog_node_start"
}, {
	"node_path": "IntroText/DialogSystem_Intro/Fn_Text/Part3/Wait",
	"timestamp": "23:07:43",
	"type": "dialog_node_start"
}, {
	"node_path": "IntroText/DialogSystem_Intro/Fn_Text/Part3/Text10",
	"timestamp": "23:07:47",
	"type": "dialog_node_start"
}, {
	"node_path": "IntroText/DialogSystem_Intro/Fn_Text/Part3/Text11",
	"timestamp": "23:07:53",
	"type": "dialog_node_start"
}, {
	"node_path": "IntroText/DialogSystem_Intro/Fn_Text/Part3/Text12",
	"timestamp": "23:07:59",
	"type": "dialog_node_start"
}, {
	"node_path": "IntroText/DialogSystem_Intro/Fn_Text/Part3/Text13",
	"timestamp": "23:08:02",
	"type": "dialog_node_start"
}, {
	"node_path": "IntroText/DialogSystem_Intro/Fn_Text/HideTheDot",
	"timestamp": "23:08:06",
	"type": "dialog_node_start"
}, {
	"node_path": "IntroText/DialogSystem_Intro/Fn_Main/FadeIn",
	"timestamp": "23:08:06",
	"type": "dialog_node_start"
}, {
	"node_path": "IntroText/DialogSystem_Intro/Fn_Main/Transition",
	"timestamp": "23:08:09",
	"type": "dialog_node_start"
}, {
	"node_path": "Control/DialogSystem_Main/Fn_Main",
	"timestamp": "23:08:10",
	"type": "dialog_node_start"
}, {
	"node_path": "Control/DialogSystem_Main/Fn_Main/FadeIn",
	"timestamp": "23:08:10",
	"type": "dialog_node_start"
}, {
	"node_path": "Control/DialogSystem_Main/Fn_Main/Tutorial",
	"timestamp": "23:08:12",
	"type": "dialog_node_start"
}, {
	"node_path": "Control/DialogSystem_Main/Fn_Main/Tutorial/ShowFigure",
	"timestamp": "23:08:12",
	"type": "dialog_node_start"
}, {
	"node_path": "Control/DialogSystem_Main/Fn_Main/Tutorial/Text",
	"timestamp": "23:08:14",
	"type": "dialog_node_start"
}, {
	"node_path": "Control/DialogSystem_Main/Fn_Main/Tutorial/Call_WaitForSubmittion",
	"timestamp": "23:08:25",
	"type": "dialog_node_start"
}, {
	"node_path": "Control/DialogSystem_Main/Fn_HandleEyeSubmittion",
	"timestamp": "23:08:25",
	"type": "dialog_node_start"
}, {
	"node_path": "Control/DialogSystem_Main/Fn_HandleEyeSubmittion/EnablePiedestalCollider",
	"timestamp": "23:08:25",
	"type": "dialog_node_start"
}, {
	"node_path": "Control/DialogSystem_Main/Fn_HandleEyeSubmittion/WaitForSubmission",
	"timestamp": "23:08:25",
	"type": "dialog_node_start"
}, {
	"part": "Iris6",
	"timestamp": "23:08:33",
	"type": "add_part"
}, {
	"part": "Pupil2",
	"timestamp": "23:08:36",
	"type": "add_part"
}, {
	"part": "Pupil5",
	"timestamp": "23:08:41",
	"type": "add_part"
}, {
	"part": "Eyebrow2",
	"timestamp": "23:08:47",
	"type": "remove_part"
}, {
	"part": "Eyebrow6",
	"timestamp": "23:08:50",
	"type": "remove_part"
}, {
	"part": "Eyebrow6",
	"timestamp": "23:08:53",
	"type": "add_part"
}, {
	"part": "Eye3",
	"timestamp": "23:08:56",
	"type": "add_part"
}, {
	"part": "Eye3",
	"timestamp": "23:09:01",
	"type": "add_part"
}, {
	"part": "Pupil3",
	"timestamp": "23:09:06",
	"type": "add_part"
}, {
	"eye_shape": "Eye3",
	"eyebrow": "Eyebrow6",
	"iris": "Iris6",
	"pupil": "Pupil3",
	"question_idx": 0,
	"timestamp": "23:09:24",
	"type": "submit_answer"
}, {
	"node_path": "Control/DialogSystem_Main/Fn_HandleEyeSubmittion/DisablePiedestalCollider",
	"timestamp": "23:09:24",
	"type": "dialog_node_start"
}, {
	"node_path": "Control/DialogSystem_Main/Fn_Main/Tutorial/T_GiveMoney",
	"timestamp": "23:09:24",
	"type": "dialog_node_start"
}, {
	"node_path": "Control/DialogSystem_Main/Fn_Main/Tutorial/AddMoney",
	"timestamp": "23:09:30",
	"type": "dialog_node_start"
}, {
	"amount": 11,
	"new_balance": 21,
	"original_balance": 10,
	"timestamp": "23:09:30",
	"type": "add_money"
}, {
	"node_path": "Control/DialogSystem_Main/Fn_Main/Tutorial/HideFigure",
	"timestamp": "23:09:30",
	"type": "dialog_node_start"
}, {
	"node_path": "Control/DialogSystem_Main/Fn_Main/Tutorial2",
	"timestamp": "23:09:32",
	"type": "dialog_node_start"
}, {
	"node_path": "Control/DialogSystem_Main/Fn_Main/Tutorial2/ShowFigure",
	"timestamp": "23:09:32",
	"type": "dialog_node_start"
}, {
	"node_path": "Control/DialogSystem_Main/Fn_Main/Tutorial2/Text",
	"timestamp": "23:09:34",
	"type": "dialog_node_start"
}, {
	"node_path": "Control/DialogSystem_Main/Fn_Main/Tutorial2/Call_WaitForSubmittion",
	"timestamp": "23:09:42",
	"type": "dialog_node_start"
}, {
	"node_path": "Control/DialogSystem_Main/Fn_HandleEyeSubmittion",
	"timestamp": "23:09:42",
	"type": "dialog_node_start"
}, {
	"node_path": "Control/DialogSystem_Main/Fn_HandleEyeSubmittion/EnablePiedestalCollider",
	"timestamp": "23:09:42",
	"type": "dialog_node_start"
}, {
	"node_path": "Control/DialogSystem_Main/Fn_HandleEyeSubmittion/WaitForSubmission",
	"timestamp": "23:09:42",
	"type": "dialog_node_start"
}, {
	"part": "Iris5",
	"timestamp": "23:09:46",
	"type": "add_part"
}, {
	"part": "Eye6",
	"timestamp": "23:09:49",
	"type": "add_part"
}, {
	"part": "Eyebrow2",
	"timestamp": "23:09:53",
	"type": "add_part"
}, {
	"part": "Pupil2",
	"timestamp": "23:09:58",
	"type": "add_part"
}, {
	"eye_shape": "Eye6",
	"eyebrow": "Eyebrow2",
	"iris": "Iris5",
	"pupil": "Pupil2",
	"question_idx": 1,
	"timestamp": "23:10:00",
	"type": "submit_answer"
}, {
	"node_path": "Control/DialogSystem_Main/Fn_HandleEyeSubmittion/DisablePiedestalCollider",
	"timestamp": "23:10:00",
	"type": "dialog_node_start"
}, {
	"node_path": "Control/DialogSystem_Main/Fn_Main/Tutorial2/T_GiveMoney",
	"timestamp": "23:10:00",
	"type": "dialog_node_start"
}, {
	"node_path": "Control/DialogSystem_Main/Fn_Main/Tutorial2/AddMoney",
	"timestamp": "23:10:15",
	"type": "dialog_node_start"
}, {
	"amount": 35,
	"new_balance": 56,
	"original_balance": 21,
	"timestamp": "23:10:15",
	"type": "add_money"
}, {
	"node_path": "Control/DialogSystem_Main/Fn_Main/Tutorial2/HideFigure",
	"timestamp": "23:10:15",
	"type": "dialog_node_start"
}, {
	"node_path": "Control/DialogSystem_Main/Fn_Main/NeedsToForgetWhatHeDid",
	"timestamp": "23:10:17",
	"type": "dialog_node_start"
}, {
	"node_path": "Control/DialogSystem_Main/Fn_Main/NeedsToForgetWhatHeDid/ShowFigure",
	"timestamp": "23:10:17",
	"type": "dialog_node_start"
}, {
	"node_path": "Control/DialogSystem_Main/Fn_Main/NeedsToForgetWhatHeDid/Text",
	"timestamp": "23:10:19",
	"type": "dialog_node_start"
}, {
	"node_path": "Control/DialogSystem_Main/Fn_Main/NeedsToForgetWhatHeDid/Call_WaitForSubmittion",
	"timestamp": "23:10:26",
	"type": "dialog_node_start"
}, {
	"node_path": "Control/DialogSystem_Main/Fn_HandleEyeSubmittion",
	"timestamp": "23:10:26",
	"type": "dialog_node_start"
}, {
	"node_path": "Control/DialogSystem_Main/Fn_HandleEyeSubmittion/EnablePiedestalCollider",
	"timestamp": "23:10:26",
	"type": "dialog_node_start"
}, {
	"node_path": "Control/DialogSystem_Main/Fn_HandleEyeSubmittion/WaitForSubmission",
	"timestamp": "23:10:26",
	"type": "dialog_node_start"
}, {
	"part": "Iris3",
	"timestamp": "23:10:33",
	"type": "add_part"
}, {
	"part": "Eye2",
	"timestamp": "23:10:37",
	"type": "add_part"
}, {
	"part": "Eyebrow4",
	"timestamp": "23:10:40",
	"type": "remove_part"
}, {
	"part": "Eyebrow4",
	"timestamp": "23:10:42",
	"type": "add_part"
}, {
	"part": "Pupil4",
	"timestamp": "23:10:46",
	"type": "add_part"
}, {
	"eye_shape": "Eye2",
	"eyebrow": "Eyebrow4",
	"iris": "Iris3",
	"pupil": "Pupil4",
	"question_idx": 2,
	"timestamp": "23:10:49",
	"type": "submit_answer"
}, {
	"node_path": "Control/DialogSystem_Main/Fn_HandleEyeSubmittion/DisablePiedestalCollider",
	"timestamp": "23:10:49",
	"type": "dialog_node_start"
}, {
	"node_path": "Control/DialogSystem_Main/Fn_Main/NeedsToForgetWhatHeDid/T_GiveMoney",
	"timestamp": "23:10:49",
	"type": "dialog_node_start"
}, {
	"node_path": "Control/DialogSystem_Main/Fn_Main/NeedsToForgetWhatHeDid/AddMoney",
	"timestamp": "23:10:56",
	"type": "dialog_node_start"
}, {
	"amount": 7,
	"new_balance": 63,
	"original_balance": 56,
	"timestamp": "23:10:56",
	"type": "add_money"
}, {
	"node_path": "Control/DialogSystem_Main/Fn_Main/NeedsToForgetWhatHeDid/HideFigure",
	"timestamp": "23:10:56",
	"type": "dialog_node_start"
}, {
	"node_path": "Control/DialogSystem_Main/Fn_Main/LoyalKnight",
	"timestamp": "23:10:58",
	"type": "dialog_node_start"
}, {
	"node_path": "Control/DialogSystem_Main/Fn_Main/LoyalKnight/ShowFigure",
	"timestamp": "23:10:58",
	"type": "dialog_node_start"
}, {
	"node_path": "Control/DialogSystem_Main/Fn_Main/LoyalKnight/Text",
	"timestamp": "23:11:00",
	"type": "dialog_node_start"
}, {
	"node_path": "Control/DialogSystem_Main/Fn_Main/LoyalKnight/Call_WaitForSubmittion",
	"timestamp": "23:11:06",
	"type": "dialog_node_start"
}, {
	"node_path": "Control/DialogSystem_Main/Fn_HandleEyeSubmittion",
	"timestamp": "23:11:06",
	"type": "dialog_node_start"
}, {
	"node_path": "Control/DialogSystem_Main/Fn_HandleEyeSubmittion/EnablePiedestalCollider",
	"timestamp": "23:11:06",
	"type": "dialog_node_start"
}, {
	"node_path": "Control/DialogSystem_Main/Fn_HandleEyeSubmittion/WaitForSubmission",
	"timestamp": "23:11:06",
	"type": "dialog_node_start"
}, {
	"part": "Iris2",
	"timestamp": "23:11:15",
	"type": "add_part"
}, {
	"part": "Eye3",
	"timestamp": "23:11:20",
	"type": "remove_part"
}, {
	"part": "Eye1",
	"timestamp": "23:11:24",
	"type": "add_part"
}, {
	"part": "Iris3",
	"timestamp": "23:11:30",
	"type": "remove_part"
}, {
	"part": "Pupil4",
	"timestamp": "23:11:38",
	"type": "add_part"
}, {
	"part": "Eyebrow6",
	"timestamp": "23:11:45",
	"type": "add_part"
}, {
	"eye_shape": "Eye1",
	"eyebrow": "Eyebrow6",
	"iris": "Iris2",
	"pupil": "Pupil4",
	"question_idx": 3,
	"timestamp": "23:11:47",
	"type": "submit_answer"
}, {
	"node_path": "Control/DialogSystem_Main/Fn_HandleEyeSubmittion/DisablePiedestalCollider",
	"timestamp": "23:11:47",
	"type": "dialog_node_start"
}, {
	"node_path": "Control/DialogSystem_Main/Fn_Main/LoyalKnight/T_GiveMoney",
	"timestamp": "23:11:47",
	"type": "dialog_node_start"
}, {
	"node_path": "Control/DialogSystem_Main/Fn_Main/LoyalKnight/AddMoney",
	"timestamp": "23:11:53",
	"type": "dialog_node_start"
}, {
	"amount": 45,
	"new_balance": 108,
	"original_balance": 63,
	"timestamp": "23:11:53",
	"type": "add_money"
}, {
	"node_path": "Control/DialogSystem_Main/Fn_Main/LoyalKnight/HideFigure",
	"timestamp": "23:11:53",
	"type": "dialog_node_start"
}, {
	"node_path": "Control/DialogSystem_Main/Fn_Main/Vain",
	"timestamp": "23:11:55",
	"type": "dialog_node_start"
}, {
	"node_path": "Control/DialogSystem_Main/Fn_Main/Vain/ShowFigure",
	"timestamp": "23:11:55",
	"type": "dialog_node_start"
}, {
	"node_path": "Control/DialogSystem_Main/Fn_Main/Vain/Text",
	"timestamp": "23:11:57",
	"type": "dialog_node_start"
}, {
	"node_path": "Control/DialogSystem_Main/Fn_Main/Vain/Call_WaitForSubmittion",
	"timestamp": "23:12:06",
	"type": "dialog_node_start"
}, {
	"node_path": "Control/DialogSystem_Main/Fn_HandleEyeSubmittion",
	"timestamp": "23:12:06",
	"type": "dialog_node_start"
}, {
	"node_path": "Control/DialogSystem_Main/Fn_HandleEyeSubmittion/EnablePiedestalCollider",
	"timestamp": "23:12:06",
	"type": "dialog_node_start"
}, {
	"node_path": "Control/DialogSystem_Main/Fn_HandleEyeSubmittion/WaitForSubmission",
	"timestamp": "23:12:06",
	"type": "dialog_node_start"
}, {
	"part": "Iris6",
	"timestamp": "23:12:09",
	"type": "add_part"
}, {
	"part": "Eye3",
	"timestamp": "23:12:14",
	"type": "add_part"
}, {
	"part": "Pupil1",
	"timestamp": "23:12:17",
	"type": "add_part"
}, {
	"part": "Eyebrow5",
	"timestamp": "23:12:24",
	"type": "add_part"
}, {
	"eye_shape": "Eye3",
	"eyebrow": "Eyebrow5",
	"iris": "Iris6",
	"pupil": "Pupil1",
	"question_idx": 4,
	"timestamp": "23:12:26",
	"type": "submit_answer"
}, {
	"node_path": "Control/DialogSystem_Main/Fn_HandleEyeSubmittion/DisablePiedestalCollider",
	"timestamp": "23:12:26",
	"type": "dialog_node_start"
}, {
	"node_path": "Control/DialogSystem_Main/Fn_Main/Vain/T_GiveMoney",
	"timestamp": "23:12:26",
	"type": "dialog_node_start"
}, {
	"node_path": "Control/DialogSystem_Main/Fn_Main/Vain/AddMoney",
	"timestamp": "23:12:35",
	"type": "dialog_node_start"
}, {
	"amount": 10,
	"new_balance": 118,
	"original_balance": 108,
	"timestamp": "23:12:35",
	"type": "add_money"
}, {
	"node_path": "Control/DialogSystem_Main/Fn_Main/Vain/HideFigure",
	"timestamp": "23:12:35",
	"type": "dialog_node_start"
}, {
	"node_path": "Control/DialogSystem_Main/Fn_Main/GentleWerewolf",
	"timestamp": "23:12:37",
	"type": "dialog_node_start"
}, {
	"node_path": "Control/DialogSystem_Main/Fn_Main/GentleWerewolf/ShowFigure",
	"timestamp": "23:12:37",
	"type": "dialog_node_start"
}, {
	"node_path": "Control/DialogSystem_Main/Fn_Main/GentleWerewolf/Text",
	"timestamp": "23:12:39",
	"type": "dialog_node_start"
}, {
	"node_path": "Control/DialogSystem_Main/Fn_Main/GentleWerewolf/Wait",
	"timestamp": "23:12:43",
	"type": "dialog_node_start"
}, {
	"node_path": "Control/DialogSystem_Main/Fn_Main/GentleWerewolf/Text2",
	"timestamp": "23:12:44",
	"type": "dialog_node_start"
}, {
	"node_path": "Control/DialogSystem_Main/Fn_Main/GentleWerewolf/Wait2",
	"timestamp": "23:12:48",
	"type": "dialog_node_start"
}, {
	"node_path": "Control/DialogSystem_Main/Fn_Main/GentleWerewolf/Text3",
	"timestamp": "23:12:49",
	"type": "dialog_node_start"
}, {
	"node_path": "Control/DialogSystem_Main/Fn_Main/GentleWerewolf/Call_WaitForSubmittion",
	"timestamp": "23:12:53",
	"type": "dialog_node_start"
}, {
	"node_path": "Control/DialogSystem_Main/Fn_HandleEyeSubmittion",
	"timestamp": "23:12:53",
	"type": "dialog_node_start"
}, {
	"node_path": "Control/DialogSystem_Main/Fn_HandleEyeSubmittion/EnablePiedestalCollider",
	"timestamp": "23:12:53",
	"type": "dialog_node_start"
}, {
	"node_path": "Control/DialogSystem_Main/Fn_HandleEyeSubmittion/WaitForSubmission",
	"timestamp": "23:12:53",
	"type": "dialog_node_start"
}, {
	"part": "Iris4",
	"timestamp": "23:12:57",
	"type": "add_part"
}, {
	"part": "Eye2",
	"timestamp": "23:13:00",
	"type": "add_part"
}, {
	"part": "Pupil6",
	"timestamp": "23:13:06",
	"type": "add_part"
}, {
	"part": "Eyebrow2",
	"timestamp": "23:13:10",
	"type": "add_part"
}, {
	"eye_shape": "Eye2",
	"eyebrow": "Eyebrow2",
	"iris": "Iris4",
	"pupil": "Pupil6",
	"question_idx": 5,
	"timestamp": "23:13:12",
	"type": "submit_answer"
}, {
	"node_path": "Control/DialogSystem_Main/Fn_HandleEyeSubmittion/DisablePiedestalCollider",
	"timestamp": "23:13:12",
	"type": "dialog_node_start"
}, {
	"node_path": "Control/DialogSystem_Main/Fn_Main/GentleWerewolf/T_GiveFlower",
	"timestamp": "23:13:12",
	"type": "dialog_node_start"
}, {
	"node_path": "Control/DialogSystem_Main/Fn_Main/GentleWerewolf/GiveFlower",
	"timestamp": "23:13:19",
	"type": "dialog_node_start"
}, {
	"node_path": "Control/DialogSystem_Main/Fn_Main/GentleWerewolf/ShowFlower",
	"timestamp": "23:13:19",
	"type": "dialog_node_start"
}, {
	"node_path": "Control/DialogSystem_Main/Fn_Main/GentleWerewolf/HideFigure",
	"timestamp": "23:13:20",
	"type": "dialog_node_start"
}, {
	"object": "WerewolfFlower",
	"original_placement": "MainShelf2",
	"timestamp": "23:13:22",
	"type": "grab_object"
}, {
	"destination": "P18",
	"object": "WerewolfFlower",
	"timestamp": "23:13:23",
	"type": "place_object"
}, {
	"node_path": "Control/DialogSystem_Main/Fn_Main/Gambler",
	"timestamp": "23:13:23",
	"type": "dialog_node_start"
}, {
	"node_path": "Control/DialogSystem_Main/Fn_Main/Gambler/ShowFigure",
	"timestamp": "23:13:23",
	"type": "dialog_node_start"
}, {
	"object": "WerewolfFlower",
	"original_placement": "P18",
	"timestamp": "23:13:25",
	"type": "grab_object"
}, {
	"destination": "P19",
	"object": "WerewolfFlower",
	"timestamp": "23:13:25",
	"type": "place_object"
}, {
	"node_path": "Control/DialogSystem_Main/Fn_Main/Gambler/Text",
	"timestamp": "23:13:25",
	"type": "dialog_node_start"
}, {
	"object": "WerewolfFlower",
	"original_placement": "P19",
	"timestamp": "23:13:26",
	"type": "grab_object"
}, {
	"destination": "P20",
	"object": "WerewolfFlower",
	"timestamp": "23:13:28",
	"type": "place_object"
}, {
	"node_path": "Control/DialogSystem_Main/Fn_Main/Gambler/Call_WaitForSubmittion",
	"timestamp": "23:13:30",
	"type": "dialog_node_start"
}, {
	"node_path": "Control/DialogSystem_Main/Fn_HandleEyeSubmittion",
	"timestamp": "23:13:30",
	"type": "dialog_node_start"
}, {
	"node_path": "Control/DialogSystem_Main/Fn_HandleEyeSubmittion/EnablePiedestalCollider",
	"timestamp": "23:13:30",
	"type": "dialog_node_start"
}, {
	"node_path": "Control/DialogSystem_Main/Fn_HandleEyeSubmittion/WaitForSubmission",
	"timestamp": "23:13:30",
	"type": "dialog_node_start"
}, {
	"object": "Irises2",
	"original_placement": "P8",
	"timestamp": "23:13:34",
	"type": "grab_object"
}, {
	"destination": "P8",
	"object": "Irises2",
	"timestamp": "23:13:35",
	"type": "place_object"
}, {
	"object": "Irises2",
	"original_placement": "P8",
	"timestamp": "23:13:35",
	"type": "grab_object"
}, {
	"destination": "MainShelf",
	"object": "Irises2",
	"timestamp": "23:13:36",
	"type": "place_object"
}, {
	"object": "Irises2",
	"original_placement": "MainShelf",
	"timestamp": "23:13:38",
	"type": "grab_object"
}, {
	"destination": "P8",
	"object": "Irises2",
	"timestamp": "23:13:38",
	"type": "place_object"
}, {
	"object": "Irises2",
	"original_placement": "P8",
	"timestamp": "23:13:39",
	"type": "grab_object"
}, {
	"destination": "P8",
	"object": "Irises2",
	"timestamp": "23:13:40",
	"type": "place_object"
}, {
	"object": "Irises2",
	"original_placement": "P8",
	"timestamp": "23:13:43",
	"type": "grab_object"
}, {
	"destination": "P8",
	"object": "Irises2",
	"timestamp": "23:13:44",
	"type": "place_object"
}, {
	"object": "Irises1",
	"original_placement": "P5",
	"timestamp": "23:13:46",
	"type": "grab_object"
}, {
	"destination": "MainShelf2",
	"object": "Irises1",
	"timestamp": "23:13:49",
	"type": "place_object"
}, {
	"object": "Irises1",
	"original_placement": "MainShelf2",
	"timestamp": "23:13:51",
	"type": "grab_object"
}, {
	"destination": "MainShelf",
	"object": "Irises1",
	"timestamp": "23:13:53",
	"type": "place_object"
}, {
	"object": "Irises1",
	"original_placement": "MainShelf",
	"timestamp": "23:13:54",
	"type": "grab_object"
}, {
	"destination": "P5",
	"object": "Irises1",
	"timestamp": "23:13:55",
	"type": "place_object"
}, {
	"part": "Eye3",
	"timestamp": "23:14:06",
	"type": "remove_part"
}, {
	"part": "Eye1",
	"timestamp": "23:14:12",
	"type": "add_part"
}, {
	"part": "Iris4",
	"timestamp": "23:14:15",
	"type": "add_part"
}, {
	"part": "Pupil1",
	"timestamp": "23:14:19",
	"type": "add_part"
}, {
	"part": "Iris5",
	"timestamp": "23:14:21",
	"type": "remove_part"
}, {
	"part": "Iris2",
	"timestamp": "23:14:23",
	"type": "add_part"
}, {
	"part": "Eyebrow3",
	"timestamp": "23:14:28",
	"type": "add_part"
}, {
	"eye_shape": "Eye1",
	"eyebrow": "Eyebrow3",
	"iris": "Iris2",
	"pupil": "Pupil1",
	"question_idx": 6,
	"timestamp": "23:14:29",
	"type": "submit_answer"
}, {
	"node_path": "Control/DialogSystem_Main/Fn_HandleEyeSubmittion/DisablePiedestalCollider",
	"timestamp": "23:14:29",
	"type": "dialog_node_start"
}, {
	"node_path": "Control/DialogSystem_Main/Fn_Main/Gambler/T_GiveMoney",
	"timestamp": "23:14:29",
	"type": "dialog_node_start"
}, {
	"node_path": "Control/DialogSystem_Main/Fn_Main/Gambler/AddMoney",
	"timestamp": "23:14:37",
	"type": "dialog_node_start"
}, {
	"amount": 6,
	"new_balance": 124,
	"original_balance": 118,
	"timestamp": "23:14:37",
	"type": "add_money"
}, {
	"node_path": "Control/DialogSystem_Main/Fn_Main/Gambler/HideFigure",
	"timestamp": "23:14:37",
	"type": "dialog_node_start"
}, {
	"object": "WerewolfFlower",
	"original_placement": "P20",
	"timestamp": "23:14:39",
	"type": "grab_object"
}, {
	"node_path": "Control/DialogSystem_Main/Fn_Main/PoorPeasant",
	"timestamp": "23:14:39",
	"type": "dialog_node_start"
}, {
	"node_path": "Control/DialogSystem_Main/Fn_Main/PoorPeasant/ShowFigure",
	"timestamp": "23:14:39",
	"type": "dialog_node_start"
}, {
	"destination": "P20",
	"object": "WerewolfFlower",
	"timestamp": "23:14:40",
	"type": "place_object"
}, {
	"object": "WerewolfFlower",
	"original_placement": "P20",
	"timestamp": "23:14:41",
	"type": "grab_object"
}, {
	"node_path": "Control/DialogSystem_Main/Fn_Main/PoorPeasant/Text",
	"timestamp": "23:14:41",
	"type": "dialog_node_start"
}, {
	"destination": "MainShelf2",
	"object": "WerewolfFlower",
	"timestamp": "23:14:42",
	"type": "place_object"
}, {
	"node_path": "Control/DialogSystem_Main/Fn_Main/PoorPeasant/Call_WaitForSubmittion",
	"timestamp": "23:14:47",
	"type": "dialog_node_start"
}, {
	"node_path": "Control/DialogSystem_Main/Fn_HandleEyeSubmittion",
	"timestamp": "23:14:47",
	"type": "dialog_node_start"
}, {
	"node_path": "Control/DialogSystem_Main/Fn_HandleEyeSubmittion/EnablePiedestalCollider",
	"timestamp": "23:14:47",
	"type": "dialog_node_start"
}, {
	"node_path": "Control/DialogSystem_Main/Fn_HandleEyeSubmittion/WaitForSubmission",
	"timestamp": "23:14:47",
	"type": "dialog_node_start"
}, {
	"part": "Eye1",
	"timestamp": "23:14:53",
	"type": "add_part"
}, {
	"part": "Iris2",
	"timestamp": "23:14:56",
	"type": "add_part"
}, {
	"part": "Pupil1",
	"timestamp": "23:14:59",
	"type": "add_part"
}, {
	"part": "Eyebrow1",
	"timestamp": "23:15:04",
	"type": "add_part"
}, {
	"eye_shape": "Eye1",
	"eyebrow": "Eyebrow1",
	"iris": "Iris2",
	"pupil": "Pupil1",
	"question_idx": 7,
	"timestamp": "23:15:06",
	"type": "submit_answer"
}, {
	"node_path": "Control/DialogSystem_Main/Fn_HandleEyeSubmittion/DisablePiedestalCollider",
	"timestamp": "23:15:06",
	"type": "dialog_node_start"
}, {
	"node_path": "Control/DialogSystem_Main/Fn_Main/PoorPeasant/T_GiveMoney",
	"timestamp": "23:15:06",
	"type": "dialog_node_start"
}, {
	"node_path": "Control/DialogSystem_Main/Fn_Main/PoorPeasant/AddMoney",
	"timestamp": "23:15:14",
	"type": "dialog_node_start"
}, {
	"amount": 3,
	"new_balance": 127,
	"original_balance": 124,
	"timestamp": "23:15:14",
	"type": "add_money"
}, {
	"node_path": "Control/DialogSystem_Main/Fn_Main/PoorPeasant/HideFigure",
	"timestamp": "23:15:14",
	"type": "dialog_node_start"
}, {
	"node_path": "Control/DialogSystem_Main/Fn_Main/Warlock",
	"timestamp": "23:15:16",
	"type": "dialog_node_start"
}, {
	"node_path": "Control/DialogSystem_Main/Fn_Main/Warlock/ShowFigure",
	"timestamp": "23:15:16",
	"type": "dialog_node_start"
}, {
	"node_path": "Control/DialogSystem_Main/Fn_Main/Warlock/Text",
	"timestamp": "23:15:18",
	"type": "dialog_node_start"
}, {
	"node_path": "Control/DialogSystem_Main/Fn_Main/Warlock/Call_WaitForSubmittion",
	"timestamp": "23:15:30",
	"type": "dialog_node_start"
}, {
	"node_path": "Control/DialogSystem_Main/Fn_HandleEyeSubmittion",
	"timestamp": "23:15:30",
	"type": "dialog_node_start"
}, {
	"node_path": "Control/DialogSystem_Main/Fn_HandleEyeSubmittion/EnablePiedestalCollider",
	"timestamp": "23:15:30",
	"type": "dialog_node_start"
}, {
	"node_path": "Control/DialogSystem_Main/Fn_HandleEyeSubmittion/WaitForSubmission",
	"timestamp": "23:15:30",
	"type": "dialog_node_start"
}, {
	"part": "Eye5",
	"timestamp": "23:15:38",
	"type": "add_part"
}, {
	"part": "Iris3",
	"timestamp": "23:15:44",
	"type": "add_part"
}, {
	"part": "Eye5",
	"timestamp": "23:15:46",
	"type": "remove_part"
}, {
	"part": "Eye2",
	"timestamp": "23:15:48",
	"type": "add_part"
}, {
	"part": "Pupil4",
	"timestamp": "23:15:54",
	"type": "add_part"
}, {
	"part": "Eyebrow6",
	"timestamp": "23:16:01",
	"type": "add_part"
}, {
	"eye_shape": "Eye2",
	"eyebrow": "Eyebrow6",
	"iris": "Iris3",
	"pupil": "Pupil4",
	"question_idx": 8,
	"timestamp": "23:16:03",
	"type": "submit_answer"
}, {
	"node_path": "Control/DialogSystem_Main/Fn_HandleEyeSubmittion/DisablePiedestalCollider",
	"timestamp": "23:16:03",
	"type": "dialog_node_start"
}, {
	"node_path": "Control/DialogSystem_Main/Fn_Main/Warlock/T_GiveMoney",
	"timestamp": "23:16:03",
	"type": "dialog_node_start"
}, {
	"node_path": "Control/DialogSystem_Main/Fn_Main/Warlock/AddMoney",
	"timestamp": "23:16:09",
	"type": "dialog_node_start"
}, {
	"amount": 66,
	"new_balance": 193,
	"original_balance": 127,
	"timestamp": "23:16:09",
	"type": "add_money"
}, {
	"node_path": "Control/DialogSystem_Main/Fn_Main/Warlock/HideFigure",
	"timestamp": "23:16:09",
	"type": "dialog_node_start"
}, {
	"node_path": "Control/DialogSystem_Main/Fn_Main/BookEnjoyer",
	"timestamp": "23:16:11",
	"type": "dialog_node_start"
}, {
	"node_path": "Control/DialogSystem_Main/Fn_Main/BookEnjoyer/ShowFigure",
	"timestamp": "23:16:11",
	"type": "dialog_node_start"
}, {
	"node_path": "Control/DialogSystem_Main/Fn_Main/BookEnjoyer/Text",
	"timestamp": "23:16:13",
	"type": "dialog_node_start"
}, {
	"node_path": "Control/DialogSystem_Main/Fn_Main/BookEnjoyer/Call_WaitForSubmittion",
	"timestamp": "23:16:21",
	"type": "dialog_node_start"
}, {
	"node_path": "Control/DialogSystem_Main/Fn_HandleEyeSubmittion",
	"timestamp": "23:16:21",
	"type": "dialog_node_start"
}, {
	"node_path": "Control/DialogSystem_Main/Fn_HandleEyeSubmittion/EnablePiedestalCollider",
	"timestamp": "23:16:21",
	"type": "dialog_node_start"
}, {
	"node_path": "Control/DialogSystem_Main/Fn_HandleEyeSubmittion/WaitForSubmission",
	"timestamp": "23:16:21",
	"type": "dialog_node_start"
}, {
	"part": "Iris5",
	"timestamp": "23:16:28",
	"type": "add_part"
}, {
	"part": "Eye3",
	"timestamp": "23:16:31",
	"type": "add_part"
}, {
	"part": "Pupil3",
	"timestamp": "23:16:35",
	"type": "remove_part"
}, {
	"part": "Pupil2",
	"timestamp": "23:16:37",
	"type": "add_part"
}, {
	"part": "Eyebrow2",
	"timestamp": "23:16:39",
	"type": "add_part"
}, {
	"eye_shape": "Eye3",
	"eyebrow": "Eyebrow2",
	"iris": "Iris5",
	"pupil": "Pupil2",
	"question_idx": 9,
	"timestamp": "23:16:41",
	"type": "submit_answer"
}, {
	"node_path": "Control/DialogSystem_Main/Fn_HandleEyeSubmittion/DisablePiedestalCollider",
	"timestamp": "23:16:41",
	"type": "dialog_node_start"
}, {
	"node_path": "Control/DialogSystem_Main/Fn_Main/BookEnjoyer/T_GiveMoney",
	"timestamp": "23:16:41",
	"type": "dialog_node_start"
}, {
	"node_path": "Control/DialogSystem_Main/Fn_Main/BookEnjoyer/AddMoney",
	"timestamp": "23:16:51",
	"type": "dialog_node_start"
}, {
	"amount": 14,
	"new_balance": 207,
	"original_balance": 193,
	"timestamp": "23:16:51",
	"type": "add_money"
}, {
	"node_path": "Control/DialogSystem_Main/Fn_Main/BookEnjoyer/HideFigure",
	"timestamp": "23:16:51",
	"type": "dialog_node_start"
}, {
	"node_path": "Control/DialogSystem_Main/Fn_Main/FormerVizier",
	"timestamp": "23:16:53",
	"type": "dialog_node_start"
}, {
	"node_path": "Control/DialogSystem_Main/Fn_Main/FormerVizier/ShowFigure",
	"timestamp": "23:16:53",
	"type": "dialog_node_start"
}, {
	"node_path": "Control/DialogSystem_Main/Fn_Main/FormerVizier/Text",
	"timestamp": "23:16:55",
	"type": "dialog_node_start"
}, {
	"object": "Potion4",
	"original_placement": "<nil>",
	"timestamp": "23:17:03",
	"type": "grab_object"
}, {
	"balance_before_purchase": 207,
	"price": 150,
	"timestamp": "23:17:03",
	"type": "purchase",
	"what": "Potion4"
}, {
	"destination": "P9",
	"object": "Potion4",
	"timestamp": "23:17:04",
	"type": "place_object"
}, {
	"node_path": "Control/DialogSystem_Main/Fn_Main/FormerVizier/Call_WaitForSubmittion",
	"timestamp": "23:17:06",
	"type": "dialog_node_start"
}, {
	"node_path": "Control/DialogSystem_Main/Fn_HandleEyeSubmittion",
	"timestamp": "23:17:06",
	"type": "dialog_node_start"
}, {
	"node_path": "Control/DialogSystem_Main/Fn_HandleEyeSubmittion/EnablePiedestalCollider",
	"timestamp": "23:17:06",
	"type": "dialog_node_start"
}, {
	"node_path": "Control/DialogSystem_Main/Fn_HandleEyeSubmittion/WaitForSubmission",
	"timestamp": "23:17:06",
	"type": "dialog_node_start"
}, {
	"object": "Potion4",
	"original_placement": "P9",
	"timestamp": "23:17:11",
	"type": "grab_object"
}, {
	"destination": "P13",
	"object": "Potion4",
	"timestamp": "23:17:12",
	"type": "place_object"
}, {
	"part": "Eye2",
	"timestamp": "23:17:29",
	"type": "add_part"
}, {
	"part": "Iris5",
	"timestamp": "23:17:31",
	"type": "add_part"
}, {
	"part": "Eye5",
	"timestamp": "23:17:34",
	"type": "add_part"
}, {
	"part": "Eye6",
	"timestamp": "23:17:37",
	"type": "add_part"
}, {
	"part": "Pupil4",
	"timestamp": "23:17:40",
	"type": "remove_part"
}, {
	"part": "Pupil5",
	"timestamp": "23:17:43",
	"type": "add_part"
}, {
	"part": "Eyebrow5",
	"timestamp": "23:17:47",
	"type": "add_part"
}, {
	"eye_shape": "Eye6",
	"eyebrow": "Eyebrow5",
	"iris": "Iris5",
	"pupil": "Pupil5",
	"question_idx": 10,
	"timestamp": "23:17:48",
	"type": "submit_answer"
}, {
	"node_path": "Control/DialogSystem_Main/Fn_HandleEyeSubmittion/DisablePiedestalCollider",
	"timestamp": "23:17:48",
	"type": "dialog_node_start"
}, {
	"node_path": "Control/DialogSystem_Main/Fn_Main/FormerVizier/T_GiveMoney",
	"timestamp": "23:17:48",
	"type": "dialog_node_start"
}, {
	"object": "Potion4",
	"original_placement": "P13",
	"timestamp": "23:17:56",
	"type": "grab_object"
}, {
	"destination": "P13",
	"object": "Potion4",
	"timestamp": "23:17:56",
	"type": "place_object"
}, {
	"node_path": "Control/DialogSystem_Main/Fn_Main/FormerVizier/AddMoney",
	"timestamp": "23:17:57",
	"type": "dialog_node_start"
}, {
	"amount": 25,
	"new_balance": 82,
	"original_balance": 57,
	"timestamp": "23:17:57",
	"type": "add_money"
}, {
	"node_path": "Control/DialogSystem_Main/Fn_Main/FormerVizier/HideFigure",
	"timestamp": "23:17:57",
	"type": "dialog_node_start"
}, {
	"object": "Potion4",
	"original_placement": "P13",
	"timestamp": "23:17:57",
	"type": "grab_object"
}, {
	"destination": "P13",
	"object": "Potion4",
	"timestamp": "23:17:58",
	"type": "place_object"
}, {
	"object": "Potion4",
	"original_placement": "P13",
	"timestamp": "23:17:58",
	"type": "grab_object"
}, {
	"destination": "P13",
	"object": "Potion4",
	"timestamp": "23:17:58",
	"type": "place_object"
}, {
	"node_path": "Control/DialogSystem_Main/Fn_Main/MadScientist",
	"timestamp": "23:17:59",
	"type": "dialog_node_start"
}, {
	"node_path": "Control/DialogSystem_Main/Fn_Main/MadScientist/ShowFigure",
	"timestamp": "23:17:59",
	"type": "dialog_node_start"
}, {
	"object": "Potion4",
	"original_placement": "P13",
	"timestamp": "23:17:59",
	"type": "grab_object"
}, {
	"destination": "P13",
	"object": "Potion4",
	"timestamp": "23:17:59",
	"type": "place_object"
}, {
	"object": "Potion4",
	"original_placement": "P13",
	"timestamp": "23:17:59",
	"type": "grab_object"
}, {
	"destination": "P13",
	"object": "Potion4",
	"timestamp": "23:18:00",
	"type": "place_object"
}, {
	"object": "Potion4",
	"original_placement": "P13",
	"timestamp": "23:18:01",
	"type": "grab_object"
}, {
	"node_path": "Control/DialogSystem_Main/Fn_Main/MadScientist/Text",
	"timestamp": "23:18:01",
	"type": "dialog_node_start"
}, {
	"destination": "P13",
	"object": "Potion4",
	"timestamp": "23:18:01",
	"type": "place_object"
}, {
	"object": "Potion4",
	"original_placement": "P13",
	"timestamp": "23:18:02",
	"type": "grab_object"
}, {
	"destination": "P12",
	"object": "Potion4",
	"timestamp": "23:18:03",
	"type": "place_object"
}, {
	"node_path": "Control/DialogSystem_Main/Fn_Main/MadScientist/Call_WaitForSubmittion",
	"timestamp": "23:18:12",
	"type": "dialog_node_start"
}, {
	"node_path": "Control/DialogSystem_Main/Fn_HandleEyeSubmittion",
	"timestamp": "23:18:12",
	"type": "dialog_node_start"
}, {
	"node_path": "Control/DialogSystem_Main/Fn_HandleEyeSubmittion/EnablePiedestalCollider",
	"timestamp": "23:18:12",
	"type": "dialog_node_start"
}, {
	"node_path": "Control/DialogSystem_Main/Fn_HandleEyeSubmittion/WaitForSubmission",
	"timestamp": "23:18:12",
	"type": "dialog_node_start"
}, {
	"part": "Eye1",
	"timestamp": "23:18:21",
	"type": "add_part"
}, {
	"part": "Iris6",
	"timestamp": "23:18:22",
	"type": "add_part"
}, {
	"part": "Pupil1",
	"timestamp": "23:18:24",
	"type": "add_part"
}, {
	"part": "Eyebrow2",
	"timestamp": "23:18:27",
	"type": "add_part"
}, {
	"eye_shape": "Eye1",
	"eyebrow": "Eyebrow2",
	"iris": "Iris6",
	"pupil": "Pupil1",
	"question_idx": 11,
	"timestamp": "23:18:28",
	"type": "submit_answer"
}, {
	"node_path": "Control/DialogSystem_Main/Fn_HandleEyeSubmittion/DisablePiedestalCollider",
	"timestamp": "23:18:28",
	"type": "dialog_node_start"
}, {
	"node_path": "Control/DialogSystem_Main/Fn_Main/MadScientist/T_GivePotion",
	"timestamp": "23:18:28",
	"type": "dialog_node_start"
}, {
	"node_path": "Control/DialogSystem_Main/Fn_Main/MadScientist/GivePotion",
	"timestamp": "23:18:41",
	"type": "dialog_node_start"
}, {
	"node_path": "Control/DialogSystem_Main/Fn_Main/MadScientist/HideFigure",
	"timestamp": "23:18:42",
	"type": "dialog_node_start"
}, {
	"object": "Potion",
	"original_placement": "P6",
	"timestamp": "23:18:43",
	"type": "grab_object"
}, {
	"destination": "P6",
	"object": "Potion",
	"timestamp": "23:18:43",
	"type": "place_object"
}, {
	"object": "Potion",
	"original_placement": "P6",
	"timestamp": "23:18:43",
	"type": "grab_object"
}, {
	"node_path": "Control/DialogSystem_Main/Fn_Main/Archmage",
	"timestamp": "23:18:44",
	"type": "dialog_node_start"
}, {
	"node_path": "Control/DialogSystem_Main/Fn_Main/Archmage/ShowFigure",
	"timestamp": "23:18:44",
	"type": "dialog_node_start"
}, {
	"destination": "P18",
	"object": "Potion",
	"timestamp": "23:18:45",
	"type": "place_object"
}, {
	"object": "Potion",
	"original_placement": "P18",
	"timestamp": "23:18:47",
	"type": "grab_object"
}, {
	"destination": "P12",
	"object": "Potion",
	"timestamp": "23:18:48",
	"type": "place_object"
}, {
	"object": "Potion",
	"original_placement": "P12",
	"timestamp": "23:18:49",
	"type": "grab_object"
}, {
	"destination": "P12",
	"object": "Potion",
	"timestamp": "23:18:50",
	"type": "place_object"
}, {
	"node_path": "Control/DialogSystem_Main/Fn_Main/Archmage/Text",
	"timestamp": "23:18:50",
	"type": "dialog_node_start"
}, {
	"object": "Potion",
	"original_placement": "P12",
	"timestamp": "23:18:50",
	"type": "grab_object"
}, {
	"destination": "P12",
	"object": "Potion",
	"timestamp": "23:18:50",
	"type": "place_object"
}, {
	"object": "Potion",
	"original_placement": "P12",
	"timestamp": "23:18:51",
	"type": "grab_object"
}, {
	"destination": "P12",
	"object": "Potion",
	"timestamp": "23:18:51",
	"type": "place_object"
}, {
	"object": "Potion",
	"original_placement": "P12",
	"timestamp": "23:18:51",
	"type": "grab_object"
}, {
	"destination": "P12",
	"object": "Potion",
	"timestamp": "23:18:52",
	"type": "place_object"
}, {
	"object": "Potion4",
	"original_placement": "P12",
	"timestamp": "23:18:57",
	"type": "grab_object"
}, {
	"destination": "MainShelf",
	"object": "Potion4",
	"timestamp": "23:18:58",
	"type": "place_object"
}, {
	"object": "Potion4",
	"original_placement": "MainShelf",
	"timestamp": "23:19:00",
	"type": "grab_object"
}, {
	"node_path": "Control/DialogSystem_Main/Fn_Main/Archmage/Call_WaitForSubmittion",
	"timestamp": "23:19:00",
	"type": "dialog_node_start"
}, {
	"node_path": "Control/DialogSystem_Main/Fn_HandleEyeSubmittion",
	"timestamp": "23:19:00",
	"type": "dialog_node_start"
}, {
	"node_path": "Control/DialogSystem_Main/Fn_HandleEyeSubmittion/EnablePiedestalCollider",
	"timestamp": "23:19:00",
	"type": "dialog_node_start"
}, {
	"node_path": "Control/DialogSystem_Main/Fn_HandleEyeSubmittion/WaitForSubmission",
	"timestamp": "23:19:00",
	"type": "dialog_node_start"
}, {
	"destination": "P12",
	"object": "Potion4",
	"timestamp": "23:19:01",
	"type": "place_object"
}, {
	"part": "Iris4",
	"timestamp": "23:19:03",
	"type": "remove_part"
}, {
	"part": "Iris1",
	"timestamp": "23:19:04",
	"type": "add_part"
}, {
	"part": "Eye3",
	"timestamp": "23:19:06",
	"type": "add_part"
}, {
	"part": "Pupil6",
	"timestamp": "23:19:10",
	"type": "add_part"
}, {
	"part": "Eyebrow3",
	"timestamp": "23:19:13",
	"type": "add_part"
}, {
	"part": "Eye3",
	"timestamp": "23:19:14",
	"type": "remove_part"
}, {
	"part": "Eye2",
	"timestamp": "23:19:16",
	"type": "remove_part"
}, {
	"part": "Eye4",
	"timestamp": "23:19:18",
	"type": "add_part"
}, {
	"eye_shape": "Eye4",
	"eyebrow": "Eyebrow3",
	"iris": "Iris1",
	"pupil": "Pupil6",
	"question_idx": 12,
	"timestamp": "23:19:23",
	"type": "submit_answer"
}, {
	"node_path": "Control/DialogSystem_Main/Fn_HandleEyeSubmittion/DisablePiedestalCollider",
	"timestamp": "23:19:23",
	"type": "dialog_node_start"
}, {
	"node_path": "Control/DialogSystem_Main/Fn_Main/Archmage/T_GiveMoney",
	"timestamp": "23:19:23",
	"type": "dialog_node_start"
}, {
	"node_path": "Control/DialogSystem_Main/Fn_Main/Archmage/AddMoney",
	"timestamp": "23:19:33",
	"type": "dialog_node_start"
}, {
	"amount": 80,
	"new_balance": 162,
	"original_balance": 82,
	"timestamp": "23:19:33",
	"type": "add_money"
}, {
	"node_path": "Control/DialogSystem_Main/Fn_Main/Archmage/HideFigure",
	"timestamp": "23:19:33",
	"type": "dialog_node_start"
}, {
	"node_path": "Control/DialogSystem_Main/Fn_Main/Scared",
	"timestamp": "23:19:34",
	"type": "dialog_node_start"
}, {
	"node_path": "Control/DialogSystem_Main/Fn_Main/Scared/ShowFigure",
	"timestamp": "23:19:34",
	"type": "dialog_node_start"
}, {
	"node_path": "Control/DialogSystem_Main/Fn_Main/Scared/Text",
	"timestamp": "23:19:40",
	"type": "dialog_node_start"
}, {
	"node_path": "Control/DialogSystem_Main/Fn_Main/Scared/Call_WaitForSubmittion",
	"timestamp": "23:19:46",
	"type": "dialog_node_start"
}, {
	"node_path": "Control/DialogSystem_Main/Fn_HandleEyeSubmittion",
	"timestamp": "23:19:46",
	"type": "dialog_node_start"
}, {
	"node_path": "Control/DialogSystem_Main/Fn_HandleEyeSubmittion/EnablePiedestalCollider",
	"timestamp": "23:19:46",
	"type": "dialog_node_start"
}, {
	"node_path": "Control/DialogSystem_Main/Fn_HandleEyeSubmittion/WaitForSubmission",
	"timestamp": "23:19:46",
	"type": "dialog_node_start"
}, {
	"part": "Eye2",
	"timestamp": "23:19:52",
	"type": "add_part"
}, {
	"part": "Iris6",
	"timestamp": "23:19:53",
	"type": "add_part"
}, {
	"part": "Pupil1",
	"timestamp": "23:19:55",
	"type": "add_part"
}, {
	"part": "Eyebrow1",
	"timestamp": "23:19:57",
	"type": "add_part"
}, {
	"eye_shape": "Eye2",
	"eyebrow": "Eyebrow1",
	"iris": "Iris6",
	"pupil": "Pupil1",
	"question_idx": 13,
	"timestamp": "23:20:00",
	"type": "submit_answer"
}, {
	"node_path": "Control/DialogSystem_Main/Fn_HandleEyeSubmittion/DisablePiedestalCollider",
	"timestamp": "23:20:00",
	"type": "dialog_node_start"
}, {
	"node_path": "Control/DialogSystem_Main/Fn_Main/Scared/T_GiveMoney",
	"timestamp": "23:20:00",
	"type": "dialog_node_start"
}, {
	"part": "Iris5",
	"timestamp": "23:20:07",
	"type": "add_part"
}, {
	"node_path": "Control/DialogSystem_Main/Fn_Main/Scared/AddMoney",
	"timestamp": "23:20:08",
	"type": "dialog_node_start"
}, {
	"amount": 20,
	"new_balance": 182,
	"original_balance": 162,
	"timestamp": "23:20:08",
	"type": "add_money"
}, {
	"node_path": "Control/DialogSystem_Main/Fn_Main/Scared/HideFigure",
	"timestamp": "23:20:08",
	"type": "dialog_node_start"
}, {
	"node_path": "Control/DialogSystem_Main/Fn_Main/Wait",
	"timestamp": "23:20:09",
	"type": "dialog_node_start"
}, {
	"part": "Eyebrow2",
	"timestamp": "23:20:09",
	"type": "add_part"
}, {
	"part": "Eye2",
	"timestamp": "23:20:12",
	"type": "add_part"
}, {
	"node_path": "Control/DialogSystem_Main/Fn_Main/FadeOut",
	"timestamp": "23:20:14",
	"type": "dialog_node_start"
}, {
	"part": "Pupil3",
	"timestamp": "23:20:14",
	"type": "add_part"
}, {
	"node_path": "Control/DialogSystem_Main/Fn_Main/Transition",
	"timestamp": "23:20:16",
	"type": "dialog_node_start"
}, {
	"node_path": "IntroText/DialogSystem_Outro/Fn_Main",
	"timestamp": "23:20:17",
	"type": "dialog_node_start"
}, {
	"node_path": "IntroText/DialogSystem_Outro/Fn_Main/TextReset",
	"timestamp": "23:20:17",
	"type": "dialog_node_start"
}, {
	"node_path": "IntroText/DialogSystem_Outro/Fn_Main/FadeOut",
	"timestamp": "23:20:17",
	"type": "dialog_node_start"
}, {
	"node_path": "IntroText/DialogSystem_Outro/Fn_Main/PrintText",
	"timestamp": "23:20:19",
	"type": "dialog_node_start"
}, {
	"node_path": "IntroText/DialogSystem_Outro/Fn_Text",
	"timestamp": "23:20:19",
	"type": "dialog_node_start"
}, {
	"node_path": "IntroText/DialogSystem_Outro/Fn_Text/Text",
	"timestamp": "23:20:19",
	"type": "dialog_node_start"
}, {
	"node_path": "IntroText/DialogSystem_Outro/Fn_Text/Text2",
	"timestamp": "23:20:26",
	"type": "dialog_node_start"
}, {
	"node_path": "IntroText/DialogSystem_Outro/Fn_Text/Text4",
	"timestamp": "23:20:30",
	"type": "dialog_node_start"
}, {
	"node_path": "IntroText/DialogSystem_Outro/Fn_Text/Text5",
	"timestamp": "23:20:33",
	"type": "dialog_node_start"
}, {
	"node_path": "IntroText/DialogSystem_Outro/Fn_Text/Text6",
	"timestamp": "23:20:36",
	"type": "dialog_node_start"
}, {
	"node_path": "IntroText/DialogSystem_Outro/Fn_Text/Text7",
	"timestamp": "23:20:38",
	"type": "dialog_node_start"
}, {
	"node_path": "IntroText/DialogSystem_Outro/Fn_Text/Text8",
	"timestamp": "23:20:40",
	"type": "dialog_node_start"
}, {
	"node_path": "IntroText/DialogSystem_Outro/Fn_Text/OnWeb",
	"timestamp": "23:20:42",
	"type": "dialog_node_start"
}, {
	"node_path": "IntroText/DialogSystem_Outro/Fn_Text/OnWeb/Text10",
	"timestamp": "23:20:42",
	"type": "dialog_node_start"
}, {
	"node_path": "IntroText/DialogSystem_Outro/Fn_Text/OnWeb/DoExportTheLog",
	"timestamp": "23:20:55",
	"type": "dialog_node_start"
}, {
	"node_path": "IntroText/DialogSystem_Outro/Fn_Text/OnWeb/ShowExportButton",
	"timestamp": "23:20:55",
	"type": "dialog_node_start"
}, {
	"node_path": "IntroText/DialogSystem_Outro/Fn_Text/OnNonWeb",
	"timestamp": "23:20:55",
	"type": "dialog_node_start"
}]