[{
	"id": "7624581611873258796",
	"timestamp": "17:50:37",
	"type": "user_id"
}, {
	"node_path": "Control/DialogSystem_FirstScreen/Fn_Main",
	"timestamp": "17:50:37",
	"type": "dialog_node_start"
}, {
	"node_path": "Control/DialogSystem_FirstScreen/Fn_Main/Condition",
	"timestamp": "17:50:37",
	"type": "dialog_node_start"
}, {
	"node_path": "Control/DialogSystem_FirstScreen/Fn_Main/Condition/FadeOut",
	"timestamp": "17:50:37",
	"type": "dialog_node_start"
}, {
	"node_path": "Control/DialogSystem_FirstScreen/Fn_Main/WaitForButton",
	"timestamp": "17:50:42",
	"type": "dialog_node_start"
}, {
	"node_path": "Control/DialogSystem_FirstScreen/Fn_Main/ThunderSound",
	"timestamp": "17:50:57",
	"type": "dialog_node_start"
}, {
	"node_path": "Control/DialogSystem_FirstScreen/Fn_Main/FadeIn",
	"timestamp": "17:50:57",
	"type": "dialog_node_start"
}, {
	"node_path": "Control/DialogSystem_FirstScreen/Fn_Main/Transition",
	"timestamp": "17:51:00",
	"type": "dialog_node_start"
}, {
	"node_path": "IntroText/DialogSystem_Intro/Fn_Main",
	"timestamp": "17:51:00",
	"type": "dialog_node_start"
}, {
	"node_path": "IntroText/DialogSystem_Intro/Fn_Main/TextReset",
	"timestamp": "17:51:00",
	"type": "dialog_node_start"
}, {
	"node_path": "IntroText/DialogSystem_Intro/Fn_Main/FadeOut",
	"timestamp": "17:51:01",
	"type": "dialog_node_start"
}, {
	"node_path": "IntroText/DialogSystem_Intro/Fn_Main/StartMusic",
	"timestamp": "17:51:03",
	"type": "dialog_node_start"
}, {
	"node_path": "IntroText/DialogSystem_Intro/Fn_Main/PrintText",
	"timestamp": "17:51:04",
	"type": "dialog_node_start"
}, {
	"node_path": "IntroText/DialogSystem_Intro/Fn_Text",
	"timestamp": "17:51:04",
	"type": "dialog_node_start"
}, {
	"node_path": "IntroText/DialogSystem_Intro/Fn_Text/Part1",
	"timestamp": "17:51:04",
	"type": "dialog_node_start"
}, {
	"node_path": "IntroText/DialogSystem_Intro/Fn_Text/Part1/ShowImg1",
	"timestamp": "17:51:04",
	"type": "dialog_node_start"
}, {
	"node_path": "IntroText/DialogSystem_Intro/Fn_Text/Part1/Text",
	"timestamp": "17:51:04",
	"type": "dialog_node_start"
}, {
	"node_path": "IntroText/DialogSystem_Intro/Fn_Text/Part1/Text2",
	"timestamp": "17:51:20",
	"type": "dialog_node_start"
}, {
	"node_path": "IntroText/DialogSystem_Intro/Fn_Text/Part1/Text3",
	"timestamp": "17:51:37",
	"type": "dialog_node_start"
}, {
	"node_path": "IntroText/DialogSystem_Intro/Fn_Text/Part1/Text4",
	"timestamp": "17:51:44",
	"type": "dialog_node_start"
}, {
	"node_path": "IntroText/DialogSystem_Intro/Fn_Text/Part1/HideImg1",
	"timestamp": "17:51:48",
	"type": "dialog_node_start"
}, {
	"node_path": "IntroText/DialogSystem_Intro/Fn_Text/Part2",
	"timestamp": "17:51:48",
	"type": "dialog_node_start"
}, {
	"node_path": "IntroText/DialogSystem_Intro/Fn_Text/Part2/ShowImg2",
	"timestamp": "17:51:48",
	"type": "dialog_node_start"
}, {
	"node_path": "IntroText/DialogSystem_Intro/Fn_Text/Part2/Text5",
	"timestamp": "17:51:48",
	"type": "dialog_node_start"
}, {
	"node_path": "IntroText/DialogSystem_Intro/Fn_Text/Part2/Text6",
	"timestamp": "17:52:47",
	"type": "dialog_node_start"
}, {
	"node_path": "IntroText/DialogSystem_Intro/Fn_Text/Part2/Text7",
	"timestamp": "17:53:02",
	"type": "dialog_node_start"
}, {
	"node_path": "IntroText/DialogSystem_Intro/Fn_Text/Part2/Text8",
	"timestamp": "17:53:08",
	"type": "dialog_node_start"
}, {
	"node_path": "IntroText/DialogSystem_Intro/Fn_Text/Part2/Text9",
	"timestamp": "17:53:15",
	"type": "dialog_node_start"
}, {
	"node_path": "IntroText/DialogSystem_Intro/Fn_Text/Part2/HideImg2",
	"timestamp": "17:53:22",
	"type": "dialog_node_start"
}, {
	"node_path": "IntroText/DialogSystem_Intro/Fn_Text/Part3",
	"timestamp": "17:53:22",
	"type": "dialog_node_start"
}, {
	"node_path": "IntroText/DialogSystem_Intro/Fn_Text/Part3/ClearText",
	"timestamp": "17:53:22",
	"type": "dialog_node_start"
}, {
	"node_path": "IntroText/DialogSystem_Intro/Fn_Text/Part3/Wait",
	"timestamp": "17:53:22",
	"type": "dialog_node_start"
}, {
	"node_path": "IntroText/DialogSystem_Intro/Fn_Text/Part3/Text10",
	"timestamp": "17:53:26",
	"type": "dialog_node_start"
}, {
	"node_path": "IntroText/DialogSystem_Intro/Fn_Text/Part3/Text11",
	"timestamp": "17:53:31",
	"type": "dialog_node_start"
}, {
	"node_path": "IntroText/DialogSystem_Intro/Fn_Text/Part3/Text12",
	"timestamp": "17:53:34",
	"type": "dialog_node_start"
}, {
	"node_path": "IntroText/DialogSystem_Intro/Fn_Text/Part3/Text13",
	"timestamp": "17:53:36",
	"type": "dialog_node_start"
}, {
	"node_path": "IntroText/DialogSystem_Intro/Fn_Text/HideTheDot",
	"timestamp": "17:53:39",
	"type": "dialog_node_start"
}, {
	"node_path": "IntroText/DialogSystem_Intro/Fn_Main/FadeIn",
	"timestamp": "17:53:40",
	"type": "dialog_node_start"
}, {
	"node_path": "IntroText/DialogSystem_Intro/Fn_Main/Transition",
	"timestamp": "17:53:43",
	"type": "dialog_node_start"
}, {
	"node_path": "Control/DialogSystem_Main/Fn_Main",
	"timestamp": "17:53:43",
	"type": "dialog_node_start"
}, {
	"node_path": "Control/DialogSystem_Main/Fn_Main/FadeIn",
	"timestamp": "17:53:43",
	"type": "dialog_node_start"
}, {
	"node_path": "Control/DialogSystem_Main/Fn_Main/Tutorial",
	"timestamp": "17:53:45",
	"type": "dialog_node_start"
}, {
	"node_path": "Control/DialogSystem_Main/Fn_Main/Tutorial/ShowFigure",
	"timestamp": "17:53:45",
	"type": "dialog_node_start"
}, {
	"node_path": "Control/DialogSystem_Main/Fn_Main/Tutorial/Text",
	"timestamp": "17:53:47",
	"type": "dialog_node_start"
}, {
	"node_path": "Control/DialogSystem_Main/Fn_Main/Tutorial/Call_WaitForSubmittion",
	"timestamp": "17:53:58",
	"type": "dialog_node_start"
}, {
	"node_path": "Control/DialogSystem_Main/Fn_HandleEyeSubmittion",
	"timestamp": "17:53:58",
	"type": "dialog_node_start"
}, {
	"node_path": "Control/DialogSystem_Main/Fn_HandleEyeSubmittion/EnablePiedestalCollider",
	"timestamp": "17:53:58",
	"type": "dialog_node_start"
}, {
	"node_path": "Control/DialogSystem_Main/Fn_HandleEyeSubmittion/WaitForSubmission",
	"timestamp": "17:53:58",
	"type": "dialog_node_start"
}, {
	"part": "Eye5",
	"timestamp": "17:54:03",
	"type": "remove_part"
}, {
	"part": "Eye4",
	"timestamp": "17:54:06",
	"type": "remove_part"
}, {
	"part": "Eye4",
	"timestamp": "17:54:08",
	"type": "add_part"
}, {
	"part": "Eye2",
	"timestamp": "17:54:13",
	"type": "add_part"
}, {
	"part": "Eyebrow1",
	"timestamp": "17:54:17",
	"type": "add_part"
}, {
	"part": "Pupil2",
	"timestamp": "17:54:25",
	"type": "add_part"
}, {
	"part": "Pupil5",
	"timestamp": "17:54:28",
	"type": "add_part"
}, {
	"part": "Iris3",
	"timestamp": "17:54:33",
	"type": "add_part"
}, {
	"part": "Pupil6",
	"timestamp": "17:54:38",
	"type": "add_part"
}, {
	"part": "Iris2",
	"timestamp": "17:54:41",
	"type": "add_part"
}, {
	"part": "Eye1",
	"timestamp": "17:54:43",
	"type": "add_part"
}, {
	"part": "Eye1",
	"timestamp": "17:54:48",
	"type": "add_part"
}, {
	"part": "Eye1",
	"timestamp": "17:54:53",
	"type": "add_part"
}, {
	"eye_shape": "Eye1",
	"eyebrow": "Eyebrow1",
	"iris": "Iris2",
	"pupil": "Pupil6",
	"question_idx": 0,
	"timestamp": "17:54:58",
	"type": "submit_answer"
}, {
	"node_path": "Control/DialogSystem_Main/Fn_HandleEyeSubmittion/DisablePiedestalCollider",
	"timestamp": "17:54:58",
	"type": "dialog_node_start"
}, {
	"node_path": "Control/DialogSystem_Main/Fn_Main/Tutorial/T_GiveMoney",
	"timestamp": "17:54:58",
	"type": "dialog_node_start"
}, {
	"node_path": "Control/DialogSystem_Main/Fn_Main/Tutorial/AddMoney",
	"timestamp": "17:55:04",
	"type": "dialog_node_start"
}, {
	"amount": 11,
	"new_balance": 21,
	"original_balance": 10,
	"timestamp": "17:55:04",
	"type": "add_money"
}, {
	"node_path": "Control/DialogSystem_Main/Fn_Main/Tutorial/HideFigure",
	"timestamp": "17:55:04",
	"type": "dialog_node_start"
}, {
	"node_path": "Control/DialogSystem_Main/Fn_Main/Tutorial2",
	"timestamp": "17:55:06",
	"type": "dialog_node_start"
}, {
	"node_path": "Control/DialogSystem_Main/Fn_Main/Tutorial2/ShowFigure",
	"timestamp": "17:55:06",
	"type": "dialog_node_start"
}, {
	"node_path": "Control/DialogSystem_Main/Fn_Main/Tutorial2/Text",
	"timestamp": "17:55:08",
	"type": "dialog_node_start"
}, {
	"node_path": "Control/DialogSystem_Main/Fn_Main/Tutorial2/Call_WaitForSubmittion",
	"timestamp": "17:55:16",
	"type": "dialog_node_start"
}, {
	"node_path": "Control/DialogSystem_Main/Fn_HandleEyeSubmittion",
	"timestamp": "17:55:16",
	"type": "dialog_node_start"
}, {
	"node_path": "Control/DialogSystem_Main/Fn_HandleEyeSubmittion/EnablePiedestalCollider",
	"timestamp": "17:55:16",
	"type": "dialog_node_start"
}, {
	"node_path": "Control/DialogSystem_Main/Fn_HandleEyeSubmittion/WaitForSubmission",
	"timestamp": "17:55:16",
	"type": "dialog_node_start"
}, {
	"part": "Iris1",
	"timestamp": "17:55:19",
	"type": "add_part"
}, {
	"part": "Eye2",
	"timestamp": "17:55:20",
	"type": "add_part"
}, {
	"part": "Iris6",
	"timestamp": "17:55:25",
	"type": "add_part"
}, {
	"part": "Pupil1",
	"timestamp": "17:55:26",
	"type": "remove_part"
}, {
	"part": "Pupil3",
	"timestamp": "17:55:27",
	"type": "remove_part"
}, {
	"part": "Pupil5",
	"timestamp": "17:55:29",
	"type": "add_part"
}, {
	"part": "Eyebrow4",
	"timestamp": "17:55:32",
	"type": "remove_part"
}, {
	"part": "Eyebrow4",
	"timestamp": "17:55:33",
	"type": "add_part"
}, {
	"part": "Eyebrow5",
	"timestamp": "17:55:35",
	"type": "add_part"
}, {
	"eye_shape": "Eye2",
	"eyebrow": "Eyebrow5",
	"iris": "Iris6",
	"pupil": "Pupil5",
	"question_idx": 1,
	"timestamp": "17:55:36",
	"type": "submit_answer"
}, {
	"node_path": "Control/DialogSystem_Main/Fn_HandleEyeSubmittion/DisablePiedestalCollider",
	"timestamp": "17:55:36",
	"type": "dialog_node_start"
}, {
	"node_path": "Control/DialogSystem_Main/Fn_Main/Tutorial2/T_GiveMoney",
	"timestamp": "17:55:36",
	"type": "dialog_node_start"
}, {
	"node_path": "Control/DialogSystem_Main/Fn_Main/Tutorial2/AddMoney",
	"timestamp": "17:55:50",
	"type": "dialog_node_start"
}, {
	"amount": 35,
	"new_balance": 56,
	"original_balance": 21,
	"timestamp": "17:55:50",
	"type": "add_money"
}, {
	"node_path": "Control/DialogSystem_Main/Fn_Main/Tutorial2/HideFigure",
	"timestamp": "17:55:50",
	"type": "dialog_node_start"
}, {
	"node_path": "Control/DialogSystem_Main/Fn_Main/NeedsToForgetWhatHeDid",
	"timestamp": "17:55:52",
	"type": "dialog_node_start"
}, {
	"node_path": "Control/DialogSystem_Main/Fn_Main/NeedsToForgetWhatHeDid/ShowFigure",
	"timestamp": "17:55:52",
	"type": "dialog_node_start"
}, {
	"node_path": "Control/DialogSystem_Main/Fn_Main/NeedsToForgetWhatHeDid/Text",
	"timestamp": "17:55:54",
	"type": "dialog_node_start"
}, {
	"object": "Mask",
	"original_placement": "<nil>",
	"timestamp": "17:55:55",
	"type": "grab_object"
}, {
	"balance_before_purchase": 56,
	"price": 50,
	"timestamp": "17:55:55",
	"type": "purchase",
	"what": "Mask"
}, {
	"destination": "P6",
	"object": "Mask",
	"timestamp": "17:55:56",
	"type": "place_object"
}, {
	"node_path": "Control/DialogSystem_Main/Fn_Main/NeedsToForgetWhatHeDid/Call_WaitForSubmittion",
	"timestamp": "17:56:02",
	"type": "dialog_node_start"
}, {
	"node_path": "Control/DialogSystem_Main/Fn_HandleEyeSubmittion",
	"timestamp": "17:56:02",
	"type": "dialog_node_start"
}, {
	"node_path": "Control/DialogSystem_Main/Fn_HandleEyeSubmittion/EnablePiedestalCollider",
	"timestamp": "17:56:02",
	"type": "dialog_node_start"
}, {
	"node_path": "Control/DialogSystem_Main/Fn_HandleEyeSubmittion/WaitForSubmission",
	"timestamp": "17:56:02",
	"type": "dialog_node_start"
}, {
	"part": "Eye6",
	"timestamp": "17:56:10",
	"type": "remove_part"
}, {
	"part": "Eye1",
	"timestamp": "17:56:22",
	"type": "remove_part"
}, {
	"part": "Eye4",
	"timestamp": "17:56:24",
	"type": "remove_part"
}, {
	"part": "Eye4",
	"timestamp": "17:56:25",
	"type": "add_part"
}, {
	"part": "Pupil2",
	"timestamp": "17:56:27",
	"type": "remove_part"
}, {
	"part": "Pupil3",
	"timestamp": "17:56:29",
	"type": "remove_part"
}, {
	"part": "Pupil3",
	"timestamp": "17:56:29",
	"type": "add_part"
}, {
	"part": "Iris4",
	"timestamp": "17:56:32",
	"type": "add_part"
}, {
	"part": "Eyebrow5",
	"timestamp": "17:56:34",
	"type": "remove_part"
}, {
	"part": "Eyebrow6",
	"timestamp": "17:56:35",
	"type": "remove_part"
}, {
	"part": "Eyebrow3",
	"timestamp": "17:56:38",
	"type": "add_part"
}, {
	"eye_shape": "Eye4",
	"eyebrow": "Eyebrow3",
	"iris": "Iris4",
	"pupil": "Pupil3",
	"question_idx": 2,
	"timestamp": "17:56:39",
	"type": "submit_answer"
}, {
	"node_path": "Control/DialogSystem_Main/Fn_HandleEyeSubmittion/DisablePiedestalCollider",
	"timestamp": "17:56:39",
	"type": "dialog_node_start"
}, {
	"node_path": "Control/DialogSystem_Main/Fn_Main/NeedsToForgetWhatHeDid/T_GiveMoney",
	"timestamp": "17:56:39",
	"type": "dialog_node_start"
}, {
	"node_path": "Control/DialogSystem_Main/Fn_Main/NeedsToForgetWhatHeDid/AddMoney",
	"timestamp": "17:56:44",
	"type": "dialog_node_start"
}, {
	"amount": 7,
	"new_balance": 13,
	"original_balance": 6,
	"timestamp": "17:56:44",
	"type": "add_money"
}, {
	"node_path": "Control/DialogSystem_Main/Fn_Main/NeedsToForgetWhatHeDid/HideFigure",
	"timestamp": "17:56:44",
	"type": "dialog_node_start"
}, {
	"node_path": "Control/DialogSystem_Main/Fn_Main/LoyalKnight",
	"timestamp": "17:56:46",
	"type": "dialog_node_start"
}, {
	"node_path": "Control/DialogSystem_Main/Fn_Main/LoyalKnight/ShowFigure",
	"timestamp": "17:56:46",
	"type": "dialog_node_start"
}, {
	"node_path": "Control/DialogSystem_Main/Fn_Main/LoyalKnight/Text",
	"timestamp": "17:56:48",
	"type": "dialog_node_start"
}, {
	"node_path": "Control/DialogSystem_Main/Fn_Main/LoyalKnight/Call_WaitForSubmittion",
	"timestamp": "17:56:55",
	"type": "dialog_node_start"
}, {
	"node_path": "Control/DialogSystem_Main/Fn_HandleEyeSubmittion",
	"timestamp": "17:56:55",
	"type": "dialog_node_start"
}, {
	"node_path": "Control/DialogSystem_Main/Fn_HandleEyeSubmittion/EnablePiedestalCollider",
	"timestamp": "17:56:55",
	"type": "dialog_node_start"
}, {
	"node_path": "Control/DialogSystem_Main/Fn_HandleEyeSubmittion/WaitForSubmission",
	"timestamp": "17:56:55",
	"type": "dialog_node_start"
}, {
	"object": "Mask",
	"original_placement": "P6",
	"timestamp": "17:56:57",
	"type": "grab_object"
}, {
	"destination": "MainShelf",
	"object": "Mask",
	"timestamp": "17:56:57",
	"type": "place_object"
}, {
	"object": "Mask",
	"original_placement": "MainShelf",
	"timestamp": "17:56:59",
	"type": "grab_object"
}, {
	"destination": "P6",
	"object": "Mask",
	"timestamp": "17:56:59",
	"type": "place_object"
}, {
	"object": "Mask",
	"original_placement": "P6",
	"timestamp": "17:57:00",
	"type": "grab_object"
}, {
	"destination": "P2",
	"object": "Mask",
	"timestamp": "17:57:01",
	"type": "place_object"
}, {
	"part": "Eye1",
	"timestamp": "17:57:03",
	"type": "add_part"
}, {
	"part": "Eyebrow1",
	"timestamp": "17:57:07",
	"type": "add_part"
}, {
	"part": "Iris2",
	"timestamp": "17:57:10",
	"type": "add_part"
}, {
	"part": "Iris5",
	"timestamp": "17:57:14",
	"type": "add_part"
}, {
	"part": "Pupil4",
	"timestamp": "17:57:16",
	"type": "add_part"
}, {
	"eye_shape": "Eye1",
	"eyebrow": "Eyebrow1",
	"iris": "Iris5",
	"pupil": "Pupil4",
	"question_idx": 3,
	"timestamp": "17:57:19",
	"type": "submit_answer"
}, {
	"node_path": "Control/DialogSystem_Main/Fn_HandleEyeSubmittion/DisablePiedestalCollider",
	"timestamp": "17:57:19",
	"type": "dialog_node_start"
}, {
	"node_path": "Control/DialogSystem_Main/Fn_Main/LoyalKnight/T_GiveMoney",
	"timestamp": "17:57:19",
	"type": "dialog_node_start"
}, {
	"node_path": "Control/DialogSystem_Main/Fn_Main/LoyalKnight/AddMoney",
	"timestamp": "17:57:23",
	"type": "dialog_node_start"
}, {
	"amount": 45,
	"new_balance": 58,
	"original_balance": 13,
	"timestamp": "17:57:23",
	"type": "add_money"
}, {
	"node_path": "Control/DialogSystem_Main/Fn_Main/LoyalKnight/HideFigure",
	"timestamp": "17:57:23",
	"type": "dialog_node_start"
}, {
	"node_path": "Control/DialogSystem_Main/Fn_Main/Vain",
	"timestamp": "17:57:25",
	"type": "dialog_node_start"
}, {
	"node_path": "Control/DialogSystem_Main/Fn_Main/Vain/ShowFigure",
	"timestamp": "17:57:25",
	"type": "dialog_node_start"
}, {
	"node_path": "Control/DialogSystem_Main/Fn_Main/Vain/Text",
	"timestamp": "17:57:27",
	"type": "dialog_node_start"
}, {
	"node_path": "Control/DialogSystem_Main/Fn_Main/Vain/Call_WaitForSubmittion",
	"timestamp": "17:57:36",
	"type": "dialog_node_start"
}, {
	"node_path": "Control/DialogSystem_Main/Fn_HandleEyeSubmittion",
	"timestamp": "17:57:36",
	"type": "dialog_node_start"
}, {
	"node_path": "Control/DialogSystem_Main/Fn_HandleEyeSubmittion/EnablePiedestalCollider",
	"timestamp": "17:57:36",
	"type": "dialog_node_start"
}, {
	"node_path": "Control/DialogSystem_Main/Fn_HandleEyeSubmittion/WaitForSubmission",
	"timestamp": "17:57:36",
	"type": "dialog_node_start"
}, {
	"part": "Iris6",
	"timestamp": "17:57:37",
	"type": "add_part"
}, {
	"part": "Eye3",
	"timestamp": "17:57:39",
	"type": "add_part"
}, {
	"part": "Eyebrow5",
	"timestamp": "17:57:41",
	"type": "add_part"
}, {
	"part": "Pupil6",
	"timestamp": "17:57:48",
	"type": "add_part"
}, {
	"part": "Iris4",
	"timestamp": "17:57:52",
	"type": "add_part"
}, {
	"eye_shape": "Eye3",
	"eyebrow": "Eyebrow5",
	"iris": "Iris4",
	"pupil": "Pupil6",
	"question_idx": 4,
	"timestamp": "17:57:53",
	"type": "submit_answer"
}, {
	"node_path": "Control/DialogSystem_Main/Fn_HandleEyeSubmittion/DisablePiedestalCollider",
	"timestamp": "17:57:53",
	"type": "dialog_node_start"
}, {
	"node_path": "Control/DialogSystem_Main/Fn_Main/Vain/T_GiveMoney",
	"timestamp": "17:57:53",
	"type": "dialog_node_start"
}, {
	"node_path": "Control/DialogSystem_Main/Fn_Main/Vain/AddMoney",
	"timestamp": "17:57:59",
	"type": "dialog_node_start"
}, {
	"amount": 10,
	"new_balance": 68,
	"original_balance": 58,
	"timestamp": "17:57:59",
	"type": "add_money"
}, {
	"node_path": "Control/DialogSystem_Main/Fn_Main/Vain/HideFigure",
	"timestamp": "17:57:59",
	"type": "dialog_node_start"
}, {
	"node_path": "Control/DialogSystem_Main/Fn_Main/GentleWerewolf",
	"timestamp": "17:58:01",
	"type": "dialog_node_start"
}, {
	"node_path": "Control/DialogSystem_Main/Fn_Main/GentleWerewolf/ShowFigure",
	"timestamp": "17:58:01",
	"type": "dialog_node_start"
}, {
	"part": "Eye2",
	"timestamp": "17:58:03",
	"type": "remove_part"
}, {
	"node_path": "Control/DialogSystem_Main/Fn_Main/GentleWerewolf/Text",
	"timestamp": "17:58:03",
	"type": "dialog_node_start"
}, {
	"node_path": "Control/DialogSystem_Main/Fn_Main/GentleWerewolf/Wait",
	"timestamp": "17:58:06",
	"type": "dialog_node_start"
}, {
	"node_path": "Control/DialogSystem_Main/Fn_Main/GentleWerewolf/Text2",
	"timestamp": "17:58:07",
	"type": "dialog_node_start"
}, {
	"node_path": "Control/DialogSystem_Main/Fn_Main/GentleWerewolf/Wait2",
	"timestamp": "17:58:12",
	"type": "dialog_node_start"
}, {
	"node_path": "Control/DialogSystem_Main/Fn_Main/GentleWerewolf/Text3",
	"timestamp": "17:58:13",
	"type": "dialog_node_start"
}, {
	"node_path": "Control/DialogSystem_Main/Fn_Main/GentleWerewolf/Call_WaitForSubmittion",
	"timestamp": "17:58:17",
	"type": "dialog_node_start"
}, {
	"node_path": "Control/DialogSystem_Main/Fn_HandleEyeSubmittion",
	"timestamp": "17:58:17",
	"type": "dialog_node_start"
}, {
	"node_path": "Control/DialogSystem_Main/Fn_HandleEyeSubmittion/EnablePiedestalCollider",
	"timestamp": "17:58:17",
	"type": "dialog_node_start"
}, {
	"node_path": "Control/DialogSystem_Main/Fn_HandleEyeSubmittion/WaitForSubmission",
	"timestamp": "17:58:17",
	"type": "dialog_node_start"
}, {
	"part": "Eye5",
	"timestamp": "17:58:20",
	"type": "remove_part"
}, {
	"part": "Eye5",
	"timestamp": "17:58:21",
	"type": "remove_part"
}, {
	"part": "Eye5",
	"timestamp": "17:58:23",
	"type": "remove_part"
}, {
	"part": "Eye2",
	"timestamp": "17:58:24",
	"type": "add_part"
}, {
	"part": "Iris5",
	"timestamp": "17:58:28",
	"type": "add_part"
}, {
	"part": "Pupil4",
	"timestamp": "17:58:29",
	"type": "remove_part"
}, {
	"part": "Pupil4",
	"timestamp": "17:58:30",
	"type": "add_part"
}, {
	"part": "Iris2",
	"timestamp": "17:58:32",
	"type": "add_part"
}, {
	"part": "Eyebrow6",
	"timestamp": "17:58:35",
	"type": "remove_part"
}, {
	"part": "Eyebrow6",
	"timestamp": "17:58:36",
	"type": "add_part"
}, {
	"eye_shape": "Eye2",
	"eyebrow": "Eyebrow6",
	"iris": "Iris2",
	"pupil": "Pupil4",
	"question_idx": 5,
	"timestamp": "17:58:39",
	"type": "submit_answer"
}, {
	"node_path": "Control/DialogSystem_Main/Fn_HandleEyeSubmittion/DisablePiedestalCollider",
	"timestamp": "17:58:39",
	"type": "dialog_node_start"
}, {
	"node_path": "Control/DialogSystem_Main/Fn_Main/GentleWerewolf/T_GiveFlower",
	"timestamp": "17:58:39",
	"type": "dialog_node_start"
}, {
	"node_path": "Control/DialogSystem_Main/Fn_Main/GentleWerewolf/GiveFlower",
	"timestamp": "17:58:48",
	"type": "dialog_node_start"
}, {
	"node_path": "Control/DialogSystem_Main/Fn_Main/GentleWerewolf/ShowFlower",
	"timestamp": "17:58:48",
	"type": "dialog_node_start"
}, {
	"node_path": "Control/DialogSystem_Main/Fn_Main/GentleWerewolf/HideFigure",
	"timestamp": "17:58:49",
	"type": "dialog_node_start"
}, {
	"node_path": "Control/DialogSystem_Main/Fn_Main/Gambler",
	"timestamp": "17:58:51",
	"type": "dialog_node_start"
}, {
	"node_path": "Control/DialogSystem_Main/Fn_Main/Gambler/ShowFigure",
	"timestamp": "17:58:51",
	"type": "dialog_node_start"
}, {
	"node_path": "Control/DialogSystem_Main/Fn_Main/Gambler/Text",
	"timestamp": "17:58:53",
	"type": "dialog_node_start"
}, {
	"node_path": "Control/DialogSystem_Main/Fn_Main/Gambler/Call_WaitForSubmittion",
	"timestamp": "17:58:58",
	"type": "dialog_node_start"
}, {
	"node_path": "Control/DialogSystem_Main/Fn_HandleEyeSubmittion",
	"timestamp": "17:58:58",
	"type": "dialog_node_start"
}, {
	"node_path": "Control/DialogSystem_Main/Fn_HandleEyeSubmittion/EnablePiedestalCollider",
	"timestamp": "17:58:58",
	"type": "dialog_node_start"
}, {
	"node_path": "Control/DialogSystem_Main/Fn_HandleEyeSubmittion/WaitForSubmission",
	"timestamp": "17:58:58",
	"type": "dialog_node_start"
}, {
	"part": "Iris4",
	"timestamp": "17:59:00",
	"type": "remove_part"
}, {
	"part": "Iris4",
	"timestamp": "17:59:02",
	"type": "add_part"
}, {
	"part": "Eye2",
	"timestamp": "17:59:04",
	"type": "remove_part"
}, {
	"part": "Eye5",
	"timestamp": "17:59:07",
	"type": "add_part"
}, {
	"part": "Eyebrow5",
	"timestamp": "17:59:11",
	"type": "add_part"
}, {
	"part": "Pupil2",
	"timestamp": "17:59:15",
	"type": "add_part"
}, {
	"eye_shape": "Eye5",
	"eyebrow": "Eyebrow5",
	"iris": "Iris4",
	"pupil": "Pupil2",
	"question_idx": 6,
	"timestamp": "17:59:16",
	"type": "submit_answer"
}, {
	"node_path": "Control/DialogSystem_Main/Fn_HandleEyeSubmittion/DisablePiedestalCollider",
	"timestamp": "17:59:16",
	"type": "dialog_node_start"
}, {
	"node_path": "Control/DialogSystem_Main/Fn_Main/Gambler/T_GiveMoney",
	"timestamp": "17:59:16",
	"type": "dialog_node_start"
}, {
	"node_path": "Control/DialogSystem_Main/Fn_Main/Gambler/AddMoney",
	"timestamp": "17:59:24",
	"type": "dialog_node_start"
}, {
	"amount": 6,
	"new_balance": 74,
	"original_balance": 68,
	"timestamp": "17:59:24",
	"type": "add_money"
}, {
	"node_path": "Control/DialogSystem_Main/Fn_Main/Gambler/HideFigure",
	"timestamp": "17:59:24",
	"type": "dialog_node_start"
}, {
	"node_path": "Control/DialogSystem_Main/Fn_Main/PoorPeasant",
	"timestamp": "17:59:26",
	"type": "dialog_node_start"
}, {
	"node_path": "Control/DialogSystem_Main/Fn_Main/PoorPeasant/ShowFigure",
	"timestamp": "17:59:26",
	"type": "dialog_node_start"
}, {
	"node_path": "Control/DialogSystem_Main/Fn_Main/PoorPeasant/Text",
	"timestamp": "17:59:28",
	"type": "dialog_node_start"
}, {
	"object": "Potion3",
	"original_placement": "<nil>",
	"timestamp": "17:59:31",
	"type": "grab_object"
}, {
	"balance_before_purchase": 74,
	"price": 30,
	"timestamp": "17:59:31",
	"type": "purchase",
	"what": "Potion3"
}, {
	"destination": "P11",
	"object": "Potion3",
	"timestamp": "17:59:32",
	"type": "place_object"
}, {
	"object": "Potion",
	"original_placement": "<nil>",
	"timestamp": "17:59:33",
	"type": "grab_object"
}, {
	"balance_before_purchase": 44,
	"price": 10,
	"timestamp": "17:59:33",
	"type": "purchase",
	"what": "Potion"
}, {
	"destination": "P6",
	"object": "Potion",
	"timestamp": "17:59:34",
	"type": "place_object"
}, {
	"node_path": "Control/DialogSystem_Main/Fn_Main/PoorPeasant/Call_WaitForSubmittion",
	"timestamp": "17:59:34",
	"type": "dialog_node_start"
}, {
	"node_path": "Control/DialogSystem_Main/Fn_HandleEyeSubmittion",
	"timestamp": "17:59:34",
	"type": "dialog_node_start"
}, {
	"node_path": "Control/DialogSystem_Main/Fn_HandleEyeSubmittion/EnablePiedestalCollider",
	"timestamp": "17:59:34",
	"type": "dialog_node_start"
}, {
	"node_path": "Control/DialogSystem_Main/Fn_HandleEyeSubmittion/WaitForSubmission",
	"timestamp": "17:59:34",
	"type": "dialog_node_start"
}, {
	"part": "Eye1",
	"timestamp": "17:59:44",
	"type": "remove_part"
}, {
	"part": "Eye6",
	"timestamp": "17:59:45",
	"type": "remove_part"
}, {
	"part": "Eye6",
	"timestamp": "17:59:46",
	"type": "add_part"
}, {
	"part": "Iris6",
	"timestamp": "17:59:49",
	"type": "add_part"
}, {
	"part": "Pupil2",
	"timestamp": "17:59:50",
	"type": "remove_part"
}, {
	"part": "Pupil2",
	"timestamp": "17:59:51",
	"type": "add_part"
}, {
	"part": "Eyebrow5",
	"timestamp": "17:59:57",
	"type": "remove_part"
}, {
	"part": "Eyebrow2",
	"timestamp": "17:59:59",
	"type": "add_part"
}, {
	"eye_shape": "Eye6",
	"eyebrow": "Eyebrow2",
	"iris": "Iris6",
	"pupil": "Pupil2",
	"question_idx": 7,
	"timestamp": "18:00:00",
	"type": "submit_answer"
}, {
	"node_path": "Control/DialogSystem_Main/Fn_HandleEyeSubmittion/DisablePiedestalCollider",
	"timestamp": "18:00:00",
	"type": "dialog_node_start"
}, {
	"node_path": "Control/DialogSystem_Main/Fn_Main/PoorPeasant/T_GiveMoney",
	"timestamp": "18:00:00",
	"type": "dialog_node_start"
}, {
	"node_path": "Control/DialogSystem_Main/Fn_Main/PoorPeasant/AddMoney",
	"timestamp": "18:00:07",
	"type": "dialog_node_start"
}, {
	"amount": 3,
	"new_balance": 37,
	"original_balance": 34,
	"timestamp": "18:00:07",
	"type": "add_money"
}, {
	"node_path": "Control/DialogSystem_Main/Fn_Main/PoorPeasant/HideFigure",
	"timestamp": "18:00:07",
	"type": "dialog_node_start"
}, {
	"node_path": "Control/DialogSystem_Main/Fn_Main/Warlock",
	"timestamp": "18:00:09",
	"type": "dialog_node_start"
}, {
	"node_path": "Control/DialogSystem_Main/Fn_Main/Warlock/ShowFigure",
	"timestamp": "18:00:09",
	"type": "dialog_node_start"
}, {
	"node_path": "Control/DialogSystem_Main/Fn_Main/Warlock/Text",
	"timestamp": "18:00:11",
	"type": "dialog_node_start"
}, {
	"node_path": "Control/DialogSystem_Main/Fn_Main/Warlock/Call_WaitForSubmittion",
	"timestamp": "18:00:24",
	"type": "dialog_node_start"
}, {
	"node_path": "Control/DialogSystem_Main/Fn_HandleEyeSubmittion",
	"timestamp": "18:00:24",
	"type": "dialog_node_start"
}, {
	"node_path": "Control/DialogSystem_Main/Fn_HandleEyeSubmittion/EnablePiedestalCollider",
	"timestamp": "18:00:24",
	"type": "dialog_node_start"
}, {
	"node_path": "Control/DialogSystem_Main/Fn_HandleEyeSubmittion/WaitForSubmission",
	"timestamp": "18:00:24",
	"type": "dialog_node_start"
}, {
	"part": "Iris3",
	"timestamp": "18:00:25",
	"type": "add_part"
}, {
	"part": "Eye2",
	"timestamp": "18:00:27",
	"type": "add_part"
}, {
	"part": "Pupil5",
	"timestamp": "18:00:31",
	"type": "remove_part"
}, {
	"part": "Pupil2",
	"timestamp": "18:00:34",
	"type": "add_part"
}, {
	"part": "Eyebrow3",
	"timestamp": "18:00:36",
	"type": "remove_part"
}, {
	"part": "Eyebrow5",
	"timestamp": "18:00:39",
	"type": "add_part"
}, {
	"eye_shape": "Eye2",
	"eyebrow": "Eyebrow5",
	"iris": "Iris3",
	"pupil": "Pupil2",
	"question_idx": 8,
	"timestamp": "18:00:40",
	"type": "submit_answer"
}, {
	"node_path": "Control/DialogSystem_Main/Fn_HandleEyeSubmittion/DisablePiedestalCollider",
	"timestamp": "18:00:40",
	"type": "dialog_node_start"
}, {
	"node_path": "Control/DialogSystem_Main/Fn_Main/Warlock/T_GiveMoney",
	"timestamp": "18:00:40",
	"type": "dialog_node_start"
}, {
	"node_path": "Control/DialogSystem_Main/Fn_Main/Warlock/AddMoney",
	"timestamp": "18:00:43",
	"type": "dialog_node_start"
}, {
	"amount": 66,
	"new_balance": 103,
	"original_balance": 37,
	"timestamp": "18:00:43",
	"type": "add_money"
}, {
	"node_path": "Control/DialogSystem_Main/Fn_Main/Warlock/HideFigure",
	"timestamp": "18:00:43",
	"type": "dialog_node_start"
}, {
	"node_path": "Control/DialogSystem_Main/Fn_Main/BookEnjoyer",
	"timestamp": "18:00:45",
	"type": "dialog_node_start"
}, {
	"node_path": "Control/DialogSystem_Main/Fn_Main/BookEnjoyer/ShowFigure",
	"timestamp": "18:00:45",
	"type": "dialog_node_start"
}, {
	"node_path": "Control/DialogSystem_Main/Fn_Main/BookEnjoyer/Text",
	"timestamp": "18:00:47",
	"type": "dialog_node_start"
}, {
	"node_path": "Control/DialogSystem_Main/Fn_Main/BookEnjoyer/Call_WaitForSubmittion",
	"timestamp": "18:00:54",
	"type": "dialog_node_start"
}, {
	"node_path": "Control/DialogSystem_Main/Fn_HandleEyeSubmittion",
	"timestamp": "18:00:54",
	"type": "dialog_node_start"
}, {
	"node_path": "Control/DialogSystem_Main/Fn_HandleEyeSubmittion/EnablePiedestalCollider",
	"timestamp": "18:00:54",
	"type": "dialog_node_start"
}, {
	"node_path": "Control/DialogSystem_Main/Fn_HandleEyeSubmittion/WaitForSubmission",
	"timestamp": "18:00:54",
	"type": "dialog_node_start"
}, {
	"part": "Iris2",
	"timestamp": "18:00:58",
	"type": "add_part"
}, {
	"part": "Eye4",
	"timestamp": "18:01:01",
	"type": "add_part"
}, {
	"part": "Eyebrow4",
	"timestamp": "18:01:05",
	"type": "remove_part"
}, {
	"part": "Eyebrow4",
	"timestamp": "18:01:07",
	"type": "remove_part"
}, {
	"part": "Eyebrow4",
	"timestamp": "18:01:08",
	"type": "remove_part"
}, {
	"part": "Eyebrow4",
	"timestamp": "18:01:10",
	"type": "remove_part"
}, {
	"part": "Eyebrow4",
	"timestamp": "18:01:11",
	"type": "add_part"
}, {
	"part": "Pupil1",
	"timestamp": "18:01:14",
	"type": "add_part"
}, {
	"eye_shape": "Eye4",
	"eyebrow": "Eyebrow4",
	"iris": "Iris2",
	"pupil": "Pupil1",
	"question_idx": 9,
	"timestamp": "18:01:15",
	"type": "submit_answer"
}, {
	"node_path": "Control/DialogSystem_Main/Fn_HandleEyeSubmittion/DisablePiedestalCollider",
	"timestamp": "18:01:15",
	"type": "dialog_node_start"
}, {
	"node_path": "Control/DialogSystem_Main/Fn_Main/BookEnjoyer/T_GiveMoney",
	"timestamp": "18:01:15",
	"type": "dialog_node_start"
}, {
	"node_path": "Control/DialogSystem_Main/Fn_Main/BookEnjoyer/AddMoney",
	"timestamp": "18:01:24",
	"type": "dialog_node_start"
}, {
	"amount": 14,
	"new_balance": 117,
	"original_balance": 103,
	"timestamp": "18:01:24",
	"type": "add_money"
}, {
	"node_path": "Control/DialogSystem_Main/Fn_Main/BookEnjoyer/HideFigure",
	"timestamp": "18:01:24",
	"type": "dialog_node_start"
}, {
	"node_path": "Control/DialogSystem_Main/Fn_Main/FormerVizier",
	"timestamp": "18:01:26",
	"type": "dialog_node_start"
}, {
	"node_path": "Control/DialogSystem_Main/Fn_Main/FormerVizier/ShowFigure",
	"timestamp": "18:01:26",
	"type": "dialog_node_start"
}, {
	"node_path": "Control/DialogSystem_Main/Fn_Main/FormerVizier/Text",
	"timestamp": "18:01:28",
	"type": "dialog_node_start"
}, {
	"node_path": "Control/DialogSystem_Main/Fn_Main/FormerVizier/Call_WaitForSubmittion",
	"timestamp": "18:01:39",
	"type": "dialog_node_start"
}, {
	"node_path": "Control/DialogSystem_Main/Fn_HandleEyeSubmittion",
	"timestamp": "18:01:39",
	"type": "dialog_node_start"
}, {
	"node_path": "Control/DialogSystem_Main/Fn_HandleEyeSubmittion/EnablePiedestalCollider",
	"timestamp": "18:01:39",
	"type": "dialog_node_start"
}, {
	"node_path": "Control/DialogSystem_Main/Fn_HandleEyeSubmittion/WaitForSubmission",
	"timestamp": "18:01:39",
	"type": "dialog_node_start"
}, {
	"part": "Iris5",
	"timestamp": "18:01:40",
	"type": "add_part"
}, {
	"part": "Eye3",
	"timestamp": "18:01:44",
	"type": "add_part"
}, {
	"part": "Eyebrow6",
	"timestamp": "18:01:46",
	"type": "add_part"
}, {
	"part": "Pupil4",
	"timestamp": "18:01:50",
	"type": "remove_part"
}, {
	"part": "Pupil4",
	"timestamp": "18:01:51",
	"type": "add_part"
}, {
	"eye_shape": "Eye3",
	"eyebrow": "Eyebrow6",
	"iris": "Iris5",
	"pupil": "Pupil4",
	"question_idx": 10,
	"timestamp": "18:01:54",
	"type": "submit_answer"
}, {
	"node_path": "Control/DialogSystem_Main/Fn_HandleEyeSubmittion/DisablePiedestalCollider",
	"timestamp": "18:01:54",
	"type": "dialog_node_start"
}, {
	"node_path": "Control/DialogSystem_Main/Fn_Main/FormerVizier/T_GiveMoney",
	"timestamp": "18:01:54",
	"type": "dialog_node_start"
}, {
	"object": "Potion3",
	"original_placement": "P11",
	"timestamp": "18:02:02",
	"type": "grab_object"
}, {
	"node_path": "Control/DialogSystem_Main/Fn_Main/FormerVizier/AddMoney",
	"timestamp": "18:02:02",
	"type": "dialog_node_start"
}, {
	"amount": 25,
	"new_balance": 142,
	"original_balance": 117,
	"timestamp": "18:02:02",
	"type": "add_money"
}, {
	"node_path": "Control/DialogSystem_Main/Fn_Main/FormerVizier/HideFigure",
	"timestamp": "18:02:02",
	"type": "dialog_node_start"
}, {
	"destination": "P6",
	"object": "Potion3",
	"timestamp": "18:02:03",
	"type": "place_object"
}, {
	"node_path": "Control/DialogSystem_Main/Fn_Main/MadScientist",
	"timestamp": "18:02:04",
	"type": "dialog_node_start"
}, {
	"node_path": "Control/DialogSystem_Main/Fn_Main/MadScientist/ShowFigure",
	"timestamp": "18:02:04",
	"type": "dialog_node_start"
}, {
	"node_path": "Control/DialogSystem_Main/Fn_Main/MadScientist/Text",
	"timestamp": "18:02:06",
	"type": "dialog_node_start"
}, {
	"part": "Eye1",
	"timestamp": "18:02:13",
	"type": "remove_part"
}, {
	"part": "Eye6",
	"timestamp": "18:02:17",
	"type": "remove_part"
}, {
	"node_path": "Control/DialogSystem_Main/Fn_Main/MadScientist/Call_WaitForSubmittion",
	"timestamp": "18:02:18",
	"type": "dialog_node_start"
}, {
	"node_path": "Control/DialogSystem_Main/Fn_HandleEyeSubmittion",
	"timestamp": "18:02:18",
	"type": "dialog_node_start"
}, {
	"node_path": "Control/DialogSystem_Main/Fn_HandleEyeSubmittion/EnablePiedestalCollider",
	"timestamp": "18:02:18",
	"type": "dialog_node_start"
}, {
	"node_path": "Control/DialogSystem_Main/Fn_HandleEyeSubmittion/WaitForSubmission",
	"timestamp": "18:02:18",
	"type": "dialog_node_start"
}, {
	"part": "Eye4",
	"timestamp": "18:02:20",
	"type": "add_part"
}, {
	"part": "Pupil2",
	"timestamp": "18:02:22",
	"type": "add_part"
}, {
	"object": "WerewolfFlower",
	"original_placement": "MainShelf2",
	"timestamp": "18:02:23",
	"type": "grab_object"
}, {
	"destination": "MainShelf2",
	"object": "WerewolfFlower",
	"timestamp": "18:02:23",
	"type": "place_object"
}, {
	"object": "WerewolfFlower",
	"original_placement": "MainShelf2",
	"timestamp": "18:02:23",
	"type": "grab_object"
}, {
	"destination": "P9",
	"object": "WerewolfFlower",
	"timestamp": "18:02:24",
	"type": "place_object"
}, {
	"object": "WerewolfFlower",
	"original_placement": "P9",
	"timestamp": "18:02:24",
	"type": "grab_object"
}, {
	"destination": "MainShelf2",
	"object": "WerewolfFlower",
	"timestamp": "18:02:26",
	"type": "place_object"
}, {
	"part": "Iris4",
	"timestamp": "18:02:28",
	"type": "add_part"
}, {
	"part": "Pupil6",
	"timestamp": "18:02:30",
	"type": "remove_part"
}, {
	"part": "Eyebrow4",
	"timestamp": "18:02:31",
	"type": "remove_part"
}, {
	"part": "Eyebrow3",
	"timestamp": "18:02:34",
	"type": "remove_part"
}, {
	"part": "Eyebrow3",
	"timestamp": "18:02:37",
	"type": "add_part"
}, {
	"eye_shape": "Eye4",
	"eyebrow": "Eyebrow3",
	"iris": "Iris4",
	"pupil": "Pupil2",
	"question_idx": 11,
	"timestamp": "18:02:45",
	"type": "submit_answer"
}, {
	"node_path": "Control/DialogSystem_Main/Fn_HandleEyeSubmittion/DisablePiedestalCollider",
	"timestamp": "18:02:45",
	"type": "dialog_node_start"
}, {
	"node_path": "Control/DialogSystem_Main/Fn_Main/MadScientist/T_GivePotion",
	"timestamp": "18:02:45",
	"type": "dialog_node_start"
}, {
	"node_path": "Control/DialogSystem_Main/Fn_Main/MadScientist/GivePotion",
	"timestamp": "18:02:56",
	"type": "dialog_node_start"
}, {
	"node_path": "Control/DialogSystem_Main/Fn_Main/MadScientist/HideFigure",
	"timestamp": "18:02:57",
	"type": "dialog_node_start"
}, {
	"object": "Potion",
	"original_placement": "P6",
	"timestamp": "18:02:58",
	"type": "grab_object"
}, {
	"destination": "P6",
	"object": "Potion",
	"timestamp": "18:02:58",
	"type": "place_object"
}, {
	"node_path": "Control/DialogSystem_Main/Fn_Main/Archmage",
	"timestamp": "18:02:59",
	"type": "dialog_node_start"
}, {
	"node_path": "Control/DialogSystem_Main/Fn_Main/Archmage/ShowFigure",
	"timestamp": "18:02:59",
	"type": "dialog_node_start"
}, {
	"object": "Potion",
	"original_placement": "P6",
	"timestamp": "18:02:59",
	"type": "grab_object"
}, {
	"destination": "P6",
	"object": "Potion",
	"timestamp": "18:02:59",
	"type": "place_object"
}, {
	"object": "Potion",
	"original_placement": "P6",
	"timestamp": "18:02:59",
	"type": "grab_object"
}, {
	"destination": "P6",
	"object": "Potion",
	"timestamp": "18:02:59",
	"type": "place_object"
}, {
	"node_path": "Control/DialogSystem_Main/Fn_Main/Archmage/Text",
	"timestamp": "18:03:05",
	"type": "dialog_node_start"
}, {
	"node_path": "Control/DialogSystem_Main/Fn_Main/Archmage/Call_WaitForSubmittion",
	"timestamp": "18:03:15",
	"type": "dialog_node_start"
}, {
	"node_path": "Control/DialogSystem_Main/Fn_HandleEyeSubmittion",
	"timestamp": "18:03:15",
	"type": "dialog_node_start"
}, {
	"node_path": "Control/DialogSystem_Main/Fn_HandleEyeSubmittion/EnablePiedestalCollider",
	"timestamp": "18:03:15",
	"type": "dialog_node_start"
}, {
	"node_path": "Control/DialogSystem_Main/Fn_HandleEyeSubmittion/WaitForSubmission",
	"timestamp": "18:03:15",
	"type": "dialog_node_start"
}, {
	"part": "Eye6",
	"timestamp": "18:03:17",
	"type": "remove_part"
}, {
	"part": "Eye6",
	"timestamp": "18:03:18",
	"type": "add_part"
}, {
	"part": "Iris3",
	"timestamp": "18:03:21",
	"type": "remove_part"
}, {
	"part": "Iris3",
	"timestamp": "18:03:22",
	"type": "add_part"
}, {
	"part": "Pupil5",
	"timestamp": "18:03:25",
	"type": "add_part"
}, {
	"part": "Eyebrow2",
	"timestamp": "18:03:27",
	"type": "add_part"
}, {
	"eye_shape": "Eye6",
	"eyebrow": "Eyebrow2",
	"iris": "Iris3",
	"pupil": "Pupil5",
	"question_idx": 12,
	"timestamp": "18:03:31",
	"type": "submit_answer"
}, {
	"node_path": "Control/DialogSystem_Main/Fn_HandleEyeSubmittion/DisablePiedestalCollider",
	"timestamp": "18:03:31",
	"type": "dialog_node_start"
}, {
	"node_path": "Control/DialogSystem_Main/Fn_Main/Archmage/T_GiveMoney",
	"timestamp": "18:03:31",
	"type": "dialog_node_start"
}, {
	"node_path": "Control/DialogSystem_Main/Fn_Main/Archmage/AddMoney",
	"timestamp": "18:03:42",
	"type": "dialog_node_start"
}, {
	"amount": 80,
	"new_balance": 222,
	"original_balance": 142,
	"timestamp": "18:03:42",
	"type": "add_money"
}, {
	"node_path": "Control/DialogSystem_Main/Fn_Main/Archmage/HideFigure",
	"timestamp": "18:03:42",
	"type": "dialog_node_start"
}, {
	"node_path": "Control/DialogSystem_Main/Fn_Main/Scared",
	"timestamp": "18:03:42",
	"type": "dialog_node_start"
}, {
	"node_path": "Control/DialogSystem_Main/Fn_Main/Scared/ShowFigure",
	"timestamp": "18:03:42",
	"type": "dialog_node_start"
}, {
	"object": "Glasses",
	"original_placement": "<nil>",
	"timestamp": "18:03:46",
	"type": "grab_object"
}, {
	"balance_before_purchase": 222,
	"price": 120,
	"timestamp": "18:03:46",
	"type": "purchase",
	"what": "Glasses"
}, {
	"destination": "P12",
	"object": "Glasses",
	"timestamp": "18:03:47",
	"type": "place_object"
}, {
	"node_path": "Control/DialogSystem_Main/Fn_Main/Scared/Text",
	"timestamp": "18:03:48",
	"type": "dialog_node_start"
}, {
	"object": "Flower",
	"original_placement": "<nil>",
	"timestamp": "18:03:49",
	"type": "grab_object"
}, {
	"balance_before_purchase": 102,
	"price": 60,
	"timestamp": "18:03:49",
	"type": "purchase",
	"what": "Flower"
}, {
	"destination": "P7",
	"object": "Flower",
	"timestamp": "18:03:51",
	"type": "place_object"
}, {
	"node_path": "Control/DialogSystem_Main/Fn_Main/Scared/Call_WaitForSubmittion",
	"timestamp": "18:03:54",
	"type": "dialog_node_start"
}, {
	"node_path": "Control/DialogSystem_Main/Fn_HandleEyeSubmittion",
	"timestamp": "18:03:54",
	"type": "dialog_node_start"
}, {
	"node_path": "Control/DialogSystem_Main/Fn_HandleEyeSubmittion/EnablePiedestalCollider",
	"timestamp": "18:03:54",
	"type": "dialog_node_start"
}, {
	"node_path": "Control/DialogSystem_Main/Fn_HandleEyeSubmittion/WaitForSubmission",
	"timestamp": "18:03:54",
	"type": "dialog_node_start"
}, {
	"object": "Flower",
	"original_placement": "P7",
	"timestamp": "18:03:55",
	"type": "grab_object"
}, {
	"destination": "MainShelf",
	"object": "Flower",
	"timestamp": "18:03:55",
	"type": "place_object"
}, {
	"part": "Eye2",
	"timestamp": "18:04:02",
	"type": "add_part"
}, {
	"part": "Iris6",
	"timestamp": "18:04:06",
	"type": "add_part"
}, {
	"part": "Pupil3",
	"timestamp": "18:04:07",
	"type": "add_part"
}, {
	"part": "Eyebrow1",
	"timestamp": "18:04:12",
	"type": "add_part"
}, {
	"eye_shape": "Eye2",
	"eyebrow": "Eyebrow1",
	"iris": "Iris6",
	"pupil": "Pupil3",
	"question_idx": 13,
	"timestamp": "18:04:12",
	"type": "submit_answer"
}, {
	"node_path": "Control/DialogSystem_Main/Fn_HandleEyeSubmittion/DisablePiedestalCollider",
	"timestamp": "18:04:12",
	"type": "dialog_node_start"
}, {
	"node_path": "Control/DialogSystem_Main/Fn_Main/Scared/T_GiveMoney",
	"timestamp": "18:04:12",
	"type": "dialog_node_start"
}, {
	"node_path": "Control/DialogSystem_Main/Fn_Main/Scared/AddMoney",
	"timestamp": "18:04:22",
	"type": "dialog_node_start"
}, {
	"amount": 20,
	"new_balance": 62,
	"original_balance": 42,
	"timestamp": "18:04:22",
	"type": "add_money"
}, {
	"node_path": "Control/DialogSystem_Main/Fn_Main/Scared/HideFigure",
	"timestamp": "18:04:22",
	"type": "dialog_node_start"
}, {
	"node_path": "Control/DialogSystem_Main/Fn_Main/Wait",
	"timestamp": "18:04:23",
	"type": "dialog_node_start"
}, {
	"node_path": "Control/DialogSystem_Main/Fn_Main/FadeOut",
	"timestamp": "18:04:28",
	"type": "dialog_node_start"
}, {
	"node_path": "Control/DialogSystem_Main/Fn_Main/Transition",
	"timestamp": "18:04:30",
	"type": "dialog_node_start"
}, {
	"node_path": "IntroText/DialogSystem_Outro/Fn_Main",
	"timestamp": "18:04:34",
	"type": "dialog_node_start"
}, {
	"node_path": "IntroText/DialogSystem_Outro/Fn_Main/TextReset",
	"timestamp": "18:04:34",
	"type": "dialog_node_start"
}, {
	"node_path": "IntroText/DialogSystem_Outro/Fn_Main/FadeOut",
	"timestamp": "18:04:34",
	"type": "dialog_node_start"
}, {
	"node_path": "IntroText/DialogSystem_Outro/Fn_Main/PrintText",
	"timestamp": "18:04:36",
	"type": "dialog_node_start"
}, {
	"node_path": "IntroText/DialogSystem_Outro/Fn_Text",
	"timestamp": "18:04:36",
	"type": "dialog_node_start"
}, {
	"node_path": "IntroText/DialogSystem_Outro/Fn_Text/Text",
	"timestamp": "18:04:36",
	"type": "dialog_node_start"
}, {
	"node_path": "IntroText/DialogSystem_Outro/Fn_Text/Text2",
	"timestamp": "18:04:42",
	"type": "dialog_node_start"
}, {
	"node_path": "IntroText/DialogSystem_Outro/Fn_Text/Text4",
	"timestamp": "18:04:45",
	"type": "dialog_node_start"
}, {
	"node_path": "IntroText/DialogSystem_Outro/Fn_Text/Text5",
	"timestamp": "18:04:48",
	"type": "dialog_node_start"
}, {
	"node_path": "IntroText/DialogSystem_Outro/Fn_Text/Text6",
	"timestamp": "18:04:50",
	"type": "dialog_node_start"
}, {
	"node_path": "IntroText/DialogSystem_Outro/Fn_Text/Text7",
	"timestamp": "18:04:52",
	"type": "dialog_node_start"
}, {
	"node_path": "IntroText/DialogSystem_Outro/Fn_Text/Text8",
	"timestamp": "18:04:55",
	"type": "dialog_node_start"
}, {
	"node_path": "IntroText/DialogSystem_Outro/Fn_Text/OnWeb",
	"timestamp": "18:04:55",
	"type": "dialog_node_start"
}, {
	"node_path": "IntroText/DialogSystem_Outro/Fn_Text/OnWeb/Text10",
	"timestamp": "18:04:55",
	"type": "dialog_node_start"
}, {
	"node_path": "IntroText/DialogSystem_Outro/Fn_Text/OnWeb/DoExportTheLog",
	"timestamp": "18:04:56",
	"type": "dialog_node_start"
}]