[{
	"id": "1866945996361516431",
	"timestamp": "18:59:24",
	"type": "user_id"
}, {
	"node_path": "Control/DialogSystem_FirstScreen/Fn_Main",
	"timestamp": "18:59:24",
	"type": "dialog_node_start"
}, {
	"node_path": "Control/DialogSystem_FirstScreen/Fn_Main/Condition",
	"timestamp": "18:59:24",
	"type": "dialog_node_start"
}, {
	"node_path": "Control/DialogSystem_FirstScreen/Fn_Main/Condition/FadeOut",
	"timestamp": "18:59:24",
	"type": "dialog_node_start"
}, {
	"node_path": "Control/DialogSystem_FirstScreen/Fn_Main/WaitForButton",
	"timestamp": "18:59:26",
	"type": "dialog_node_start"
}, {
	"node_path": "Control/DialogSystem_FirstScreen/Fn_Main/ThunderSound",
	"timestamp": "19:26:41",
	"type": "dialog_node_start"
}, {
	"node_path": "Control/DialogSystem_FirstScreen/Fn_Main/FadeIn",
	"timestamp": "19:26:41",
	"type": "dialog_node_start"
}, {
	"node_path": "Control/DialogSystem_FirstScreen/Fn_Main/Transition",
	"timestamp": "19:26:44",
	"type": "dialog_node_start"
}, {
	"node_path": "IntroText/DialogSystem_Intro/Fn_Main",
	"timestamp": "19:26:44",
	"type": "dialog_node_start"
}, {
	"node_path": "IntroText/DialogSystem_Intro/Fn_Main/TextReset",
	"timestamp": "19:26:44",
	"type": "dialog_node_start"
}, {
	"node_path": "IntroText/DialogSystem_Intro/Fn_Main/FadeOut",
	"timestamp": "19:26:44",
	"type": "dialog_node_start"
}, {
	"node_path": "IntroText/DialogSystem_Intro/Fn_Main/StartMusic",
	"timestamp": "19:26:46",
	"type": "dialog_node_start"
}, {
	"node_path": "IntroText/DialogSystem_Intro/Fn_Main/PrintText",
	"timestamp": "19:26:47",
	"type": "dialog_node_start"
}, {
	"node_path": "IntroText/DialogSystem_Intro/Fn_Text",
	"timestamp": "19:26:47",
	"type": "dialog_node_start"
}, {
	"node_path": "IntroText/DialogSystem_Intro/Fn_Text/Part1",
	"timestamp": "19:26:47",
	"type": "dialog_node_start"
}, {
	"node_path": "IntroText/DialogSystem_Intro/Fn_Text/Part1/ShowImg1",
	"timestamp": "19:26:47",
	"type": "dialog_node_start"
}, {
	"node_path": "IntroText/DialogSystem_Intro/Fn_Text/Part1/Text",
	"timestamp": "19:26:47",
	"type": "dialog_node_start"
}, {
	"node_path": "IntroText/DialogSystem_Intro/Fn_Text/Part1/Text2",
	"timestamp": "19:27:02",
	"type": "dialog_node_start"
}, {
	"node_path": "IntroText/DialogSystem_Intro/Fn_Text/Part1/Text3",
	"timestamp": "19:27:20",
	"type": "dialog_node_start"
}, {
	"node_path": "IntroText/DialogSystem_Intro/Fn_Text/Part1/Text4",
	"timestamp": "19:27:23",
	"type": "dialog_node_start"
}, {
	"node_path": "IntroText/DialogSystem_Intro/Fn_Text/Part1/HideImg1",
	"timestamp": "19:27:30",
	"type": "dialog_node_start"
}, {
	"node_path": "IntroText/DialogSystem_Intro/Fn_Text/Part2",
	"timestamp": "19:27:30",
	"type": "dialog_node_start"
}, {
	"node_path": "IntroText/DialogSystem_Intro/Fn_Text/Part2/ShowImg2",
	"timestamp": "19:27:30",
	"type": "dialog_node_start"
}, {
	"node_path": "IntroText/DialogSystem_Intro/Fn_Text/Part2/Text5",
	"timestamp": "19:27:30",
	"type": "dialog_node_start"
}, {
	"node_path": "IntroText/DialogSystem_Intro/Fn_Text/Part2/Text6",
	"timestamp": "19:27:36",
	"type": "dialog_node_start"
}, {
	"node_path": "IntroText/DialogSystem_Intro/Fn_Text/Part2/Text7",
	"timestamp": "19:27:47",
	"type": "dialog_node_start"
}, {
	"node_path": "IntroText/DialogSystem_Intro/Fn_Text/Part2/Text8",
	"timestamp": "19:27:55",
	"type": "dialog_node_start"
}, {
	"node_path": "IntroText/DialogSystem_Intro/Fn_Text/Part2/Text9",
	"timestamp": "19:28:01",
	"type": "dialog_node_start"
}, {
	"node_path": "IntroText/DialogSystem_Intro/Fn_Text/Part2/HideImg2",
	"timestamp": "19:28:15",
	"type": "dialog_node_start"
}, {
	"node_path": "IntroText/DialogSystem_Intro/Fn_Text/Part3",
	"timestamp": "19:28:15",
	"type": "dialog_node_start"
}, {
	"node_path": "IntroText/DialogSystem_Intro/Fn_Text/Part3/ClearText",
	"timestamp": "19:28:15",
	"type": "dialog_node_start"
}, {
	"node_path": "IntroText/DialogSystem_Intro/Fn_Text/Part3/Wait",
	"timestamp": "19:28:15",
	"type": "dialog_node_start"
}, {
	"node_path": "IntroText/DialogSystem_Intro/Fn_Text/Part3/Text10",
	"timestamp": "19:28:19",
	"type": "dialog_node_start"
}, {
	"node_path": "IntroText/DialogSystem_Intro/Fn_Text/Part3/Text11",
	"timestamp": "19:28:24",
	"type": "dialog_node_start"
}, {
	"node_path": "IntroText/DialogSystem_Intro/Fn_Text/Part3/Text12",
	"timestamp": "19:28:29",
	"type": "dialog_node_start"
}, {
	"node_path": "IntroText/DialogSystem_Intro/Fn_Text/Part3/Text13",
	"timestamp": "19:28:32",
	"type": "dialog_node_start"
}, {
	"node_path": "IntroText/DialogSystem_Intro/Fn_Text/HideTheDot",
	"timestamp": "19:28:36",
	"type": "dialog_node_start"
}, {
	"node_path": "IntroText/DialogSystem_Intro/Fn_Main/FadeIn",
	"timestamp": "19:28:36",
	"type": "dialog_node_start"
}, {
	"node_path": "IntroText/DialogSystem_Intro/Fn_Main/Transition",
	"timestamp": "19:28:39",
	"type": "dialog_node_start"
}, {
	"node_path": "Control/DialogSystem_Main/Fn_Main",
	"timestamp": "19:28:39",
	"type": "dialog_node_start"
}, {
	"node_path": "Control/DialogSystem_Main/Fn_Main/FadeIn",
	"timestamp": "19:28:39",
	"type": "dialog_node_start"
}, {
	"node_path": "Control/DialogSystem_Main/Fn_Main/Tutorial",
	"timestamp": "19:28:41",
	"type": "dialog_node_start"
}, {
	"node_path": "Control/DialogSystem_Main/Fn_Main/Tutorial/ShowFigure",
	"timestamp": "19:28:41",
	"type": "dialog_node_start"
}, {
	"node_path": "Control/DialogSystem_Main/Fn_Main/Tutorial/Text",
	"timestamp": "19:28:43",
	"type": "dialog_node_start"
}, {
	"node_path": "Control/DialogSystem_Main/Fn_Main/Tutorial/Call_WaitForSubmittion",
	"timestamp": "19:28:54",
	"type": "dialog_node_start"
}, {
	"node_path": "Control/DialogSystem_Main/Fn_HandleEyeSubmittion",
	"timestamp": "19:28:54",
	"type": "dialog_node_start"
}, {
	"node_path": "Control/DialogSystem_Main/Fn_HandleEyeSubmittion/EnablePiedestalCollider",
	"timestamp": "19:28:54",
	"type": "dialog_node_start"
}, {
	"node_path": "Control/DialogSystem_Main/Fn_HandleEyeSubmittion/WaitForSubmission",
	"timestamp": "19:28:54",
	"type": "dialog_node_start"
}, {
	"part": "Eye5",
	"timestamp": "19:29:12",
	"type": "add_part"
}, {
	"part": "Iris4",
	"timestamp": "19:29:15",
	"type": "add_part"
}, {
	"part": "Iris6",
	"timestamp": "19:29:18",
	"type": "add_part"
}, {
	"part": "Iris5",
	"timestamp": "19:29:22",
	"type": "add_part"
}, {
	"part": "Iris4",
	"timestamp": "19:29:25",
	"type": "add_part"
}, {
	"part": "Eyebrow3",
	"timestamp": "19:29:29",
	"type": "add_part"
}, {
	"part": "Pupil3",
	"timestamp": "19:29:36",
	"type": "add_part"
}, {
	"part": "Pupil6",
	"timestamp": "19:29:42",
	"type": "add_part"
}, {
	"part": "Pupil5",
	"timestamp": "19:29:45",
	"type": "add_part"
}, {
	"part": "Pupil3",
	"timestamp": "19:29:49",
	"type": "remove_part"
}, {
	"part": "Pupil2",
	"timestamp": "19:29:50",
	"type": "add_part"
}, {
	"part": "Iris6",
	"timestamp": "19:29:54",
	"type": "add_part"
}, {
	"part": "Iris5",
	"timestamp": "19:29:58",
	"type": "add_part"
}, {
	"part": "Eye5",
	"timestamp": "19:30:03",
	"type": "add_part"
}, {
	"eye_shape": "Eye5",
	"eyebrow": "Eyebrow3",
	"iris": "Iris5",
	"pupil": "Pupil2",
	"question_idx": 0,
	"timestamp": "19:30:09",
	"type": "submit_answer"
}, {
	"node_path": "Control/DialogSystem_Main/Fn_HandleEyeSubmittion/DisablePiedestalCollider",
	"timestamp": "19:30:09",
	"type": "dialog_node_start"
}, {
	"node_path": "Control/DialogSystem_Main/Fn_Main/Tutorial/T_GiveMoney",
	"timestamp": "19:30:09",
	"type": "dialog_node_start"
}, {
	"node_path": "Control/DialogSystem_Main/Fn_Main/Tutorial/AddMoney",
	"timestamp": "19:30:15",
	"type": "dialog_node_start"
}, {
	"amount": 11,
	"new_balance": 21,
	"original_balance": 10,
	"timestamp": "19:30:15",
	"type": "add_money"
}, {
	"node_path": "Control/DialogSystem_Main/Fn_Main/Tutorial/HideFigure",
	"timestamp": "19:30:15",
	"type": "dialog_node_start"
}, {
	"node_path": "Control/DialogSystem_Main/Fn_Main/Tutorial2",
	"timestamp": "19:30:17",
	"type": "dialog_node_start"
}, {
	"node_path": "Control/DialogSystem_Main/Fn_Main/Tutorial2/ShowFigure",
	"timestamp": "19:30:17",
	"type": "dialog_node_start"
}, {
	"node_path": "Control/DialogSystem_Main/Fn_Main/Tutorial2/Text",
	"timestamp": "19:30:19",
	"type": "dialog_node_start"
}, {
	"node_path": "Control/DialogSystem_Main/Fn_Main/Tutorial2/Call_WaitForSubmittion",
	"timestamp": "19:30:27",
	"type": "dialog_node_start"
}, {
	"node_path": "Control/DialogSystem_Main/Fn_HandleEyeSubmittion",
	"timestamp": "19:30:27",
	"type": "dialog_node_start"
}, {
	"node_path": "Control/DialogSystem_Main/Fn_HandleEyeSubmittion/EnablePiedestalCollider",
	"timestamp": "19:30:27",
	"type": "dialog_node_start"
}, {
	"node_path": "Control/DialogSystem_Main/Fn_HandleEyeSubmittion/WaitForSubmission",
	"timestamp": "19:30:27",
	"type": "dialog_node_start"
}, {
	"part": "Eye3",
	"timestamp": "19:30:36",
	"type": "add_part"
}, {
	"part": "Iris1",
	"timestamp": "19:30:40",
	"type": "add_part"
}, {
	"part": "Pupil1",
	"timestamp": "19:30:44",
	"type": "add_part"
}, {
	"part": "Eyebrow4",
	"timestamp": "19:30:48",
	"type": "add_part"
}, {
	"part": "Eyebrow6",
	"timestamp": "19:30:50",
	"type": "add_part"
}, {
	"eye_shape": "Eye3",
	"eyebrow": "Eyebrow6",
	"iris": "Iris1",
	"pupil": "Pupil1",
	"question_idx": 1,
	"timestamp": "19:30:54",
	"type": "submit_answer"
}, {
	"node_path": "Control/DialogSystem_Main/Fn_HandleEyeSubmittion/DisablePiedestalCollider",
	"timestamp": "19:30:54",
	"type": "dialog_node_start"
}, {
	"node_path": "Control/DialogSystem_Main/Fn_Main/Tutorial2/T_GiveMoney",
	"timestamp": "19:30:54",
	"type": "dialog_node_start"
}, {
	"node_path": "Control/DialogSystem_Main/Fn_Main/Tutorial2/AddMoney",
	"timestamp": "19:31:07",
	"type": "dialog_node_start"
}, {
	"amount": 35,
	"new_balance": 56,
	"original_balance": 21,
	"timestamp": "19:31:07",
	"type": "add_money"
}, {
	"node_path": "Control/DialogSystem_Main/Fn_Main/Tutorial2/HideFigure",
	"timestamp": "19:31:07",
	"type": "dialog_node_start"
}, {
	"node_path": "Control/DialogSystem_Main/Fn_Main/NeedsToForgetWhatHeDid",
	"timestamp": "19:31:09",
	"type": "dialog_node_start"
}, {
	"node_path": "Control/DialogSystem_Main/Fn_Main/NeedsToForgetWhatHeDid/ShowFigure",
	"timestamp": "19:31:09",
	"type": "dialog_node_start"
}, {
	"node_path": "Control/DialogSystem_Main/Fn_Main/NeedsToForgetWhatHeDid/Text",
	"timestamp": "19:31:11",
	"type": "dialog_node_start"
}, {
	"node_path": "Control/DialogSystem_Main/Fn_Main/NeedsToForgetWhatHeDid/Call_WaitForSubmittion",
	"timestamp": "19:31:18",
	"type": "dialog_node_start"
}, {
	"node_path": "Control/DialogSystem_Main/Fn_HandleEyeSubmittion",
	"timestamp": "19:31:18",
	"type": "dialog_node_start"
}, {
	"node_path": "Control/DialogSystem_Main/Fn_HandleEyeSubmittion/EnablePiedestalCollider",
	"timestamp": "19:31:18",
	"type": "dialog_node_start"
}, {
	"node_path": "Control/DialogSystem_Main/Fn_HandleEyeSubmittion/WaitForSubmission",
	"timestamp": "19:31:18",
	"type": "dialog_node_start"
}, {
	"part": "Eye6",
	"timestamp": "19:31:40",
	"type": "add_part"
}, {
	"part": "Iris2",
	"timestamp": "19:31:43",
	"type": "add_part"
}, {
	"part": "Eyebrow2",
	"timestamp": "19:31:50",
	"type": "add_part"
}, {
	"part": "Eyebrow5",
	"timestamp": "19:31:53",
	"type": "add_part"
}, {
	"part": "Eyebrow3",
	"timestamp": "19:31:56",
	"type": "add_part"
}, {
	"part": "Eyebrow5",
	"timestamp": "19:31:59",
	"type": "add_part"
}, {
	"part": "Pupil5",
	"timestamp": "19:32:03",
	"type": "add_part"
}, {
	"part": "Pupil6",
	"timestamp": "19:32:06",
	"type": "add_part"
}, {
	"eye_shape": "Eye6",
	"eyebrow": "Eyebrow5",
	"iris": "Iris2",
	"pupil": "Pupil6",
	"question_idx": 2,
	"timestamp": "19:32:11",
	"type": "submit_answer"
}, {
	"node_path": "Control/DialogSystem_Main/Fn_HandleEyeSubmittion/DisablePiedestalCollider",
	"timestamp": "19:32:11",
	"type": "dialog_node_start"
}, {
	"node_path": "Control/DialogSystem_Main/Fn_Main/NeedsToForgetWhatHeDid/T_GiveMoney",
	"timestamp": "19:32:11",
	"type": "dialog_node_start"
}, {
	"node_path": "Control/DialogSystem_Main/Fn_Main/NeedsToForgetWhatHeDid/AddMoney",
	"timestamp": "19:32:18",
	"type": "dialog_node_start"
}, {
	"amount": 7,
	"new_balance": 63,
	"original_balance": 56,
	"timestamp": "19:32:18",
	"type": "add_money"
}, {
	"node_path": "Control/DialogSystem_Main/Fn_Main/NeedsToForgetWhatHeDid/HideFigure",
	"timestamp": "19:32:18",
	"type": "dialog_node_start"
}, {
	"node_path": "Control/DialogSystem_Main/Fn_Main/LoyalKnight",
	"timestamp": "19:32:20",
	"type": "dialog_node_start"
}, {
	"node_path": "Control/DialogSystem_Main/Fn_Main/LoyalKnight/ShowFigure",
	"timestamp": "19:32:20",
	"type": "dialog_node_start"
}, {
	"node_path": "Control/DialogSystem_Main/Fn_Main/LoyalKnight/Text",
	"timestamp": "19:32:22",
	"type": "dialog_node_start"
}, {
	"node_path": "Control/DialogSystem_Main/Fn_Main/LoyalKnight/Call_WaitForSubmittion",
	"timestamp": "19:32:28",
	"type": "dialog_node_start"
}, {
	"node_path": "Control/DialogSystem_Main/Fn_HandleEyeSubmittion",
	"timestamp": "19:32:28",
	"type": "dialog_node_start"
}, {
	"node_path": "Control/DialogSystem_Main/Fn_HandleEyeSubmittion/EnablePiedestalCollider",
	"timestamp": "19:32:28",
	"type": "dialog_node_start"
}, {
	"node_path": "Control/DialogSystem_Main/Fn_HandleEyeSubmittion/WaitForSubmission",
	"timestamp": "19:32:28",
	"type": "dialog_node_start"
}, {
	"part": "Eye1",
	"timestamp": "19:32:33",
	"type": "remove_part"
}, {
	"part": "Eye4",
	"timestamp": "19:32:36",
	"type": "add_part"
}, {
	"part": "Iris4",
	"timestamp": "19:32:42",
	"type": "add_part"
}, {
	"part": "Iris5",
	"timestamp": "19:32:45",
	"type": "add_part"
}, {
	"part": "Iris1",
	"timestamp": "19:32:49",
	"type": "add_part"
}, {
	"part": "Pupil2",
	"timestamp": "19:32:53",
	"type": "add_part"
}, {
	"part": "Eyebrow4",
	"timestamp": "19:32:57",
	"type": "add_part"
}, {
	"eye_shape": "Eye4",
	"eyebrow": "Eyebrow4",
	"iris": "Iris1",
	"pupil": "Pupil2",
	"question_idx": 3,
	"timestamp": "19:33:00",
	"type": "submit_answer"
}, {
	"node_path": "Control/DialogSystem_Main/Fn_HandleEyeSubmittion/DisablePiedestalCollider",
	"timestamp": "19:33:00",
	"type": "dialog_node_start"
}, {
	"node_path": "Control/DialogSystem_Main/Fn_Main/LoyalKnight/T_GiveMoney",
	"timestamp": "19:33:00",
	"type": "dialog_node_start"
}, {
	"node_path": "Control/DialogSystem_Main/Fn_Main/LoyalKnight/AddMoney",
	"timestamp": "19:33:06",
	"type": "dialog_node_start"
}, {
	"amount": 45,
	"new_balance": 108,
	"original_balance": 63,
	"timestamp": "19:33:06",
	"type": "add_money"
}, {
	"node_path": "Control/DialogSystem_Main/Fn_Main/LoyalKnight/HideFigure",
	"timestamp": "19:33:06",
	"type": "dialog_node_start"
}, {
	"node_path": "Control/DialogSystem_Main/Fn_Main/Vain",
	"timestamp": "19:33:08",
	"type": "dialog_node_start"
}, {
	"node_path": "Control/DialogSystem_Main/Fn_Main/Vain/ShowFigure",
	"timestamp": "19:33:08",
	"type": "dialog_node_start"
}, {
	"node_path": "Control/DialogSystem_Main/Fn_Main/Vain/Text",
	"timestamp": "19:33:10",
	"type": "dialog_node_start"
}, {
	"object": "Irises2",
	"original_placement": "P8",
	"timestamp": "19:33:11",
	"type": "grab_object"
}, {
	"destination": "MainShelf",
	"object": "Irises2",
	"timestamp": "19:33:12",
	"type": "place_object"
}, {
	"object": "Irises2",
	"original_placement": "MainShelf",
	"timestamp": "19:33:13",
	"type": "grab_object"
}, {
	"destination": "P8",
	"object": "Irises2",
	"timestamp": "19:33:14",
	"type": "place_object"
}, {
	"node_path": "Control/DialogSystem_Main/Fn_Main/Vain/Call_WaitForSubmittion",
	"timestamp": "19:33:19",
	"type": "dialog_node_start"
}, {
	"node_path": "Control/DialogSystem_Main/Fn_HandleEyeSubmittion",
	"timestamp": "19:33:19",
	"type": "dialog_node_start"
}, {
	"node_path": "Control/DialogSystem_Main/Fn_HandleEyeSubmittion/EnablePiedestalCollider",
	"timestamp": "19:33:19",
	"type": "dialog_node_start"
}, {
	"node_path": "Control/DialogSystem_Main/Fn_HandleEyeSubmittion/WaitForSubmission",
	"timestamp": "19:33:19",
	"type": "dialog_node_start"
}, {
	"part": "Eye2",
	"timestamp": "19:33:26",
	"type": "add_part"
}, {
	"part": "Iris6",
	"timestamp": "19:33:30",
	"type": "add_part"
}, {
	"part": "Eyebrow1",
	"timestamp": "19:33:35",
	"type": "add_part"
}, {
	"part": "Pupil2",
	"timestamp": "19:33:37",
	"type": "add_part"
}, {
	"part": "Pupil1",
	"timestamp": "19:33:39",
	"type": "add_part"
}, {
	"part": "Pupil4",
	"timestamp": "19:33:45",
	"type": "add_part"
}, {
	"eye_shape": "Eye2",
	"eyebrow": "Eyebrow1",
	"iris": "Iris6",
	"pupil": "Pupil4",
	"question_idx": 4,
	"timestamp": "19:33:51",
	"type": "submit_answer"
}, {
	"node_path": "Control/DialogSystem_Main/Fn_HandleEyeSubmittion/DisablePiedestalCollider",
	"timestamp": "19:33:51",
	"type": "dialog_node_start"
}, {
	"node_path": "Control/DialogSystem_Main/Fn_Main/Vain/T_GiveMoney",
	"timestamp": "19:33:51",
	"type": "dialog_node_start"
}, {
	"node_path": "Control/DialogSystem_Main/Fn_Main/Vain/AddMoney",
	"timestamp": "19:33:59",
	"type": "dialog_node_start"
}, {
	"amount": 10,
	"new_balance": 118,
	"original_balance": 108,
	"timestamp": "19:33:59",
	"type": "add_money"
}, {
	"node_path": "Control/DialogSystem_Main/Fn_Main/Vain/HideFigure",
	"timestamp": "19:33:59",
	"type": "dialog_node_start"
}, {
	"node_path": "Control/DialogSystem_Main/Fn_Main/GentleWerewolf",
	"timestamp": "19:34:01",
	"type": "dialog_node_start"
}, {
	"node_path": "Control/DialogSystem_Main/Fn_Main/GentleWerewolf/ShowFigure",
	"timestamp": "19:34:01",
	"type": "dialog_node_start"
}, {
	"node_path": "Control/DialogSystem_Main/Fn_Main/GentleWerewolf/Text",
	"timestamp": "19:34:03",
	"type": "dialog_node_start"
}, {
	"node_path": "Control/DialogSystem_Main/Fn_Main/GentleWerewolf/Wait",
	"timestamp": "19:34:07",
	"type": "dialog_node_start"
}, {
	"node_path": "Control/DialogSystem_Main/Fn_Main/GentleWerewolf/Text2",
	"timestamp": "19:34:08",
	"type": "dialog_node_start"
}, {
	"node_path": "Control/DialogSystem_Main/Fn_Main/GentleWerewolf/Wait2",
	"timestamp": "19:34:12",
	"type": "dialog_node_start"
}, {
	"node_path": "Control/DialogSystem_Main/Fn_Main/GentleWerewolf/Text3",
	"timestamp": "19:34:13",
	"type": "dialog_node_start"
}, {
	"node_path": "Control/DialogSystem_Main/Fn_Main/GentleWerewolf/Call_WaitForSubmittion",
	"timestamp": "19:34:18",
	"type": "dialog_node_start"
}, {
	"node_path": "Control/DialogSystem_Main/Fn_HandleEyeSubmittion",
	"timestamp": "19:34:18",
	"type": "dialog_node_start"
}, {
	"node_path": "Control/DialogSystem_Main/Fn_HandleEyeSubmittion/EnablePiedestalCollider",
	"timestamp": "19:34:18",
	"type": "dialog_node_start"
}, {
	"node_path": "Control/DialogSystem_Main/Fn_HandleEyeSubmittion/WaitForSubmission",
	"timestamp": "19:34:18",
	"type": "dialog_node_start"
}, {
	"part": "Eye1",
	"timestamp": "19:34:23",
	"type": "add_part"
}, {
	"part": "Iris2",
	"timestamp": "19:34:30",
	"type": "add_part"
}, {
	"part": "Pupil6",
	"timestamp": "19:34:36",
	"type": "add_part"
}, {
	"part": "Eyebrow3",
	"timestamp": "19:34:42",
	"type": "add_part"
}, {
	"eye_shape": "Eye1",
	"eyebrow": "Eyebrow3",
	"iris": "Iris2",
	"pupil": "Pupil6",
	"question_idx": 5,
	"timestamp": "19:34:47",
	"type": "submit_answer"
}, {
	"node_path": "Control/DialogSystem_Main/Fn_HandleEyeSubmittion/DisablePiedestalCollider",
	"timestamp": "19:34:47",
	"type": "dialog_node_start"
}, {
	"node_path": "Control/DialogSystem_Main/Fn_Main/GentleWerewolf/T_GiveFlower",
	"timestamp": "19:34:47",
	"type": "dialog_node_start"
}, {
	"node_path": "Control/DialogSystem_Main/Fn_Main/GentleWerewolf/GiveFlower",
	"timestamp": "19:34:55",
	"type": "dialog_node_start"
}, {
	"node_path": "Control/DialogSystem_Main/Fn_Main/GentleWerewolf/ShowFlower",
	"timestamp": "19:34:55",
	"type": "dialog_node_start"
}, {
	"node_path": "Control/DialogSystem_Main/Fn_Main/GentleWerewolf/HideFigure",
	"timestamp": "19:34:56",
	"type": "dialog_node_start"
}, {
	"node_path": "Control/DialogSystem_Main/Fn_Main/Gambler",
	"timestamp": "19:34:58",
	"type": "dialog_node_start"
}, {
	"node_path": "Control/DialogSystem_Main/Fn_Main/Gambler/ShowFigure",
	"timestamp": "19:34:58",
	"type": "dialog_node_start"
}, {
	"object": "WerewolfFlower",
	"original_placement": "MainShelf2",
	"timestamp": "19:34:59",
	"type": "grab_object"
}, {
	"node_path": "Control/DialogSystem_Main/Fn_Main/Gambler/Text",
	"timestamp": "19:35:00",
	"type": "dialog_node_start"
}, {
	"node_path": "Control/DialogSystem_Main/Fn_Main/Gambler/Call_WaitForSubmittion",
	"timestamp": "19:35:05",
	"type": "dialog_node_start"
}, {
	"node_path": "Control/DialogSystem_Main/Fn_HandleEyeSubmittion",
	"timestamp": "19:35:05",
	"type": "dialog_node_start"
}, {
	"node_path": "Control/DialogSystem_Main/Fn_HandleEyeSubmittion/EnablePiedestalCollider",
	"timestamp": "19:35:05",
	"type": "dialog_node_start"
}, {
	"node_path": "Control/DialogSystem_Main/Fn_HandleEyeSubmittion/WaitForSubmission",
	"timestamp": "19:35:05",
	"type": "dialog_node_start"
}, {
	"destination": "MainShelf",
	"object": "WerewolfFlower",
	"timestamp": "19:35:08",
	"type": "place_object"
}, {
	"object": "WerewolfFlower",
	"original_placement": "MainShelf",
	"timestamp": "19:35:08",
	"type": "grab_object"
}, {
	"destination": "P17",
	"object": "WerewolfFlower",
	"timestamp": "19:35:09",
	"type": "place_object"
}, {
	"part": "Eye3",
	"timestamp": "19:35:21",
	"type": "add_part"
}, {
	"part": "Eye3",
	"timestamp": "19:35:23",
	"type": "remove_part"
}, {
	"part": "Eye4",
	"timestamp": "19:35:25",
	"type": "add_part"
}, {
	"part": "Iris5",
	"timestamp": "19:35:27",
	"type": "remove_part"
}, {
	"object": "Irises2",
	"original_placement": "P8",
	"timestamp": "19:35:28",
	"type": "grab_object"
}, {
	"destination": "P8",
	"object": "Irises2",
	"timestamp": "19:35:28",
	"type": "place_object"
}, {
	"object": "Irises2",
	"original_placement": "P8",
	"timestamp": "19:35:30",
	"type": "grab_object"
}, {
	"destination": "P8",
	"object": "Irises2",
	"timestamp": "19:35:31",
	"type": "place_object"
}, {
	"part": "Iris3",
	"timestamp": "19:35:38",
	"type": "remove_part"
}, {
	"part": "Iris5",
	"timestamp": "19:35:40",
	"type": "add_part"
}, {
	"part": "Eyebrow5",
	"timestamp": "19:35:46",
	"type": "add_part"
}, {
	"part": "Pupil5",
	"timestamp": "19:35:51",
	"type": "add_part"
}, {
	"eye_shape": "Eye4",
	"eyebrow": "Eyebrow5",
	"iris": "Iris5",
	"pupil": "Pupil5",
	"question_idx": 6,
	"timestamp": "19:35:53",
	"type": "submit_answer"
}, {
	"node_path": "Control/DialogSystem_Main/Fn_HandleEyeSubmittion/DisablePiedestalCollider",
	"timestamp": "19:35:53",
	"type": "dialog_node_start"
}, {
	"node_path": "Control/DialogSystem_Main/Fn_Main/Gambler/T_GiveMoney",
	"timestamp": "19:35:53",
	"type": "dialog_node_start"
}, {
	"node_path": "Control/DialogSystem_Main/Fn_Main/Gambler/AddMoney",
	"timestamp": "19:36:00",
	"type": "dialog_node_start"
}, {
	"amount": 6,
	"new_balance": 124,
	"original_balance": 118,
	"timestamp": "19:36:00",
	"type": "add_money"
}, {
	"node_path": "Control/DialogSystem_Main/Fn_Main/Gambler/HideFigure",
	"timestamp": "19:36:00",
	"type": "dialog_node_start"
}, {
	"node_path": "Control/DialogSystem_Main/Fn_Main/PoorPeasant",
	"timestamp": "19:36:02",
	"type": "dialog_node_start"
}, {
	"node_path": "Control/DialogSystem_Main/Fn_Main/PoorPeasant/ShowFigure",
	"timestamp": "19:36:02",
	"type": "dialog_node_start"
}, {
	"node_path": "Control/DialogSystem_Main/Fn_Main/PoorPeasant/Text",
	"timestamp": "19:36:04",
	"type": "dialog_node_start"
}, {
	"node_path": "Control/DialogSystem_Main/Fn_Main/PoorPeasant/Call_WaitForSubmittion",
	"timestamp": "19:36:10",
	"type": "dialog_node_start"
}, {
	"node_path": "Control/DialogSystem_Main/Fn_HandleEyeSubmittion",
	"timestamp": "19:36:10",
	"type": "dialog_node_start"
}, {
	"node_path": "Control/DialogSystem_Main/Fn_HandleEyeSubmittion/EnablePiedestalCollider",
	"timestamp": "19:36:10",
	"type": "dialog_node_start"
}, {
	"node_path": "Control/DialogSystem_Main/Fn_HandleEyeSubmittion/WaitForSubmission",
	"timestamp": "19:36:10",
	"type": "dialog_node_start"
}, {
	"object": "Glasses",
	"original_placement": "<nil>",
	"timestamp": "19:36:11",
	"type": "grab_object"
}, {
	"balance_before_purchase": 124,
	"price": 120,
	"timestamp": "19:36:11",
	"type": "purchase",
	"what": "Glasses"
}, {
	"destination": "P9",
	"object": "Glasses",
	"timestamp": "19:36:11",
	"type": "place_object"
}, {
	"object": "Glasses",
	"original_placement": "P9",
	"timestamp": "19:36:16",
	"type": "grab_object"
}, {
	"destination": "P9",
	"object": "Glasses",
	"timestamp": "19:36:17",
	"type": "place_object"
}, {
	"part": "Eye1",
	"timestamp": "19:36:29",
	"type": "add_part"
}, {
	"part": "Iris6",
	"timestamp": "19:36:36",
	"type": "add_part"
}, {
	"part": "Pupil2",
	"timestamp": "19:36:40",
	"type": "add_part"
}, {
	"part": "Pupil3",
	"timestamp": "19:36:44",
	"type": "add_part"
}, {
	"part": "Pupil1",
	"timestamp": "19:36:46",
	"type": "add_part"
}, {
	"part": "Pupil2",
	"timestamp": "19:36:49",
	"type": "add_part"
}, {
	"object": "Glasses",
	"original_placement": "P9",
	"timestamp": "19:36:51",
	"type": "grab_object"
}, {
	"destination": "MainShelf2",
	"object": "Glasses",
	"timestamp": "19:36:51",
	"type": "place_object"
}, {
	"object": "Glasses",
	"original_placement": "MainShelf2",
	"timestamp": "19:36:53",
	"type": "grab_object"
}, {
	"destination": "MainShelf2",
	"object": "Glasses",
	"timestamp": "19:36:54",
	"type": "place_object"
}, {
	"object": "Glasses",
	"original_placement": "MainShelf2",
	"timestamp": "19:36:54",
	"type": "grab_object"
}, {
	"destination": "MainShelf2",
	"object": "Glasses",
	"timestamp": "19:36:54",
	"type": "place_object"
}, {
	"object": "Glasses",
	"original_placement": "MainShelf2",
	"timestamp": "19:36:55",
	"type": "grab_object"
}, {
	"destination": "P9",
	"object": "Glasses",
	"timestamp": "19:36:56",
	"type": "place_object"
}, {
	"object": "Glasses",
	"original_placement": "P9",
	"timestamp": "19:37:00",
	"type": "grab_object"
}, {
	"destination": "MainShelf",
	"object": "Glasses",
	"timestamp": "19:37:01",
	"type": "place_object"
}, {
	"object": "Glasses",
	"original_placement": "MainShelf",
	"timestamp": "19:37:03",
	"type": "grab_object"
}, {
	"destination": "P13",
	"object": "Glasses",
	"timestamp": "19:37:03",
	"type": "place_object"
}, {
	"part": "Eyebrow4",
	"timestamp": "19:37:08",
	"type": "add_part"
}, {
	"part": "Eyebrow6",
	"timestamp": "19:37:14",
	"type": "add_part"
}, {
	"eye_shape": "Eye1",
	"eyebrow": "Eyebrow6",
	"iris": "Iris6",
	"pupil": "Pupil2",
	"question_idx": 7,
	"timestamp": "19:37:16",
	"type": "submit_answer"
}, {
	"node_path": "Control/DialogSystem_Main/Fn_HandleEyeSubmittion/DisablePiedestalCollider",
	"timestamp": "19:37:16",
	"type": "dialog_node_start"
}, {
	"node_path": "Control/DialogSystem_Main/Fn_Main/PoorPeasant/T_GiveMoney",
	"timestamp": "19:37:16",
	"type": "dialog_node_start"
}, {
	"node_path": "Control/DialogSystem_Main/Fn_Main/PoorPeasant/AddMoney",
	"timestamp": "19:37:23",
	"type": "dialog_node_start"
}, {
	"amount": 3,
	"new_balance": 7,
	"original_balance": 4,
	"timestamp": "19:37:23",
	"type": "add_money"
}, {
	"node_path": "Control/DialogSystem_Main/Fn_Main/PoorPeasant/HideFigure",
	"timestamp": "19:37:23",
	"type": "dialog_node_start"
}, {
	"node_path": "Control/DialogSystem_Main/Fn_Main/Warlock",
	"timestamp": "19:37:25",
	"type": "dialog_node_start"
}, {
	"node_path": "Control/DialogSystem_Main/Fn_Main/Warlock/ShowFigure",
	"timestamp": "19:37:25",
	"type": "dialog_node_start"
}, {
	"node_path": "Control/DialogSystem_Main/Fn_Main/Warlock/Text",
	"timestamp": "19:37:27",
	"type": "dialog_node_start"
}, {
	"node_path": "Control/DialogSystem_Main/Fn_Main/Warlock/Call_WaitForSubmittion",
	"timestamp": "19:37:40",
	"type": "dialog_node_start"
}, {
	"node_path": "Control/DialogSystem_Main/Fn_HandleEyeSubmittion",
	"timestamp": "19:37:40",
	"type": "dialog_node_start"
}, {
	"node_path": "Control/DialogSystem_Main/Fn_HandleEyeSubmittion/EnablePiedestalCollider",
	"timestamp": "19:37:40",
	"type": "dialog_node_start"
}, {
	"node_path": "Control/DialogSystem_Main/Fn_HandleEyeSubmittion/WaitForSubmission",
	"timestamp": "19:37:40",
	"type": "dialog_node_start"
}, {
	"part": "Iris3",
	"timestamp": "19:37:41",
	"type": "add_part"
}, {
	"part": "Eye5",
	"timestamp": "19:37:48",
	"type": "add_part"
}, {
	"part": "Eyebrow5",
	"timestamp": "19:37:52",
	"type": "add_part"
}, {
	"part": "Pupil6",
	"timestamp": "19:37:56",
	"type": "add_part"
}, {
	"part": "Pupil4",
	"timestamp": "19:37:59",
	"type": "add_part"
}, {
	"eye_shape": "Eye5",
	"eyebrow": "Eyebrow5",
	"iris": "Iris3",
	"pupil": "Pupil4",
	"question_idx": 8,
	"timestamp": "19:38:02",
	"type": "submit_answer"
}, {
	"node_path": "Control/DialogSystem_Main/Fn_HandleEyeSubmittion/DisablePiedestalCollider",
	"timestamp": "19:38:02",
	"type": "dialog_node_start"
}, {
	"node_path": "Control/DialogSystem_Main/Fn_Main/Warlock/T_GiveMoney",
	"timestamp": "19:38:02",
	"type": "dialog_node_start"
}, {
	"node_path": "Control/DialogSystem_Main/Fn_Main/Warlock/AddMoney",
	"timestamp": "19:38:07",
	"type": "dialog_node_start"
}, {
	"amount": 66,
	"new_balance": 73,
	"original_balance": 7,
	"timestamp": "19:38:07",
	"type": "add_money"
}, {
	"node_path": "Control/DialogSystem_Main/Fn_Main/Warlock/HideFigure",
	"timestamp": "19:38:07",
	"type": "dialog_node_start"
}, {
	"node_path": "Control/DialogSystem_Main/Fn_Main/BookEnjoyer",
	"timestamp": "19:38:09",
	"type": "dialog_node_start"
}, {
	"node_path": "Control/DialogSystem_Main/Fn_Main/BookEnjoyer/ShowFigure",
	"timestamp": "19:38:09",
	"type": "dialog_node_start"
}, {
	"node_path": "Control/DialogSystem_Main/Fn_Main/BookEnjoyer/Text",
	"timestamp": "19:38:11",
	"type": "dialog_node_start"
}, {
	"node_path": "Control/DialogSystem_Main/Fn_Main/BookEnjoyer/Call_WaitForSubmittion",
	"timestamp": "19:38:19",
	"type": "dialog_node_start"
}, {
	"node_path": "Control/DialogSystem_Main/Fn_HandleEyeSubmittion",
	"timestamp": "19:38:19",
	"type": "dialog_node_start"
}, {
	"node_path": "Control/DialogSystem_Main/Fn_HandleEyeSubmittion/EnablePiedestalCollider",
	"timestamp": "19:38:19",
	"type": "dialog_node_start"
}, {
	"node_path": "Control/DialogSystem_Main/Fn_HandleEyeSubmittion/WaitForSubmission",
	"timestamp": "19:38:19",
	"type": "dialog_node_start"
}, {
	"part": "Iris6",
	"timestamp": "19:38:26",
	"type": "add_part"
}, {
	"part": "Eye3",
	"timestamp": "19:38:29",
	"type": "add_part"
}, {
	"part": "Pupil2",
	"timestamp": "19:38:32",
	"type": "add_part"
}, {
	"part": "Pupil3",
	"timestamp": "19:38:35",
	"type": "add_part"
}, {
	"part": "Pupil2",
	"timestamp": "19:38:38",
	"type": "add_part"
}, {
	"part": "Pupil1",
	"timestamp": "19:38:40",
	"type": "add_part"
}, {
	"part": "Eyebrow3",
	"timestamp": "19:38:43",
	"type": "add_part"
}, {
	"eye_shape": "Eye3",
	"eyebrow": "Eyebrow3",
	"iris": "Iris6",
	"pupil": "Pupil1",
	"question_idx": 9,
	"timestamp": "19:38:46",
	"type": "submit_answer"
}, {
	"node_path": "Control/DialogSystem_Main/Fn_HandleEyeSubmittion/DisablePiedestalCollider",
	"timestamp": "19:38:46",
	"type": "dialog_node_start"
}, {
	"node_path": "Control/DialogSystem_Main/Fn_Main/BookEnjoyer/T_GiveMoney",
	"timestamp": "19:38:46",
	"type": "dialog_node_start"
}, {
	"node_path": "Control/DialogSystem_Main/Fn_Main/BookEnjoyer/AddMoney",
	"timestamp": "19:38:56",
	"type": "dialog_node_start"
}, {
	"amount": 14,
	"new_balance": 87,
	"original_balance": 73,
	"timestamp": "19:38:56",
	"type": "add_money"
}, {
	"node_path": "Control/DialogSystem_Main/Fn_Main/BookEnjoyer/HideFigure",
	"timestamp": "19:38:56",
	"type": "dialog_node_start"
}, {
	"node_path": "Control/DialogSystem_Main/Fn_Main/FormerVizier",
	"timestamp": "19:38:58",
	"type": "dialog_node_start"
}, {
	"node_path": "Control/DialogSystem_Main/Fn_Main/FormerVizier/ShowFigure",
	"timestamp": "19:38:58",
	"type": "dialog_node_start"
}, {
	"node_path": "Control/DialogSystem_Main/Fn_Main/FormerVizier/Text",
	"timestamp": "19:39:00",
	"type": "dialog_node_start"
}, {
	"node_path": "Control/DialogSystem_Main/Fn_Main/FormerVizier/Call_WaitForSubmittion",
	"timestamp": "19:39:11",
	"type": "dialog_node_start"
}, {
	"node_path": "Control/DialogSystem_Main/Fn_HandleEyeSubmittion",
	"timestamp": "19:39:11",
	"type": "dialog_node_start"
}, {
	"node_path": "Control/DialogSystem_Main/Fn_HandleEyeSubmittion/EnablePiedestalCollider",
	"timestamp": "19:39:11",
	"type": "dialog_node_start"
}, {
	"node_path": "Control/DialogSystem_Main/Fn_HandleEyeSubmittion/WaitForSubmission",
	"timestamp": "19:39:11",
	"type": "dialog_node_start"
}, {
	"part": "Eye2",
	"timestamp": "19:39:17",
	"type": "add_part"
}, {
	"part": "Eye3",
	"timestamp": "19:39:22",
	"type": "add_part"
}, {
	"part": "Iris6",
	"timestamp": "19:39:26",
	"type": "add_part"
}, {
	"part": "Eyebrow1",
	"timestamp": "19:39:29",
	"type": "add_part"
}, {
	"part": "Pupil4",
	"timestamp": "19:39:32",
	"type": "add_part"
}, {
	"part": "Eye2",
	"timestamp": "19:39:37",
	"type": "add_part"
}, {
	"eye_shape": "Eye2",
	"eyebrow": "Eyebrow1",
	"iris": "Iris6",
	"pupil": "Pupil4",
	"question_idx": 10,
	"timestamp": "19:39:39",
	"type": "submit_answer"
}, {
	"node_path": "Control/DialogSystem_Main/Fn_HandleEyeSubmittion/DisablePiedestalCollider",
	"timestamp": "19:39:39",
	"type": "dialog_node_start"
}, {
	"node_path": "Control/DialogSystem_Main/Fn_Main/FormerVizier/T_GiveMoney",
	"timestamp": "19:39:39",
	"type": "dialog_node_start"
}, {
	"node_path": "Control/DialogSystem_Main/Fn_Main/FormerVizier/AddMoney",
	"timestamp": "19:39:48",
	"type": "dialog_node_start"
}, {
	"amount": 25,
	"new_balance": 112,
	"original_balance": 87,
	"timestamp": "19:39:48",
	"type": "add_money"
}, {
	"node_path": "Control/DialogSystem_Main/Fn_Main/FormerVizier/HideFigure",
	"timestamp": "19:39:48",
	"type": "dialog_node_start"
}, {
	"node_path": "Control/DialogSystem_Main/Fn_Main/MadScientist",
	"timestamp": "19:39:50",
	"type": "dialog_node_start"
}, {
	"node_path": "Control/DialogSystem_Main/Fn_Main/MadScientist/ShowFigure",
	"timestamp": "19:39:50",
	"type": "dialog_node_start"
}, {
	"node_path": "Control/DialogSystem_Main/Fn_Main/MadScientist/Text",
	"timestamp": "19:39:52",
	"type": "dialog_node_start"
}, {
	"node_path": "Control/DialogSystem_Main/Fn_Main/MadScientist/Call_WaitForSubmittion",
	"timestamp": "19:40:03",
	"type": "dialog_node_start"
}, {
	"node_path": "Control/DialogSystem_Main/Fn_HandleEyeSubmittion",
	"timestamp": "19:40:03",
	"type": "dialog_node_start"
}, {
	"node_path": "Control/DialogSystem_Main/Fn_HandleEyeSubmittion/EnablePiedestalCollider",
	"timestamp": "19:40:03",
	"type": "dialog_node_start"
}, {
	"node_path": "Control/DialogSystem_Main/Fn_HandleEyeSubmittion/WaitForSubmission",
	"timestamp": "19:40:03",
	"type": "dialog_node_start"
}, {
	"part": "Eye6",
	"timestamp": "19:40:09",
	"type": "add_part"
}, {
	"part": "Iris5",
	"timestamp": "19:40:12",
	"type": "add_part"
}, {
	"part": "Iris2",
	"timestamp": "19:40:14",
	"type": "add_part"
}, {
	"part": "Pupil5",
	"timestamp": "19:40:16",
	"type": "add_part"
}, {
	"part": "Eyebrow2",
	"timestamp": "19:40:22",
	"type": "add_part"
}, {
	"eye_shape": "Eye6",
	"eyebrow": "Eyebrow2",
	"iris": "Iris2",
	"pupil": "Pupil5",
	"question_idx": 11,
	"timestamp": "19:40:24",
	"type": "submit_answer"
}, {
	"node_path": "Control/DialogSystem_Main/Fn_HandleEyeSubmittion/DisablePiedestalCollider",
	"timestamp": "19:40:24",
	"type": "dialog_node_start"
}, {
	"node_path": "Control/DialogSystem_Main/Fn_Main/MadScientist/T_GivePotion",
	"timestamp": "19:40:24",
	"type": "dialog_node_start"
}, {
	"node_path": "Control/DialogSystem_Main/Fn_Main/MadScientist/GivePotion",
	"timestamp": "19:40:37",
	"type": "dialog_node_start"
}, {
	"node_path": "Control/DialogSystem_Main/Fn_Main/MadScientist/HideFigure",
	"timestamp": "19:40:38",
	"type": "dialog_node_start"
}, {
	"object": "Potion",
	"original_placement": "P6",
	"timestamp": "19:40:39",
	"type": "grab_object"
}, {
	"destination": "P6",
	"object": "Potion",
	"timestamp": "19:40:39",
	"type": "place_object"
}, {
	"node_path": "Control/DialogSystem_Main/Fn_Main/Archmage",
	"timestamp": "19:40:40",
	"type": "dialog_node_start"
}, {
	"node_path": "Control/DialogSystem_Main/Fn_Main/Archmage/ShowFigure",
	"timestamp": "19:40:40",
	"type": "dialog_node_start"
}, {
	"object": "Potion",
	"original_placement": "P6",
	"timestamp": "19:40:40",
	"type": "grab_object"
}, {
	"destination": "MainShelf",
	"object": "Potion",
	"timestamp": "19:40:40",
	"type": "place_object"
}, {
	"object": "Potion",
	"original_placement": "MainShelf",
	"timestamp": "19:40:41",
	"type": "grab_object"
}, {
	"destination": "MainShelf",
	"object": "Potion",
	"timestamp": "19:40:41",
	"type": "place_object"
}, {
	"object": "Potion",
	"original_placement": "MainShelf",
	"timestamp": "19:40:41",
	"type": "grab_object"
}, {
	"destination": "MainShelf",
	"object": "Potion",
	"timestamp": "19:40:41",
	"type": "place_object"
}, {
	"object": "Potion",
	"original_placement": "MainShelf",
	"timestamp": "19:40:42",
	"type": "grab_object"
}, {
	"destination": "P17",
	"object": "Potion",
	"timestamp": "19:40:42",
	"type": "place_object"
}, {
	"node_path": "Control/DialogSystem_Main/Fn_Main/Archmage/Text",
	"timestamp": "19:40:46",
	"type": "dialog_node_start"
}, {
	"node_path": "Control/DialogSystem_Main/Fn_Main/Archmage/Call_WaitForSubmittion",
	"timestamp": "19:40:55",
	"type": "dialog_node_start"
}, {
	"node_path": "Control/DialogSystem_Main/Fn_HandleEyeSubmittion",
	"timestamp": "19:40:55",
	"type": "dialog_node_start"
}, {
	"node_path": "Control/DialogSystem_Main/Fn_HandleEyeSubmittion/EnablePiedestalCollider",
	"timestamp": "19:40:55",
	"type": "dialog_node_start"
}, {
	"node_path": "Control/DialogSystem_Main/Fn_HandleEyeSubmittion/WaitForSubmission",
	"timestamp": "19:40:55",
	"type": "dialog_node_start"
}, {
	"part": "Eye3",
	"timestamp": "19:41:05",
	"type": "add_part"
}, {
	"part": "Iris6",
	"timestamp": "19:41:07",
	"type": "add_part"
}, {
	"part": "Pupil4",
	"timestamp": "19:41:09",
	"type": "add_part"
}, {
	"part": "Eyebrow6",
	"timestamp": "19:41:13",
	"type": "add_part"
}, {
	"eye_shape": "Eye3",
	"eyebrow": "Eyebrow6",
	"iris": "Iris6",
	"pupil": "Pupil4",
	"question_idx": 12,
	"timestamp": "19:41:16",
	"type": "submit_answer"
}, {
	"node_path": "Control/DialogSystem_Main/Fn_HandleEyeSubmittion/DisablePiedestalCollider",
	"timestamp": "19:41:16",
	"type": "dialog_node_start"
}, {
	"node_path": "Control/DialogSystem_Main/Fn_Main/Archmage/T_GiveMoney",
	"timestamp": "19:41:16",
	"type": "dialog_node_start"
}, {
	"node_path": "Control/DialogSystem_Main/Fn_Main/Archmage/AddMoney",
	"timestamp": "19:41:27",
	"type": "dialog_node_start"
}, {
	"amount": 80,
	"new_balance": 192,
	"original_balance": 112,
	"timestamp": "19:41:27",
	"type": "add_money"
}, {
	"node_path": "Control/DialogSystem_Main/Fn_Main/Archmage/HideFigure",
	"timestamp": "19:41:27",
	"type": "dialog_node_start"
}, {
	"node_path": "Control/DialogSystem_Main/Fn_Main/Scared",
	"timestamp": "19:41:28",
	"type": "dialog_node_start"
}, {
	"node_path": "Control/DialogSystem_Main/Fn_Main/Scared/ShowFigure",
	"timestamp": "19:41:28",
	"type": "dialog_node_start"
}, {
	"node_path": "Control/DialogSystem_Main/Fn_Main/Scared/Text",
	"timestamp": "19:41:34",
	"type": "dialog_node_start"
}, {
	"node_path": "Control/DialogSystem_Main/Fn_Main/Scared/Call_WaitForSubmittion",
	"timestamp": "19:41:39",
	"type": "dialog_node_start"
}, {
	"node_path": "Control/DialogSystem_Main/Fn_HandleEyeSubmittion",
	"timestamp": "19:41:39",
	"type": "dialog_node_start"
}, {
	"node_path": "Control/DialogSystem_Main/Fn_HandleEyeSubmittion/EnablePiedestalCollider",
	"timestamp": "19:41:39",
	"type": "dialog_node_start"
}, {
	"node_path": "Control/DialogSystem_Main/Fn_HandleEyeSubmittion/WaitForSubmission",
	"timestamp": "19:41:39",
	"type": "dialog_node_start"
}, {
	"part": "Eye4",
	"timestamp": "19:41:45",
	"type": "remove_part"
}, {
	"part": "Eye5",
	"timestamp": "19:41:46",
	"type": "add_part"
}, {
	"part": "Iris2",
	"timestamp": "19:41:49",
	"type": "add_part"
}, {
	"part": "Iris5",
	"timestamp": "19:41:52",
	"type": "add_part"
}, {
	"part": "Pupil2",
	"timestamp": "19:41:54",
	"type": "add_part"
}, {
	"part": "Eyebrow5",
	"timestamp": "19:41:56",
	"type": "add_part"
}, {
	"eye_shape": "Eye5",
	"eyebrow": "Eyebrow5",
	"iris": "Iris5",
	"pupil": "Pupil2",
	"question_idx": 13,
	"timestamp": "19:41:58",
	"type": "submit_answer"
}, {
	"node_path": "Control/DialogSystem_Main/Fn_HandleEyeSubmittion/DisablePiedestalCollider",
	"timestamp": "19:41:58",
	"type": "dialog_node_start"
}, {
	"node_path": "Control/DialogSystem_Main/Fn_Main/Scared/T_GiveMoney",
	"timestamp": "19:41:58",
	"type": "dialog_node_start"
}, {
	"node_path": "Control/DialogSystem_Main/Fn_Main/Scared/AddMoney",
	"timestamp": "19:42:11",
	"type": "dialog_node_start"
}, {
	"amount": 20,
	"new_balance": 212,
	"original_balance": 192,
	"timestamp": "19:42:11",
	"type": "add_money"
}, {
	"node_path": "Control/DialogSystem_Main/Fn_Main/Scared/HideFigure",
	"timestamp": "19:42:11",
	"type": "dialog_node_start"
}, {
	"node_path": "Control/DialogSystem_Main/Fn_Main/Wait",
	"timestamp": "19:42:12",
	"type": "dialog_node_start"
}, {
	"node_path": "Control/DialogSystem_Main/Fn_Main/FadeOut",
	"timestamp": "19:42:17",
	"type": "dialog_node_start"
}, {
	"node_path": "Control/DialogSystem_Main/Fn_Main/Transition",
	"timestamp": "19:42:19",
	"type": "dialog_node_start"
}, {
	"node_path": "IntroText/DialogSystem_Outro/Fn_Main",
	"timestamp": "19:42:19",
	"type": "dialog_node_start"
}, {
	"node_path": "IntroText/DialogSystem_Outro/Fn_Main/TextReset",
	"timestamp": "19:42:19",
	"type": "dialog_node_start"
}, {
	"node_path": "IntroText/DialogSystem_Outro/Fn_Main/FadeOut",
	"timestamp": "19:42:19",
	"type": "dialog_node_start"
}, {
	"node_path": "IntroText/DialogSystem_Outro/Fn_Main/PrintText",
	"timestamp": "19:42:21",
	"type": "dialog_node_start"
}, {
	"node_path": "IntroText/DialogSystem_Outro/Fn_Text",
	"timestamp": "19:42:21",
	"type": "dialog_node_start"
}, {
	"node_path": "IntroText/DialogSystem_Outro/Fn_Text/Text",
	"timestamp": "19:42:21",
	"type": "dialog_node_start"
}, {
	"node_path": "IntroText/DialogSystem_Outro/Fn_Text/Text2",
	"timestamp": "19:42:28",
	"type": "dialog_node_start"
}, {
	"node_path": "IntroText/DialogSystem_Outro/Fn_Text/Text4",
	"timestamp": "19:42:33",
	"type": "dialog_node_start"
}, {
	"node_path": "IntroText/DialogSystem_Outro/Fn_Text/Text5",
	"timestamp": "19:42:36",
	"type": "dialog_node_start"
}, {
	"node_path": "IntroText/DialogSystem_Outro/Fn_Text/Text6",
	"timestamp": "19:42:38",
	"type": "dialog_node_start"
}, {
	"node_path": "IntroText/DialogSystem_Outro/Fn_Text/Text7",
	"timestamp": "19:42:41",
	"type": "dialog_node_start"
}, {
	"node_path": "IntroText/DialogSystem_Outro/Fn_Text/Text8",
	"timestamp": "19:42:44",
	"type": "dialog_node_start"
}, {
	"node_path": "IntroText/DialogSystem_Outro/Fn_Text/OnWeb",
	"timestamp": "19:42:46",
	"type": "dialog_node_start"
}, {
	"node_path": "IntroText/DialogSystem_Outro/Fn_Text/OnWeb/Text10",
	"timestamp": "19:42:46",
	"type": "dialog_node_start"
}, {
	"node_path": "IntroText/DialogSystem_Outro/Fn_Text/OnWeb/DoExportTheLog",
	"timestamp": "19:42:59",
	"type": "dialog_node_start"
}, {
	"node_path": "IntroText/DialogSystem_Outro/Fn_Text/OnWeb/ShowExportButton",
	"timestamp": "19:42:59",
	"type": "dialog_node_start"
}, {
	"node_path": "IntroText/DialogSystem_Outro/Fn_Text/OnNonWeb",
	"timestamp": "19:42:59",
	"type": "dialog_node_start"
}]