[{
	"id": "8357365588655156805",
	"timestamp": "20:22:15",
	"type": "user_id"
}, {
	"node_path": "Control/DialogSystem_FirstScreen/Fn_Main",
	"timestamp": "20:22:15",
	"type": "dialog_node_start"
}, {
	"node_path": "Control/DialogSystem_FirstScreen/Fn_Main/Condition",
	"timestamp": "20:22:15",
	"type": "dialog_node_start"
}, {
	"node_path": "Control/DialogSystem_FirstScreen/Fn_Main/Condition/FadeOut",
	"timestamp": "20:22:15",
	"type": "dialog_node_start"
}, {
	"node_path": "Control/DialogSystem_FirstScreen/Fn_Main/WaitForButton",
	"timestamp": "20:22:18",
	"type": "dialog_node_start"
}, {
	"node_path": "Control/DialogSystem_FirstScreen/Fn_Main/ThunderSound",
	"timestamp": "20:22:34",
	"type": "dialog_node_start"
}, {
	"node_path": "Control/DialogSystem_FirstScreen/Fn_Main/FadeIn",
	"timestamp": "20:22:34",
	"type": "dialog_node_start"
}, {
	"node_path": "Control/DialogSystem_FirstScreen/Fn_Main/Transition",
	"timestamp": "20:22:37",
	"type": "dialog_node_start"
}, {
	"node_path": "IntroText/DialogSystem_Intro/Fn_Main",
	"timestamp": "20:22:37",
	"type": "dialog_node_start"
}, {
	"node_path": "IntroText/DialogSystem_Intro/Fn_Main/TextReset",
	"timestamp": "20:22:37",
	"type": "dialog_node_start"
}, {
	"node_path": "IntroText/DialogSystem_Intro/Fn_Main/FadeOut",
	"timestamp": "20:22:37",
	"type": "dialog_node_start"
}, {
	"node_path": "IntroText/DialogSystem_Intro/Fn_Main/StartMusic",
	"timestamp": "20:22:39",
	"type": "dialog_node_start"
}, {
	"node_path": "IntroText/DialogSystem_Intro/Fn_Main/PrintText",
	"timestamp": "20:22:39",
	"type": "dialog_node_start"
}, {
	"node_path": "IntroText/DialogSystem_Intro/Fn_Text",
	"timestamp": "20:22:39",
	"type": "dialog_node_start"
}, {
	"node_path": "IntroText/DialogSystem_Intro/Fn_Text/Part1",
	"timestamp": "20:22:39",
	"type": "dialog_node_start"
}, {
	"node_path": "IntroText/DialogSystem_Intro/Fn_Text/Part1/ShowImg1",
	"timestamp": "20:22:39",
	"type": "dialog_node_start"
}, {
	"node_path": "IntroText/DialogSystem_Intro/Fn_Text/Part1/Text",
	"timestamp": "20:22:39",
	"type": "dialog_node_start"
}, {
	"node_path": "IntroText/DialogSystem_Intro/Fn_Text/Part1/Text2",
	"timestamp": "20:22:48",
	"type": "dialog_node_start"
}, {
	"node_path": "IntroText/DialogSystem_Intro/Fn_Text/Part1/Text3",
	"timestamp": "20:23:26",
	"type": "dialog_node_start"
}, {
	"node_path": "IntroText/DialogSystem_Intro/Fn_Text/Part1/Text4",
	"timestamp": "20:23:29",
	"type": "dialog_node_start"
}, {
	"node_path": "IntroText/DialogSystem_Intro/Fn_Text/Part1/HideImg1",
	"timestamp": "20:23:33",
	"type": "dialog_node_start"
}, {
	"node_path": "IntroText/DialogSystem_Intro/Fn_Text/Part2",
	"timestamp": "20:23:33",
	"type": "dialog_node_start"
}, {
	"node_path": "IntroText/DialogSystem_Intro/Fn_Text/Part2/ShowImg2",
	"timestamp": "20:23:33",
	"type": "dialog_node_start"
}, {
	"node_path": "IntroText/DialogSystem_Intro/Fn_Text/Part2/Text5",
	"timestamp": "20:23:33",
	"type": "dialog_node_start"
}, {
	"node_path": "IntroText/DialogSystem_Intro/Fn_Text/Part2/Text6",
	"timestamp": "20:23:37",
	"type": "dialog_node_start"
}, {
	"node_path": "IntroText/DialogSystem_Intro/Fn_Text/Part2/Text7",
	"timestamp": "20:23:47",
	"type": "dialog_node_start"
}, {
	"node_path": "IntroText/DialogSystem_Intro/Fn_Text/Part2/Text8",
	"timestamp": "20:23:53",
	"type": "dialog_node_start"
}, {
	"node_path": "IntroText/DialogSystem_Intro/Fn_Text/Part2/Text9",
	"timestamp": "20:23:58",
	"type": "dialog_node_start"
}, {
	"node_path": "IntroText/DialogSystem_Intro/Fn_Text/Part2/HideImg2",
	"timestamp": "20:24:03",
	"type": "dialog_node_start"
}, {
	"node_path": "IntroText/DialogSystem_Intro/Fn_Text/Part3",
	"timestamp": "20:24:03",
	"type": "dialog_node_start"
}, {
	"node_path": "IntroText/DialogSystem_Intro/Fn_Text/Part3/ClearText",
	"timestamp": "20:24:03",
	"type": "dialog_node_start"
}, {
	"node_path": "IntroText/DialogSystem_Intro/Fn_Text/Part3/Wait",
	"timestamp": "20:24:03",
	"type": "dialog_node_start"
}, {
	"node_path": "IntroText/DialogSystem_Intro/Fn_Text/Part3/Text10",
	"timestamp": "20:24:07",
	"type": "dialog_node_start"
}, {
	"node_path": "IntroText/DialogSystem_Intro/Fn_Text/Part3/Text11",
	"timestamp": "20:24:33",
	"type": "dialog_node_start"
}, {
	"node_path": "IntroText/DialogSystem_Intro/Fn_Text/Part3/Text12",
	"timestamp": "20:24:35",
	"type": "dialog_node_start"
}, {
	"node_path": "IntroText/DialogSystem_Intro/Fn_Text/Part3/Text13",
	"timestamp": "20:24:38",
	"type": "dialog_node_start"
}, {
	"node_path": "IntroText/DialogSystem_Intro/Fn_Text/HideTheDot",
	"timestamp": "20:24:42",
	"type": "dialog_node_start"
}, {
	"node_path": "IntroText/DialogSystem_Intro/Fn_Main/FadeIn",
	"timestamp": "20:24:42",
	"type": "dialog_node_start"
}, {
	"node_path": "IntroText/DialogSystem_Intro/Fn_Main/Transition",
	"timestamp": "20:24:45",
	"type": "dialog_node_start"
}, {
	"node_path": "Control/DialogSystem_Main/Fn_Main",
	"timestamp": "20:24:45",
	"type": "dialog_node_start"
}, {
	"node_path": "Control/DialogSystem_Main/Fn_Main/FadeIn",
	"timestamp": "20:24:45",
	"type": "dialog_node_start"
}, {
	"node_path": "Control/DialogSystem_Main/Fn_Main/Tutorial",
	"timestamp": "20:24:47",
	"type": "dialog_node_start"
}, {
	"node_path": "Control/DialogSystem_Main/Fn_Main/Tutorial/ShowFigure",
	"timestamp": "20:24:47",
	"type": "dialog_node_start"
}, {
	"node_path": "Control/DialogSystem_Main/Fn_Main/Tutorial/Text",
	"timestamp": "20:24:49",
	"type": "dialog_node_start"
}, {
	"node_path": "Control/DialogSystem_Main/Fn_Main/Tutorial/Call_WaitForSubmittion",
	"timestamp": "20:25:01",
	"type": "dialog_node_start"
}, {
	"node_path": "Control/DialogSystem_Main/Fn_HandleEyeSubmittion",
	"timestamp": "20:25:01",
	"type": "dialog_node_start"
}, {
	"node_path": "Control/DialogSystem_Main/Fn_HandleEyeSubmittion/EnablePiedestalCollider",
	"timestamp": "20:25:01",
	"type": "dialog_node_start"
}, {
	"node_path": "Control/DialogSystem_Main/Fn_HandleEyeSubmittion/WaitForSubmission",
	"timestamp": "20:25:01",
	"type": "dialog_node_start"
}, {
	"part": "Eye1",
	"timestamp": "20:25:07",
	"type": "add_part"
}, {
	"part": "Eye1",
	"timestamp": "20:25:15",
	"type": "remove_part"
}, {
	"part": "Eye1",
	"timestamp": "20:25:20",
	"type": "add_part"
}, {
	"part": "Iris4",
	"timestamp": "20:25:23",
	"type": "add_part"
}, {
	"part": "Pupil1",
	"timestamp": "20:25:30",
	"type": "add_part"
}, {
	"part": "Pupil1",
	"timestamp": "20:25:31",
	"type": "remove_part"
}, {
	"part": "Pupil4",
	"timestamp": "20:25:33",
	"type": "add_part"
}, {
	"part": "Eyebrow1",
	"timestamp": "20:25:36",
	"type": "add_part"
}, {
	"eye_shape": "Eye1",
	"eyebrow": "Eyebrow1",
	"iris": "Iris4",
	"pupil": "Pupil4",
	"question_idx": 0,
	"timestamp": "20:25:39",
	"type": "submit_answer"
}, {
	"node_path": "Control/DialogSystem_Main/Fn_HandleEyeSubmittion/DisablePiedestalCollider",
	"timestamp": "20:25:39",
	"type": "dialog_node_start"
}, {
	"node_path": "Control/DialogSystem_Main/Fn_Main/Tutorial/T_GiveMoney",
	"timestamp": "20:25:39",
	"type": "dialog_node_start"
}, {
	"node_path": "Control/DialogSystem_Main/Fn_Main/Tutorial/AddMoney",
	"timestamp": "20:25:42",
	"type": "dialog_node_start"
}, {
	"amount": 11,
	"new_balance": 21,
	"original_balance": 10,
	"timestamp": "20:25:42",
	"type": "add_money"
}, {
	"node_path": "Control/DialogSystem_Main/Fn_Main/Tutorial/HideFigure",
	"timestamp": "20:25:42",
	"type": "dialog_node_start"
}, {
	"node_path": "Control/DialogSystem_Main/Fn_Main/Tutorial2",
	"timestamp": "20:25:44",
	"type": "dialog_node_start"
}, {
	"node_path": "Control/DialogSystem_Main/Fn_Main/Tutorial2/ShowFigure",
	"timestamp": "20:25:44",
	"type": "dialog_node_start"
}, {
	"node_path": "Control/DialogSystem_Main/Fn_Main/Tutorial2/Text",
	"timestamp": "20:25:46",
	"type": "dialog_node_start"
}, {
	"node_path": "Control/DialogSystem_Main/Fn_Main/Tutorial2/Call_WaitForSubmittion",
	"timestamp": "20:25:54",
	"type": "dialog_node_start"
}, {
	"node_path": "Control/DialogSystem_Main/Fn_HandleEyeSubmittion",
	"timestamp": "20:25:54",
	"type": "dialog_node_start"
}, {
	"node_path": "Control/DialogSystem_Main/Fn_HandleEyeSubmittion/EnablePiedestalCollider",
	"timestamp": "20:25:54",
	"type": "dialog_node_start"
}, {
	"node_path": "Control/DialogSystem_Main/Fn_HandleEyeSubmittion/WaitForSubmission",
	"timestamp": "20:25:54",
	"type": "dialog_node_start"
}, {
	"part": "Eye6",
	"timestamp": "20:25:57",
	"type": "add_part"
}, {
	"part": "Iris5",
	"timestamp": "20:25:59",
	"type": "add_part"
}, {
	"part": "Pupil4",
	"timestamp": "20:26:02",
	"type": "add_part"
}, {
	"part": "Eyebrow5",
	"timestamp": "20:26:05",
	"type": "add_part"
}, {
	"eye_shape": "Eye6",
	"eyebrow": "Eyebrow5",
	"iris": "Iris5",
	"pupil": "Pupil4",
	"question_idx": 1,
	"timestamp": "20:26:07",
	"type": "submit_answer"
}, {
	"node_path": "Control/DialogSystem_Main/Fn_HandleEyeSubmittion/DisablePiedestalCollider",
	"timestamp": "20:26:07",
	"type": "dialog_node_start"
}, {
	"node_path": "Control/DialogSystem_Main/Fn_Main/Tutorial2/T_GiveMoney",
	"timestamp": "20:26:07",
	"type": "dialog_node_start"
}, {
	"node_path": "Control/DialogSystem_Main/Fn_Main/Tutorial2/AddMoney",
	"timestamp": "20:26:21",
	"type": "dialog_node_start"
}, {
	"amount": 35,
	"new_balance": 56,
	"original_balance": 21,
	"timestamp": "20:26:21",
	"type": "add_money"
}, {
	"node_path": "Control/DialogSystem_Main/Fn_Main/Tutorial2/HideFigure",
	"timestamp": "20:26:21",
	"type": "dialog_node_start"
}, {
	"node_path": "Control/DialogSystem_Main/Fn_Main/NeedsToForgetWhatHeDid",
	"timestamp": "20:26:23",
	"type": "dialog_node_start"
}, {
	"node_path": "Control/DialogSystem_Main/Fn_Main/NeedsToForgetWhatHeDid/ShowFigure",
	"timestamp": "20:26:23",
	"type": "dialog_node_start"
}, {
	"node_path": "Control/DialogSystem_Main/Fn_Main/NeedsToForgetWhatHeDid/Text",
	"timestamp": "20:26:25",
	"type": "dialog_node_start"
}, {
	"node_path": "Control/DialogSystem_Main/Fn_Main/NeedsToForgetWhatHeDid/Call_WaitForSubmittion",
	"timestamp": "20:26:33",
	"type": "dialog_node_start"
}, {
	"node_path": "Control/DialogSystem_Main/Fn_HandleEyeSubmittion",
	"timestamp": "20:26:33",
	"type": "dialog_node_start"
}, {
	"node_path": "Control/DialogSystem_Main/Fn_HandleEyeSubmittion/EnablePiedestalCollider",
	"timestamp": "20:26:33",
	"type": "dialog_node_start"
}, {
	"node_path": "Control/DialogSystem_Main/Fn_HandleEyeSubmittion/WaitForSubmission",
	"timestamp": "20:26:33",
	"type": "dialog_node_start"
}, {
	"part": "Eye1",
	"timestamp": "20:26:37",
	"type": "add_part"
}, {
	"part": "Iris6",
	"timestamp": "20:26:38",
	"type": "add_part"
}, {
	"part": "Pupil1",
	"timestamp": "20:26:39",
	"type": "add_part"
}, {
	"part": "Eyebrow1",
	"timestamp": "20:26:40",
	"type": "add_part"
}, {
	"eye_shape": "Eye1",
	"eyebrow": "Eyebrow1",
	"iris": "Iris6",
	"pupil": "Pupil1",
	"question_idx": 2,
	"timestamp": "20:26:43",
	"type": "submit_answer"
}, {
	"node_path": "Control/DialogSystem_Main/Fn_HandleEyeSubmittion/DisablePiedestalCollider",
	"timestamp": "20:26:43",
	"type": "dialog_node_start"
}, {
	"node_path": "Control/DialogSystem_Main/Fn_Main/NeedsToForgetWhatHeDid/T_GiveMoney",
	"timestamp": "20:26:43",
	"type": "dialog_node_start"
}, {
	"node_path": "Control/DialogSystem_Main/Fn_Main/NeedsToForgetWhatHeDid/AddMoney",
	"timestamp": "20:26:48",
	"type": "dialog_node_start"
}, {
	"amount": 7,
	"new_balance": 63,
	"original_balance": 56,
	"timestamp": "20:26:48",
	"type": "add_money"
}, {
	"node_path": "Control/DialogSystem_Main/Fn_Main/NeedsToForgetWhatHeDid/HideFigure",
	"timestamp": "20:26:48",
	"type": "dialog_node_start"
}, {
	"node_path": "Control/DialogSystem_Main/Fn_Main/LoyalKnight",
	"timestamp": "20:26:50",
	"type": "dialog_node_start"
}, {
	"node_path": "Control/DialogSystem_Main/Fn_Main/LoyalKnight/ShowFigure",
	"timestamp": "20:26:50",
	"type": "dialog_node_start"
}, {
	"node_path": "Control/DialogSystem_Main/Fn_Main/LoyalKnight/Text",
	"timestamp": "20:26:52",
	"type": "dialog_node_start"
}, {
	"node_path": "Control/DialogSystem_Main/Fn_Main/LoyalKnight/Call_WaitForSubmittion",
	"timestamp": "20:26:58",
	"type": "dialog_node_start"
}, {
	"node_path": "Control/DialogSystem_Main/Fn_HandleEyeSubmittion",
	"timestamp": "20:26:58",
	"type": "dialog_node_start"
}, {
	"node_path": "Control/DialogSystem_Main/Fn_HandleEyeSubmittion/EnablePiedestalCollider",
	"timestamp": "20:26:58",
	"type": "dialog_node_start"
}, {
	"node_path": "Control/DialogSystem_Main/Fn_HandleEyeSubmittion/WaitForSubmission",
	"timestamp": "20:26:58",
	"type": "dialog_node_start"
}, {
	"part": "Eye1",
	"timestamp": "20:27:04",
	"type": "add_part"
}, {
	"part": "Pupil1",
	"timestamp": "20:27:08",
	"type": "add_part"
}, {
	"part": "Iris2",
	"timestamp": "20:27:10",
	"type": "add_part"
}, {
	"part": "Eyebrow6",
	"timestamp": "20:27:14",
	"type": "add_part"
}, {
	"eye_shape": "Eye1",
	"eyebrow": "Eyebrow6",
	"iris": "Iris2",
	"pupil": "Pupil1",
	"question_idx": 3,
	"timestamp": "20:27:15",
	"type": "submit_answer"
}, {
	"node_path": "Control/DialogSystem_Main/Fn_HandleEyeSubmittion/DisablePiedestalCollider",
	"timestamp": "20:27:15",
	"type": "dialog_node_start"
}, {
	"node_path": "Control/DialogSystem_Main/Fn_Main/LoyalKnight/T_GiveMoney",
	"timestamp": "20:27:15",
	"type": "dialog_node_start"
}, {
	"node_path": "Control/DialogSystem_Main/Fn_Main/LoyalKnight/AddMoney",
	"timestamp": "20:27:20",
	"type": "dialog_node_start"
}, {
	"amount": 45,
	"new_balance": 108,
	"original_balance": 63,
	"timestamp": "20:27:20",
	"type": "add_money"
}, {
	"node_path": "Control/DialogSystem_Main/Fn_Main/LoyalKnight/HideFigure",
	"timestamp": "20:27:20",
	"type": "dialog_node_start"
}, {
	"node_path": "Control/DialogSystem_Main/Fn_Main/Vain",
	"timestamp": "20:27:22",
	"type": "dialog_node_start"
}, {
	"node_path": "Control/DialogSystem_Main/Fn_Main/Vain/ShowFigure",
	"timestamp": "20:27:22",
	"type": "dialog_node_start"
}, {
	"node_path": "Control/DialogSystem_Main/Fn_Main/Vain/Text",
	"timestamp": "20:27:24",
	"type": "dialog_node_start"
}, {
	"node_path": "Control/DialogSystem_Main/Fn_Main/Vain/Call_WaitForSubmittion",
	"timestamp": "20:27:32",
	"type": "dialog_node_start"
}, {
	"node_path": "Control/DialogSystem_Main/Fn_HandleEyeSubmittion",
	"timestamp": "20:27:32",
	"type": "dialog_node_start"
}, {
	"node_path": "Control/DialogSystem_Main/Fn_HandleEyeSubmittion/EnablePiedestalCollider",
	"timestamp": "20:27:32",
	"type": "dialog_node_start"
}, {
	"node_path": "Control/DialogSystem_Main/Fn_HandleEyeSubmittion/WaitForSubmission",
	"timestamp": "20:27:32",
	"type": "dialog_node_start"
}, {
	"part": "Eye3",
	"timestamp": "20:27:39",
	"type": "add_part"
}, {
	"part": "Iris6",
	"timestamp": "20:27:40",
	"type": "add_part"
}, {
	"part": "Pupil1",
	"timestamp": "20:27:44",
	"type": "add_part"
}, {
	"part": "Eyebrow3",
	"timestamp": "20:27:46",
	"type": "add_part"
}, {
	"part": "Eyebrow3",
	"timestamp": "20:27:48",
	"type": "remove_part"
}, {
	"part": "Eyebrow1",
	"timestamp": "20:27:49",
	"type": "add_part"
}, {
	"eye_shape": "Eye3",
	"eyebrow": "Eyebrow1",
	"iris": "Iris6",
	"pupil": "Pupil1",
	"question_idx": 4,
	"timestamp": "20:27:51",
	"type": "submit_answer"
}, {
	"node_path": "Control/DialogSystem_Main/Fn_HandleEyeSubmittion/DisablePiedestalCollider",
	"timestamp": "20:27:51",
	"type": "dialog_node_start"
}, {
	"node_path": "Control/DialogSystem_Main/Fn_Main/Vain/T_GiveMoney",
	"timestamp": "20:27:51",
	"type": "dialog_node_start"
}, {
	"node_path": "Control/DialogSystem_Main/Fn_Main/Vain/AddMoney",
	"timestamp": "20:27:56",
	"type": "dialog_node_start"
}, {
	"amount": 10,
	"new_balance": 118,
	"original_balance": 108,
	"timestamp": "20:27:56",
	"type": "add_money"
}, {
	"node_path": "Control/DialogSystem_Main/Fn_Main/Vain/HideFigure",
	"timestamp": "20:27:56",
	"type": "dialog_node_start"
}, {
	"node_path": "Control/DialogSystem_Main/Fn_Main/GentleWerewolf",
	"timestamp": "20:27:58",
	"type": "dialog_node_start"
}, {
	"node_path": "Control/DialogSystem_Main/Fn_Main/GentleWerewolf/ShowFigure",
	"timestamp": "20:27:58",
	"type": "dialog_node_start"
}, {
	"node_path": "Control/DialogSystem_Main/Fn_Main/GentleWerewolf/Text",
	"timestamp": "20:28:00",
	"type": "dialog_node_start"
}, {
	"node_path": "Control/DialogSystem_Main/Fn_Main/GentleWerewolf/Wait",
	"timestamp": "20:28:04",
	"type": "dialog_node_start"
}, {
	"node_path": "Control/DialogSystem_Main/Fn_Main/GentleWerewolf/Text2",
	"timestamp": "20:28:05",
	"type": "dialog_node_start"
}, {
	"node_path": "Control/DialogSystem_Main/Fn_Main/GentleWerewolf/Wait2",
	"timestamp": "20:28:09",
	"type": "dialog_node_start"
}, {
	"node_path": "Control/DialogSystem_Main/Fn_Main/GentleWerewolf/Text3",
	"timestamp": "20:28:10",
	"type": "dialog_node_start"
}, {
	"node_path": "Control/DialogSystem_Main/Fn_Main/GentleWerewolf/Call_WaitForSubmittion",
	"timestamp": "20:28:14",
	"type": "dialog_node_start"
}, {
	"node_path": "Control/DialogSystem_Main/Fn_HandleEyeSubmittion",
	"timestamp": "20:28:14",
	"type": "dialog_node_start"
}, {
	"node_path": "Control/DialogSystem_Main/Fn_HandleEyeSubmittion/EnablePiedestalCollider",
	"timestamp": "20:28:14",
	"type": "dialog_node_start"
}, {
	"node_path": "Control/DialogSystem_Main/Fn_HandleEyeSubmittion/WaitForSubmission",
	"timestamp": "20:28:14",
	"type": "dialog_node_start"
}, {
	"part": "Eye3",
	"timestamp": "20:28:34",
	"type": "remove_part"
}, {
	"part": "Eye2",
	"timestamp": "20:28:35",
	"type": "add_part"
}, {
	"part": "Iris6",
	"timestamp": "20:28:36",
	"type": "add_part"
}, {
	"part": "Pupil3",
	"timestamp": "20:28:38",
	"type": "add_part"
}, {
	"part": "Eyebrow1",
	"timestamp": "20:28:40",
	"type": "add_part"
}, {
	"eye_shape": "Eye2",
	"eyebrow": "Eyebrow1",
	"iris": "Iris6",
	"pupil": "Pupil3",
	"question_idx": 5,
	"timestamp": "20:28:41",
	"type": "submit_answer"
}, {
	"node_path": "Control/DialogSystem_Main/Fn_HandleEyeSubmittion/DisablePiedestalCollider",
	"timestamp": "20:28:41",
	"type": "dialog_node_start"
}, {
	"node_path": "Control/DialogSystem_Main/Fn_Main/GentleWerewolf/T_GiveFlower",
	"timestamp": "20:28:41",
	"type": "dialog_node_start"
}, {
	"node_path": "Control/DialogSystem_Main/Fn_Main/GentleWerewolf/GiveFlower",
	"timestamp": "20:28:46",
	"type": "dialog_node_start"
}, {
	"node_path": "Control/DialogSystem_Main/Fn_Main/GentleWerewolf/ShowFlower",
	"timestamp": "20:28:46",
	"type": "dialog_node_start"
}, {
	"node_path": "Control/DialogSystem_Main/Fn_Main/GentleWerewolf/HideFigure",
	"timestamp": "20:28:47",
	"type": "dialog_node_start"
}, {
	"node_path": "Control/DialogSystem_Main/Fn_Main/Gambler",
	"timestamp": "20:28:49",
	"type": "dialog_node_start"
}, {
	"node_path": "Control/DialogSystem_Main/Fn_Main/Gambler/ShowFigure",
	"timestamp": "20:28:49",
	"type": "dialog_node_start"
}, {
	"node_path": "Control/DialogSystem_Main/Fn_Main/Gambler/Text",
	"timestamp": "20:28:51",
	"type": "dialog_node_start"
}, {
	"node_path": "Control/DialogSystem_Main/Fn_Main/Gambler/Call_WaitForSubmittion",
	"timestamp": "20:28:56",
	"type": "dialog_node_start"
}, {
	"node_path": "Control/DialogSystem_Main/Fn_HandleEyeSubmittion",
	"timestamp": "20:28:56",
	"type": "dialog_node_start"
}, {
	"node_path": "Control/DialogSystem_Main/Fn_HandleEyeSubmittion/EnablePiedestalCollider",
	"timestamp": "20:28:56",
	"type": "dialog_node_start"
}, {
	"node_path": "Control/DialogSystem_Main/Fn_HandleEyeSubmittion/WaitForSubmission",
	"timestamp": "20:28:56",
	"type": "dialog_node_start"
}, {
	"object": "WerewolfFlower",
	"original_placement": "MainShelf2",
	"timestamp": "20:29:04",
	"type": "grab_object"
}, {
	"destination": "MainShelf2",
	"object": "WerewolfFlower",
	"timestamp": "20:29:04",
	"type": "place_object"
}, {
	"object": "WerewolfFlower",
	"original_placement": "MainShelf2",
	"timestamp": "20:29:05",
	"type": "grab_object"
}, {
	"destination": "MainShelf2",
	"object": "WerewolfFlower",
	"timestamp": "20:29:06",
	"type": "place_object"
}, {
	"object": "WerewolfFlower",
	"original_placement": "MainShelf2",
	"timestamp": "20:29:06",
	"type": "grab_object"
}, {
	"destination": "P19",
	"object": "WerewolfFlower",
	"timestamp": "20:29:06",
	"type": "place_object"
}, {
	"object": "WerewolfFlower",
	"original_placement": "P19",
	"timestamp": "20:29:08",
	"type": "grab_object"
}, {
	"destination": "MainShelf2",
	"object": "WerewolfFlower",
	"timestamp": "20:29:08",
	"type": "place_object"
}, {
	"object": "WerewolfFlower",
	"original_placement": "MainShelf2",
	"timestamp": "20:29:09",
	"type": "grab_object"
}, {
	"destination": "MainShelf2",
	"object": "WerewolfFlower",
	"timestamp": "20:29:09",
	"type": "place_object"
}, {
	"part": "Eye5",
	"timestamp": "20:29:22",
	"type": "add_part"
}, {
	"part": "Iris3",
	"timestamp": "20:29:25",
	"type": "add_part"
}, {
	"part": "Eyebrow4",
	"timestamp": "20:29:29",
	"type": "add_part"
}, {
	"part": "Pupil3",
	"timestamp": "20:29:31",
	"type": "add_part"
}, {
	"eye_shape": "Eye5",
	"eyebrow": "Eyebrow4",
	"iris": "Iris3",
	"pupil": "Pupil3",
	"question_idx": 6,
	"timestamp": "20:29:32",
	"type": "submit_answer"
}, {
	"node_path": "Control/DialogSystem_Main/Fn_HandleEyeSubmittion/DisablePiedestalCollider",
	"timestamp": "20:29:32",
	"type": "dialog_node_start"
}, {
	"node_path": "Control/DialogSystem_Main/Fn_Main/Gambler/T_GiveMoney",
	"timestamp": "20:29:32",
	"type": "dialog_node_start"
}, {
	"node_path": "Control/DialogSystem_Main/Fn_Main/Gambler/AddMoney",
	"timestamp": "20:29:40",
	"type": "dialog_node_start"
}, {
	"amount": 6,
	"new_balance": 124,
	"original_balance": 118,
	"timestamp": "20:29:40",
	"type": "add_money"
}, {
	"node_path": "Control/DialogSystem_Main/Fn_Main/Gambler/HideFigure",
	"timestamp": "20:29:40",
	"type": "dialog_node_start"
}, {
	"node_path": "Control/DialogSystem_Main/Fn_Main/PoorPeasant",
	"timestamp": "20:29:42",
	"type": "dialog_node_start"
}, {
	"node_path": "Control/DialogSystem_Main/Fn_Main/PoorPeasant/ShowFigure",
	"timestamp": "20:29:42",
	"type": "dialog_node_start"
}, {
	"node_path": "Control/DialogSystem_Main/Fn_Main/PoorPeasant/Text",
	"timestamp": "20:29:44",
	"type": "dialog_node_start"
}, {
	"node_path": "Control/DialogSystem_Main/Fn_Main/PoorPeasant/Call_WaitForSubmittion",
	"timestamp": "20:29:50",
	"type": "dialog_node_start"
}, {
	"node_path": "Control/DialogSystem_Main/Fn_HandleEyeSubmittion",
	"timestamp": "20:29:50",
	"type": "dialog_node_start"
}, {
	"node_path": "Control/DialogSystem_Main/Fn_HandleEyeSubmittion/EnablePiedestalCollider",
	"timestamp": "20:29:50",
	"type": "dialog_node_start"
}, {
	"node_path": "Control/DialogSystem_Main/Fn_HandleEyeSubmittion/WaitForSubmission",
	"timestamp": "20:29:50",
	"type": "dialog_node_start"
}, {
	"part": "Eye4",
	"timestamp": "20:29:56",
	"type": "add_part"
}, {
	"part": "Iris6",
	"timestamp": "20:29:56",
	"type": "add_part"
}, {
	"part": "Pupil3",
	"timestamp": "20:29:58",
	"type": "add_part"
}, {
	"part": "Eyebrow1",
	"timestamp": "20:29:59",
	"type": "add_part"
}, {
	"eye_shape": "Eye4",
	"eyebrow": "Eyebrow1",
	"iris": "Iris6",
	"pupil": "Pupil3",
	"question_idx": 7,
	"timestamp": "20:30:00",
	"type": "submit_answer"
}, {
	"node_path": "Control/DialogSystem_Main/Fn_HandleEyeSubmittion/DisablePiedestalCollider",
	"timestamp": "20:30:00",
	"type": "dialog_node_start"
}, {
	"node_path": "Control/DialogSystem_Main/Fn_Main/PoorPeasant/T_GiveMoney",
	"timestamp": "20:30:00",
	"type": "dialog_node_start"
}, {
	"node_path": "Control/DialogSystem_Main/Fn_Main/PoorPeasant/AddMoney",
	"timestamp": "20:30:08",
	"type": "dialog_node_start"
}, {
	"amount": 3,
	"new_balance": 127,
	"original_balance": 124,
	"timestamp": "20:30:08",
	"type": "add_money"
}, {
	"node_path": "Control/DialogSystem_Main/Fn_Main/PoorPeasant/HideFigure",
	"timestamp": "20:30:08",
	"type": "dialog_node_start"
}, {
	"node_path": "Control/DialogSystem_Main/Fn_Main/Warlock",
	"timestamp": "20:30:10",
	"type": "dialog_node_start"
}, {
	"node_path": "Control/DialogSystem_Main/Fn_Main/Warlock/ShowFigure",
	"timestamp": "20:30:10",
	"type": "dialog_node_start"
}, {
	"node_path": "Control/DialogSystem_Main/Fn_Main/Warlock/Text",
	"timestamp": "20:30:12",
	"type": "dialog_node_start"
}, {
	"node_path": "Control/DialogSystem_Main/Fn_Main/Warlock/Call_WaitForSubmittion",
	"timestamp": "20:30:24",
	"type": "dialog_node_start"
}, {
	"node_path": "Control/DialogSystem_Main/Fn_HandleEyeSubmittion",
	"timestamp": "20:30:24",
	"type": "dialog_node_start"
}, {
	"node_path": "Control/DialogSystem_Main/Fn_HandleEyeSubmittion/EnablePiedestalCollider",
	"timestamp": "20:30:24",
	"type": "dialog_node_start"
}, {
	"node_path": "Control/DialogSystem_Main/Fn_HandleEyeSubmittion/WaitForSubmission",
	"timestamp": "20:30:24",
	"type": "dialog_node_start"
}, {
	"part": "Iris3",
	"timestamp": "20:30:26",
	"type": "add_part"
}, {
	"part": "Eye6",
	"timestamp": "20:30:28",
	"type": "add_part"
}, {
	"part": "Eyebrow4",
	"timestamp": "20:30:30",
	"type": "add_part"
}, {
	"part": "Pupil6",
	"timestamp": "20:30:34",
	"type": "add_part"
}, {
	"eye_shape": "Eye6",
	"eyebrow": "Eyebrow4",
	"iris": "Iris3",
	"pupil": "Pupil6",
	"question_idx": 8,
	"timestamp": "20:30:35",
	"type": "submit_answer"
}, {
	"node_path": "Control/DialogSystem_Main/Fn_HandleEyeSubmittion/DisablePiedestalCollider",
	"timestamp": "20:30:35",
	"type": "dialog_node_start"
}, {
	"node_path": "Control/DialogSystem_Main/Fn_Main/Warlock/T_GiveMoney",
	"timestamp": "20:30:35",
	"type": "dialog_node_start"
}, {
	"node_path": "Control/DialogSystem_Main/Fn_Main/Warlock/AddMoney",
	"timestamp": "20:30:39",
	"type": "dialog_node_start"
}, {
	"amount": 66,
	"new_balance": 193,
	"original_balance": 127,
	"timestamp": "20:30:39",
	"type": "add_money"
}, {
	"node_path": "Control/DialogSystem_Main/Fn_Main/Warlock/HideFigure",
	"timestamp": "20:30:39",
	"type": "dialog_node_start"
}, {
	"node_path": "Control/DialogSystem_Main/Fn_Main/BookEnjoyer",
	"timestamp": "20:30:41",
	"type": "dialog_node_start"
}, {
	"node_path": "Control/DialogSystem_Main/Fn_Main/BookEnjoyer/ShowFigure",
	"timestamp": "20:30:41",
	"type": "dialog_node_start"
}, {
	"object": "Shapes2",
	"original_placement": "P1",
	"timestamp": "20:30:42",
	"type": "grab_object"
}, {
	"destination": "P1",
	"object": "Shapes2",
	"timestamp": "20:30:43",
	"type": "place_object"
}, {
	"node_path": "Control/DialogSystem_Main/Fn_Main/BookEnjoyer/Text",
	"timestamp": "20:30:43",
	"type": "dialog_node_start"
}, {
	"object": "Shapes2",
	"original_placement": "P1",
	"timestamp": "20:30:43",
	"type": "grab_object"
}, {
	"destination": "P1",
	"object": "Shapes2",
	"timestamp": "20:30:44",
	"type": "place_object"
}, {
	"node_path": "Control/DialogSystem_Main/Fn_Main/BookEnjoyer/Call_WaitForSubmittion",
	"timestamp": "20:30:50",
	"type": "dialog_node_start"
}, {
	"node_path": "Control/DialogSystem_Main/Fn_HandleEyeSubmittion",
	"timestamp": "20:30:50",
	"type": "dialog_node_start"
}, {
	"node_path": "Control/DialogSystem_Main/Fn_HandleEyeSubmittion/EnablePiedestalCollider",
	"timestamp": "20:30:50",
	"type": "dialog_node_start"
}, {
	"node_path": "Control/DialogSystem_Main/Fn_HandleEyeSubmittion/WaitForSubmission",
	"timestamp": "20:30:50",
	"type": "dialog_node_start"
}, {
	"part": "Eye1",
	"timestamp": "20:30:55",
	"type": "add_part"
}, {
	"part": "Iris2",
	"timestamp": "20:30:56",
	"type": "add_part"
}, {
	"part": "Pupil3",
	"timestamp": "20:30:57",
	"type": "add_part"
}, {
	"part": "Eyebrow3",
	"timestamp": "20:30:58",
	"type": "add_part"
}, {
	"eye_shape": "Eye1",
	"eyebrow": "Eyebrow3",
	"iris": "Iris2",
	"pupil": "Pupil3",
	"question_idx": 9,
	"timestamp": "20:30:59",
	"type": "submit_answer"
}, {
	"node_path": "Control/DialogSystem_Main/Fn_HandleEyeSubmittion/DisablePiedestalCollider",
	"timestamp": "20:30:59",
	"type": "dialog_node_start"
}, {
	"node_path": "Control/DialogSystem_Main/Fn_Main/BookEnjoyer/T_GiveMoney",
	"timestamp": "20:30:59",
	"type": "dialog_node_start"
}, {
	"node_path": "Control/DialogSystem_Main/Fn_Main/BookEnjoyer/AddMoney",
	"timestamp": "20:31:08",
	"type": "dialog_node_start"
}, {
	"amount": 14,
	"new_balance": 207,
	"original_balance": 193,
	"timestamp": "20:31:08",
	"type": "add_money"
}, {
	"node_path": "Control/DialogSystem_Main/Fn_Main/BookEnjoyer/HideFigure",
	"timestamp": "20:31:08",
	"type": "dialog_node_start"
}, {
	"node_path": "Control/DialogSystem_Main/Fn_Main/FormerVizier",
	"timestamp": "20:31:10",
	"type": "dialog_node_start"
}, {
	"node_path": "Control/DialogSystem_Main/Fn_Main/FormerVizier/ShowFigure",
	"timestamp": "20:31:10",
	"type": "dialog_node_start"
}, {
	"node_path": "Control/DialogSystem_Main/Fn_Main/FormerVizier/Text",
	"timestamp": "20:31:12",
	"type": "dialog_node_start"
}, {
	"node_path": "Control/DialogSystem_Main/Fn_Main/FormerVizier/Call_WaitForSubmittion",
	"timestamp": "20:31:23",
	"type": "dialog_node_start"
}, {
	"node_path": "Control/DialogSystem_Main/Fn_HandleEyeSubmittion",
	"timestamp": "20:31:23",
	"type": "dialog_node_start"
}, {
	"node_path": "Control/DialogSystem_Main/Fn_HandleEyeSubmittion/EnablePiedestalCollider",
	"timestamp": "20:31:23",
	"type": "dialog_node_start"
}, {
	"node_path": "Control/DialogSystem_Main/Fn_HandleEyeSubmittion/WaitForSubmission",
	"timestamp": "20:31:23",
	"type": "dialog_node_start"
}, {
	"part": "Eye4",
	"timestamp": "20:31:27",
	"type": "add_part"
}, {
	"part": "Iris1",
	"timestamp": "20:31:28",
	"type": "add_part"
}, {
	"part": "Pupil1",
	"timestamp": "20:31:29",
	"type": "add_part"
}, {
	"part": "Eyebrow1",
	"timestamp": "20:31:31",
	"type": "add_part"
}, {
	"eye_shape": "Eye4",
	"eyebrow": "Eyebrow1",
	"iris": "Iris1",
	"pupil": "Pupil1",
	"question_idx": 10,
	"timestamp": "20:31:32",
	"type": "submit_answer"
}, {
	"node_path": "Control/DialogSystem_Main/Fn_HandleEyeSubmittion/DisablePiedestalCollider",
	"timestamp": "20:31:32",
	"type": "dialog_node_start"
}, {
	"node_path": "Control/DialogSystem_Main/Fn_Main/FormerVizier/T_GiveMoney",
	"timestamp": "20:31:32",
	"type": "dialog_node_start"
}, {
	"node_path": "Control/DialogSystem_Main/Fn_Main/FormerVizier/AddMoney",
	"timestamp": "20:31:40",
	"type": "dialog_node_start"
}, {
	"amount": 25,
	"new_balance": 232,
	"original_balance": 207,
	"timestamp": "20:31:40",
	"type": "add_money"
}, {
	"node_path": "Control/DialogSystem_Main/Fn_Main/FormerVizier/HideFigure",
	"timestamp": "20:31:40",
	"type": "dialog_node_start"
}, {
	"node_path": "Control/DialogSystem_Main/Fn_Main/MadScientist",
	"timestamp": "20:31:42",
	"type": "dialog_node_start"
}, {
	"node_path": "Control/DialogSystem_Main/Fn_Main/MadScientist/ShowFigure",
	"timestamp": "20:31:42",
	"type": "dialog_node_start"
}, {
	"node_path": "Control/DialogSystem_Main/Fn_Main/MadScientist/Text",
	"timestamp": "20:31:44",
	"type": "dialog_node_start"
}, {
	"node_path": "Control/DialogSystem_Main/Fn_Main/MadScientist/Call_WaitForSubmittion",
	"timestamp": "20:31:56",
	"type": "dialog_node_start"
}, {
	"node_path": "Control/DialogSystem_Main/Fn_HandleEyeSubmittion",
	"timestamp": "20:31:56",
	"type": "dialog_node_start"
}, {
	"node_path": "Control/DialogSystem_Main/Fn_HandleEyeSubmittion/EnablePiedestalCollider",
	"timestamp": "20:31:56",
	"type": "dialog_node_start"
}, {
	"node_path": "Control/DialogSystem_Main/Fn_HandleEyeSubmittion/WaitForSubmission",
	"timestamp": "20:31:56",
	"type": "dialog_node_start"
}, {
	"part": "Eye2",
	"timestamp": "20:32:07",
	"type": "add_part"
}, {
	"part": "Iris5",
	"timestamp": "20:32:07",
	"type": "add_part"
}, {
	"part": "Pupil5",
	"timestamp": "20:32:10",
	"type": "add_part"
}, {
	"part": "Eyebrow2",
	"timestamp": "20:32:11",
	"type": "add_part"
}, {
	"eye_shape": "Eye2",
	"eyebrow": "Eyebrow2",
	"iris": "Iris5",
	"pupil": "Pupil5",
	"question_idx": 11,
	"timestamp": "20:32:12",
	"type": "submit_answer"
}, {
	"node_path": "Control/DialogSystem_Main/Fn_HandleEyeSubmittion/DisablePiedestalCollider",
	"timestamp": "20:32:12",
	"type": "dialog_node_start"
}, {
	"node_path": "Control/DialogSystem_Main/Fn_Main/MadScientist/T_GivePotion",
	"timestamp": "20:32:12",
	"type": "dialog_node_start"
}, {
	"node_path": "Control/DialogSystem_Main/Fn_Main/MadScientist/GivePotion",
	"timestamp": "20:32:24",
	"type": "dialog_node_start"
}, {
	"node_path": "Control/DialogSystem_Main/Fn_Main/MadScientist/HideFigure",
	"timestamp": "20:32:25",
	"type": "dialog_node_start"
}, {
	"object": "Potion",
	"original_placement": "P6",
	"timestamp": "20:32:26",
	"type": "grab_object"
}, {
	"destination": "P6",
	"object": "Potion",
	"timestamp": "20:32:27",
	"type": "place_object"
}, {
	"node_path": "Control/DialogSystem_Main/Fn_Main/Archmage",
	"timestamp": "20:32:27",
	"type": "dialog_node_start"
}, {
	"node_path": "Control/DialogSystem_Main/Fn_Main/Archmage/ShowFigure",
	"timestamp": "20:32:27",
	"type": "dialog_node_start"
}, {
	"object": "Potion",
	"original_placement": "P6",
	"timestamp": "20:32:27",
	"type": "grab_object"
}, {
	"destination": "P6",
	"object": "Potion",
	"timestamp": "20:32:27",
	"type": "place_object"
}, {
	"object": "Potion",
	"original_placement": "P6",
	"timestamp": "20:32:28",
	"type": "grab_object"
}, {
	"destination": "P6",
	"object": "Potion",
	"timestamp": "20:32:29",
	"type": "place_object"
}, {
	"object": "Potion",
	"original_placement": "P6",
	"timestamp": "20:32:30",
	"type": "grab_object"
}, {
	"node_path": "Control/DialogSystem_Main/Fn_Main/Archmage/Text",
	"timestamp": "20:32:33",
	"type": "dialog_node_start"
}, {
	"destination": "P6",
	"object": "Potion",
	"timestamp": "20:32:34",
	"type": "place_object"
}, {
	"node_path": "Control/DialogSystem_Main/Fn_Main/Archmage/Call_WaitForSubmittion",
	"timestamp": "20:32:42",
	"type": "dialog_node_start"
}, {
	"node_path": "Control/DialogSystem_Main/Fn_HandleEyeSubmittion",
	"timestamp": "20:32:42",
	"type": "dialog_node_start"
}, {
	"node_path": "Control/DialogSystem_Main/Fn_HandleEyeSubmittion/EnablePiedestalCollider",
	"timestamp": "20:32:42",
	"type": "dialog_node_start"
}, {
	"node_path": "Control/DialogSystem_Main/Fn_HandleEyeSubmittion/WaitForSubmission",
	"timestamp": "20:32:42",
	"type": "dialog_node_start"
}, {
	"part": "Eye1",
	"timestamp": "20:32:46",
	"type": "remove_part"
}, {
	"part": "Eye3",
	"timestamp": "20:32:47",
	"type": "add_part"
}, {
	"part": "Iris6",
	"timestamp": "20:32:47",
	"type": "add_part"
}, {
	"part": "Pupil3",
	"timestamp": "20:32:48",
	"type": "add_part"
}, {
	"part": "Eyebrow3",
	"timestamp": "20:32:49",
	"type": "add_part"
}, {
	"eye_shape": "Eye3",
	"eyebrow": "Eyebrow3",
	"iris": "Iris6",
	"pupil": "Pupil3",
	"question_idx": 12,
	"timestamp": "20:32:50",
	"type": "submit_answer"
}, {
	"node_path": "Control/DialogSystem_Main/Fn_HandleEyeSubmittion/DisablePiedestalCollider",
	"timestamp": "20:32:50",
	"type": "dialog_node_start"
}, {
	"node_path": "Control/DialogSystem_Main/Fn_Main/Archmage/T_GiveMoney",
	"timestamp": "20:32:50",
	"type": "dialog_node_start"
}, {
	"node_path": "Control/DialogSystem_Main/Fn_Main/Archmage/AddMoney",
	"timestamp": "20:33:01",
	"type": "dialog_node_start"
}, {
	"amount": 80,
	"new_balance": 312,
	"original_balance": 232,
	"timestamp": "20:33:01",
	"type": "add_money"
}, {
	"node_path": "Control/DialogSystem_Main/Fn_Main/Archmage/HideFigure",
	"timestamp": "20:33:01",
	"type": "dialog_node_start"
}, {
	"node_path": "Control/DialogSystem_Main/Fn_Main/Scared",
	"timestamp": "20:33:02",
	"type": "dialog_node_start"
}, {
	"node_path": "Control/DialogSystem_Main/Fn_Main/Scared/ShowFigure",
	"timestamp": "20:33:02",
	"type": "dialog_node_start"
}, {
	"node_path": "Control/DialogSystem_Main/Fn_Main/Scared/Text",
	"timestamp": "20:33:08",
	"type": "dialog_node_start"
}, {
	"node_path": "Control/DialogSystem_Main/Fn_Main/Scared/Call_WaitForSubmittion",
	"timestamp": "20:33:13",
	"type": "dialog_node_start"
}, {
	"node_path": "Control/DialogSystem_Main/Fn_HandleEyeSubmittion",
	"timestamp": "20:33:13",
	"type": "dialog_node_start"
}, {
	"node_path": "Control/DialogSystem_Main/Fn_HandleEyeSubmittion/EnablePiedestalCollider",
	"timestamp": "20:33:13",
	"type": "dialog_node_start"
}, {
	"node_path": "Control/DialogSystem_Main/Fn_HandleEyeSubmittion/WaitForSubmission",
	"timestamp": "20:33:13",
	"type": "dialog_node_start"
}, {
	"part": "Eye3",
	"timestamp": "20:33:43",
	"type": "add_part"
}, {
	"part": "Iris6",
	"timestamp": "20:33:43",
	"type": "add_part"
}, {
	"part": "Pupil3",
	"timestamp": "20:33:44",
	"type": "add_part"
}, {
	"part": "Eyebrow1",
	"timestamp": "20:33:46",
	"type": "add_part"
}, {
	"eye_shape": "Eye3",
	"eyebrow": "Eyebrow1",
	"iris": "Iris6",
	"pupil": "Pupil3",
	"question_idx": 13,
	"timestamp": "20:33:47",
	"type": "submit_answer"
}, {
	"node_path": "Control/DialogSystem_Main/Fn_HandleEyeSubmittion/DisablePiedestalCollider",
	"timestamp": "20:33:47",
	"type": "dialog_node_start"
}, {
	"node_path": "Control/DialogSystem_Main/Fn_Main/Scared/T_GiveMoney",
	"timestamp": "20:33:47",
	"type": "dialog_node_start"
}, {
	"node_path": "Control/DialogSystem_Main/Fn_Main/Scared/AddMoney",
	"timestamp": "20:34:14",
	"type": "dialog_node_start"
}, {
	"amount": 20,
	"new_balance": 332,
	"original_balance": 312,
	"timestamp": "20:34:14",
	"type": "add_money"
}, {
	"node_path": "Control/DialogSystem_Main/Fn_Main/Scared/HideFigure",
	"timestamp": "20:34:14",
	"type": "dialog_node_start"
}, {
	"node_path": "Control/DialogSystem_Main/Fn_Main/Wait",
	"timestamp": "20:34:14",
	"type": "dialog_node_start"
}, {
	"node_path": "Control/DialogSystem_Main/Fn_Main/FadeOut",
	"timestamp": "20:34:19",
	"type": "dialog_node_start"
}, {
	"node_path": "Control/DialogSystem_Main/Fn_Main/Transition",
	"timestamp": "20:34:21",
	"type": "dialog_node_start"
}, {
	"node_path": "IntroText/DialogSystem_Outro/Fn_Main",
	"timestamp": "20:34:22",
	"type": "dialog_node_start"
}, {
	"node_path": "IntroText/DialogSystem_Outro/Fn_Main/TextReset",
	"timestamp": "20:34:22",
	"type": "dialog_node_start"
}, {
	"node_path": "IntroText/DialogSystem_Outro/Fn_Main/FadeOut",
	"timestamp": "20:34:22",
	"type": "dialog_node_start"
}, {
	"node_path": "IntroText/DialogSystem_Outro/Fn_Main/PrintText",
	"timestamp": "20:34:24",
	"type": "dialog_node_start"
}, {
	"node_path": "IntroText/DialogSystem_Outro/Fn_Text",
	"timestamp": "20:34:24",
	"type": "dialog_node_start"
}, {
	"node_path": "IntroText/DialogSystem_Outro/Fn_Text/Text",
	"timestamp": "20:34:24",
	"type": "dialog_node_start"
}, {
	"node_path": "IntroText/DialogSystem_Outro/Fn_Text/Text2",
	"timestamp": "20:34:27",
	"type": "dialog_node_start"
}, {
	"node_path": "IntroText/DialogSystem_Outro/Fn_Text/Text4",
	"timestamp": "20:34:29",
	"type": "dialog_node_start"
}, {
	"node_path": "IntroText/DialogSystem_Outro/Fn_Text/Text5",
	"timestamp": "20:34:30",
	"type": "dialog_node_start"
}, {
	"node_path": "IntroText/DialogSystem_Outro/Fn_Text/Text6",
	"timestamp": "20:34:31",
	"type": "dialog_node_start"
}, {
	"node_path": "IntroText/DialogSystem_Outro/Fn_Text/Text7",
	"timestamp": "20:34:32",
	"type": "dialog_node_start"
}, {
	"node_path": "IntroText/DialogSystem_Outro/Fn_Text/Text8",
	"timestamp": "20:34:33",
	"type": "dialog_node_start"
}, {
	"node_path": "IntroText/DialogSystem_Outro/Fn_Text/OnWeb",
	"timestamp": "20:34:35",
	"type": "dialog_node_start"
}, {
	"node_path": "IntroText/DialogSystem_Outro/Fn_Text/OnWeb/Text10",
	"timestamp": "20:34:35",
	"type": "dialog_node_start"
}, {
	"node_path": "IntroText/DialogSystem_Outro/Fn_Text/OnWeb/DoExportTheLog",
	"timestamp": "20:34:48",
	"type": "dialog_node_start"
}]