[{
	"id": "905194043148604950",
	"timestamp": "14:42:39",
	"type": "user_id"
}, {
	"node_path": "Control/DialogSystem_FirstScreen/Fn_Main",
	"timestamp": "14:42:39",
	"type": "dialog_node_start"
}, {
	"node_path": "Control/DialogSystem_FirstScreen/Fn_Main/Condition",
	"timestamp": "14:42:39",
	"type": "dialog_node_start"
}, {
	"node_path": "Control/DialogSystem_FirstScreen/Fn_Main/Condition/FadeOut",
	"timestamp": "14:42:39",
	"type": "dialog_node_start"
}, {
	"node_path": "Control/DialogSystem_FirstScreen/Fn_Main/WaitForButton",
	"timestamp": "14:42:42",
	"type": "dialog_node_start"
}, {
	"node_path": "Control/DialogSystem_FirstScreen/Fn_Main/ThunderSound",
	"timestamp": "14:43:03",
	"type": "dialog_node_start"
}, {
	"node_path": "Control/DialogSystem_FirstScreen/Fn_Main/FadeIn",
	"timestamp": "14:43:03",
	"type": "dialog_node_start"
}, {
	"node_path": "Control/DialogSystem_FirstScreen/Fn_Main/Transition",
	"timestamp": "14:43:06",
	"type": "dialog_node_start"
}, {
	"node_path": "IntroText/DialogSystem_Intro/Fn_Main",
	"timestamp": "14:43:06",
	"type": "dialog_node_start"
}, {
	"node_path": "IntroText/DialogSystem_Intro/Fn_Main/TextReset",
	"timestamp": "14:43:06",
	"type": "dialog_node_start"
}, {
	"node_path": "IntroText/DialogSystem_Intro/Fn_Main/FadeOut",
	"timestamp": "14:43:06",
	"type": "dialog_node_start"
}, {
	"node_path": "IntroText/DialogSystem_Intro/Fn_Main/StartMusic",
	"timestamp": "14:43:08",
	"type": "dialog_node_start"
}, {
	"node_path": "IntroText/DialogSystem_Intro/Fn_Main/PrintText",
	"timestamp": "14:43:09",
	"type": "dialog_node_start"
}, {
	"node_path": "IntroText/DialogSystem_Intro/Fn_Text",
	"timestamp": "14:43:09",
	"type": "dialog_node_start"
}, {
	"node_path": "IntroText/DialogSystem_Intro/Fn_Text/Part1",
	"timestamp": "14:43:09",
	"type": "dialog_node_start"
}, {
	"node_path": "IntroText/DialogSystem_Intro/Fn_Text/Part1/ShowImg1",
	"timestamp": "14:43:09",
	"type": "dialog_node_start"
}, {
	"node_path": "IntroText/DialogSystem_Intro/Fn_Text/Part1/Text",
	"timestamp": "14:43:09",
	"type": "dialog_node_start"
}, {
	"node_path": "IntroText/DialogSystem_Intro/Fn_Text/Part1/Text2",
	"timestamp": "14:43:22",
	"type": "dialog_node_start"
}, {
	"node_path": "IntroText/DialogSystem_Intro/Fn_Text/Part1/Text3",
	"timestamp": "14:43:33",
	"type": "dialog_node_start"
}, {
	"node_path": "IntroText/DialogSystem_Intro/Fn_Text/Part1/Text4",
	"timestamp": "14:43:36",
	"type": "dialog_node_start"
}, {
	"node_path": "IntroText/DialogSystem_Intro/Fn_Text/Part1/HideImg1",
	"timestamp": "14:43:40",
	"type": "dialog_node_start"
}, {
	"node_path": "IntroText/DialogSystem_Intro/Fn_Text/Part2",
	"timestamp": "14:43:40",
	"type": "dialog_node_start"
}, {
	"node_path": "IntroText/DialogSystem_Intro/Fn_Text/Part2/ShowImg2",
	"timestamp": "14:43:40",
	"type": "dialog_node_start"
}, {
	"node_path": "IntroText/DialogSystem_Intro/Fn_Text/Part2/Text5",
	"timestamp": "14:43:40",
	"type": "dialog_node_start"
}, {
	"node_path": "IntroText/DialogSystem_Intro/Fn_Text/Part2/Text6",
	"timestamp": "14:43:43",
	"type": "dialog_node_start"
}, {
	"node_path": "IntroText/DialogSystem_Intro/Fn_Text/Part2/Text7",
	"timestamp": "14:43:48",
	"type": "dialog_node_start"
}, {
	"node_path": "IntroText/DialogSystem_Intro/Fn_Text/Part2/Text8",
	"timestamp": "14:43:51",
	"type": "dialog_node_start"
}, {
	"node_path": "IntroText/DialogSystem_Intro/Fn_Text/Part2/Text9",
	"timestamp": "14:43:54",
	"type": "dialog_node_start"
}, {
	"node_path": "IntroText/DialogSystem_Intro/Fn_Text/Part2/HideImg2",
	"timestamp": "14:43:56",
	"type": "dialog_node_start"
}, {
	"node_path": "IntroText/DialogSystem_Intro/Fn_Text/Part3",
	"timestamp": "14:43:56",
	"type": "dialog_node_start"
}, {
	"node_path": "IntroText/DialogSystem_Intro/Fn_Text/Part3/ClearText",
	"timestamp": "14:43:56",
	"type": "dialog_node_start"
}, {
	"node_path": "IntroText/DialogSystem_Intro/Fn_Text/Part3/Wait",
	"timestamp": "14:43:56",
	"type": "dialog_node_start"
}, {
	"node_path": "IntroText/DialogSystem_Intro/Fn_Text/Part3/Text10",
	"timestamp": "14:44:00",
	"type": "dialog_node_start"
}, {
	"node_path": "IntroText/DialogSystem_Intro/Fn_Text/Part3/Text11",
	"timestamp": "14:44:09",
	"type": "dialog_node_start"
}, {
	"node_path": "IntroText/DialogSystem_Intro/Fn_Text/Part3/Text12",
	"timestamp": "14:44:13",
	"type": "dialog_node_start"
}, {
	"node_path": "IntroText/DialogSystem_Intro/Fn_Text/Part3/Text13",
	"timestamp": "14:44:16",
	"type": "dialog_node_start"
}, {
	"node_path": "IntroText/DialogSystem_Intro/Fn_Text/HideTheDot",
	"timestamp": "14:44:18",
	"type": "dialog_node_start"
}, {
	"node_path": "IntroText/DialogSystem_Intro/Fn_Main/FadeIn",
	"timestamp": "14:44:18",
	"type": "dialog_node_start"
}, {
	"node_path": "IntroText/DialogSystem_Intro/Fn_Main/Transition",
	"timestamp": "14:44:21",
	"type": "dialog_node_start"
}, {
	"node_path": "Control/DialogSystem_Main/Fn_Main",
	"timestamp": "14:44:21",
	"type": "dialog_node_start"
}, {
	"node_path": "Control/DialogSystem_Main/Fn_Main/FadeIn",
	"timestamp": "14:44:21",
	"type": "dialog_node_start"
}, {
	"node_path": "Control/DialogSystem_Main/Fn_Main/Tutorial",
	"timestamp": "14:44:23",
	"type": "dialog_node_start"
}, {
	"node_path": "Control/DialogSystem_Main/Fn_Main/Tutorial/ShowFigure",
	"timestamp": "14:44:23",
	"type": "dialog_node_start"
}, {
	"node_path": "Control/DialogSystem_Main/Fn_Main/Tutorial/Text",
	"timestamp": "14:44:25",
	"type": "dialog_node_start"
}, {
	"node_path": "Control/DialogSystem_Main/Fn_Main/Tutorial/Call_WaitForSubmittion",
	"timestamp": "14:44:37",
	"type": "dialog_node_start"
}, {
	"node_path": "Control/DialogSystem_Main/Fn_HandleEyeSubmittion",
	"timestamp": "14:44:37",
	"type": "dialog_node_start"
}, {
	"node_path": "Control/DialogSystem_Main/Fn_HandleEyeSubmittion/EnablePiedestalCollider",
	"timestamp": "14:44:37",
	"type": "dialog_node_start"
}, {
	"node_path": "Control/DialogSystem_Main/Fn_HandleEyeSubmittion/WaitForSubmission",
	"timestamp": "14:44:37",
	"type": "dialog_node_start"
}, {
	"part": "Eye5",
	"timestamp": "14:44:51",
	"type": "add_part"
}, {
	"object": "Irises1",
	"original_placement": "P5",
	"timestamp": "14:44:54",
	"type": "grab_object"
}, {
	"destination": "P5",
	"object": "Irises1",
	"timestamp": "14:44:55",
	"type": "place_object"
}, {
	"object": "Irises1",
	"original_placement": "P5",
	"timestamp": "14:44:56",
	"type": "grab_object"
}, {
	"destination": "P5",
	"object": "Irises1",
	"timestamp": "14:44:57",
	"type": "place_object"
}, {
	"object": "Irises1",
	"original_placement": "P5",
	"timestamp": "14:44:58",
	"type": "grab_object"
}, {
	"destination": "MainShelf2",
	"object": "Irises1",
	"timestamp": "14:45:00",
	"type": "place_object"
}, {
	"object": "Irises1",
	"original_placement": "MainShelf2",
	"timestamp": "14:45:02",
	"type": "grab_object"
}, {
	"destination": "P5",
	"object": "Irises1",
	"timestamp": "14:45:03",
	"type": "place_object"
}, {
	"part": "Iris2",
	"timestamp": "14:45:07",
	"type": "add_part"
}, {
	"part": "Pupil1",
	"timestamp": "14:45:13",
	"type": "add_part"
}, {
	"part": "Eyebrow1",
	"timestamp": "14:45:17",
	"type": "add_part"
}, {
	"eye_shape": "Eye5",
	"eyebrow": "Eyebrow1",
	"iris": "Iris2",
	"pupil": "Pupil1",
	"question_idx": 0,
	"timestamp": "14:45:24",
	"type": "submit_answer"
}, {
	"node_path": "Control/DialogSystem_Main/Fn_HandleEyeSubmittion/DisablePiedestalCollider",
	"timestamp": "14:45:24",
	"type": "dialog_node_start"
}, {
	"node_path": "Control/DialogSystem_Main/Fn_Main/Tutorial/T_GiveMoney",
	"timestamp": "14:45:24",
	"type": "dialog_node_start"
}, {
	"node_path": "Control/DialogSystem_Main/Fn_Main/Tutorial/AddMoney",
	"timestamp": "14:45:27",
	"type": "dialog_node_start"
}, {
	"amount": 11,
	"new_balance": 21,
	"original_balance": 10,
	"timestamp": "14:45:27",
	"type": "add_money"
}, {
	"node_path": "Control/DialogSystem_Main/Fn_Main/Tutorial/HideFigure",
	"timestamp": "14:45:27",
	"type": "dialog_node_start"
}, {
	"node_path": "Control/DialogSystem_Main/Fn_Main/Tutorial2",
	"timestamp": "14:45:29",
	"type": "dialog_node_start"
}, {
	"node_path": "Control/DialogSystem_Main/Fn_Main/Tutorial2/ShowFigure",
	"timestamp": "14:45:29",
	"type": "dialog_node_start"
}, {
	"node_path": "Control/DialogSystem_Main/Fn_Main/Tutorial2/Text",
	"timestamp": "14:45:31",
	"type": "dialog_node_start"
}, {
	"node_path": "Control/DialogSystem_Main/Fn_Main/Tutorial2/Call_WaitForSubmittion",
	"timestamp": "14:45:39",
	"type": "dialog_node_start"
}, {
	"node_path": "Control/DialogSystem_Main/Fn_HandleEyeSubmittion",
	"timestamp": "14:45:39",
	"type": "dialog_node_start"
}, {
	"node_path": "Control/DialogSystem_Main/Fn_HandleEyeSubmittion/EnablePiedestalCollider",
	"timestamp": "14:45:39",
	"type": "dialog_node_start"
}, {
	"node_path": "Control/DialogSystem_Main/Fn_HandleEyeSubmittion/WaitForSubmission",
	"timestamp": "14:45:39",
	"type": "dialog_node_start"
}, {
	"part": "Eye6",
	"timestamp": "14:45:45",
	"type": "remove_part"
}, {
	"part": "Eye6",
	"timestamp": "14:45:47",
	"type": "remove_part"
}, {
	"part": "Eye1",
	"timestamp": "14:45:48",
	"type": "add_part"
}, {
	"part": "Iris5",
	"timestamp": "14:45:49",
	"type": "add_part"
}, {
	"part": "Pupil2",
	"timestamp": "14:45:52",
	"type": "add_part"
}, {
	"part": "Eyebrow2",
	"timestamp": "14:45:54",
	"type": "add_part"
}, {
	"eye_shape": "Eye1",
	"eyebrow": "Eyebrow2",
	"iris": "Iris5",
	"pupil": "Pupil2",
	"question_idx": 1,
	"timestamp": "14:45:57",
	"type": "submit_answer"
}, {
	"node_path": "Control/DialogSystem_Main/Fn_HandleEyeSubmittion/DisablePiedestalCollider",
	"timestamp": "14:45:57",
	"type": "dialog_node_start"
}, {
	"node_path": "Control/DialogSystem_Main/Fn_Main/Tutorial2/T_GiveMoney",
	"timestamp": "14:45:57",
	"type": "dialog_node_start"
}, {
	"node_path": "Control/DialogSystem_Main/Fn_Main/Tutorial2/AddMoney",
	"timestamp": "14:46:10",
	"type": "dialog_node_start"
}, {
	"amount": 35,
	"new_balance": 56,
	"original_balance": 21,
	"timestamp": "14:46:10",
	"type": "add_money"
}, {
	"node_path": "Control/DialogSystem_Main/Fn_Main/Tutorial2/HideFigure",
	"timestamp": "14:46:10",
	"type": "dialog_node_start"
}, {
	"node_path": "Control/DialogSystem_Main/Fn_Main/NeedsToForgetWhatHeDid",
	"timestamp": "14:46:12",
	"type": "dialog_node_start"
}, {
	"node_path": "Control/DialogSystem_Main/Fn_Main/NeedsToForgetWhatHeDid/ShowFigure",
	"timestamp": "14:46:12",
	"type": "dialog_node_start"
}, {
	"node_path": "Control/DialogSystem_Main/Fn_Main/NeedsToForgetWhatHeDid/Text",
	"timestamp": "14:46:14",
	"type": "dialog_node_start"
}, {
	"node_path": "Control/DialogSystem_Main/Fn_Main/NeedsToForgetWhatHeDid/Call_WaitForSubmittion",
	"timestamp": "14:46:21",
	"type": "dialog_node_start"
}, {
	"node_path": "Control/DialogSystem_Main/Fn_HandleEyeSubmittion",
	"timestamp": "14:46:21",
	"type": "dialog_node_start"
}, {
	"node_path": "Control/DialogSystem_Main/Fn_HandleEyeSubmittion/EnablePiedestalCollider",
	"timestamp": "14:46:21",
	"type": "dialog_node_start"
}, {
	"node_path": "Control/DialogSystem_Main/Fn_HandleEyeSubmittion/WaitForSubmission",
	"timestamp": "14:46:21",
	"type": "dialog_node_start"
}, {
	"part": "Eye3",
	"timestamp": "14:46:36",
	"type": "add_part"
}, {
	"part": "Pupil1",
	"timestamp": "14:46:37",
	"type": "add_part"
}, {
	"part": "Iris3",
	"timestamp": "14:46:41",
	"type": "add_part"
}, {
	"part": "Eyebrow3",
	"timestamp": "14:46:44",
	"type": "add_part"
}, {
	"eye_shape": "Eye3",
	"eyebrow": "Eyebrow3",
	"iris": "Iris3",
	"pupil": "Pupil1",
	"question_idx": 2,
	"timestamp": "14:46:48",
	"type": "submit_answer"
}, {
	"node_path": "Control/DialogSystem_Main/Fn_HandleEyeSubmittion/DisablePiedestalCollider",
	"timestamp": "14:46:48",
	"type": "dialog_node_start"
}, {
	"node_path": "Control/DialogSystem_Main/Fn_Main/NeedsToForgetWhatHeDid/T_GiveMoney",
	"timestamp": "14:46:48",
	"type": "dialog_node_start"
}, {
	"node_path": "Control/DialogSystem_Main/Fn_Main/NeedsToForgetWhatHeDid/AddMoney",
	"timestamp": "14:46:52",
	"type": "dialog_node_start"
}, {
	"amount": 7,
	"new_balance": 63,
	"original_balance": 56,
	"timestamp": "14:46:52",
	"type": "add_money"
}, {
	"node_path": "Control/DialogSystem_Main/Fn_Main/NeedsToForgetWhatHeDid/HideFigure",
	"timestamp": "14:46:52",
	"type": "dialog_node_start"
}, {
	"node_path": "Control/DialogSystem_Main/Fn_Main/LoyalKnight",
	"timestamp": "14:46:54",
	"type": "dialog_node_start"
}, {
	"node_path": "Control/DialogSystem_Main/Fn_Main/LoyalKnight/ShowFigure",
	"timestamp": "14:46:54",
	"type": "dialog_node_start"
}, {
	"node_path": "Control/DialogSystem_Main/Fn_Main/LoyalKnight/Text",
	"timestamp": "14:46:56",
	"type": "dialog_node_start"
}, {
	"node_path": "Control/DialogSystem_Main/Fn_Main/LoyalKnight/Call_WaitForSubmittion",
	"timestamp": "14:47:02",
	"type": "dialog_node_start"
}, {
	"node_path": "Control/DialogSystem_Main/Fn_HandleEyeSubmittion",
	"timestamp": "14:47:02",
	"type": "dialog_node_start"
}, {
	"node_path": "Control/DialogSystem_Main/Fn_HandleEyeSubmittion/EnablePiedestalCollider",
	"timestamp": "14:47:02",
	"type": "dialog_node_start"
}, {
	"node_path": "Control/DialogSystem_Main/Fn_HandleEyeSubmittion/WaitForSubmission",
	"timestamp": "14:47:02",
	"type": "dialog_node_start"
}, {
	"part": "Eye5",
	"timestamp": "14:47:08",
	"type": "add_part"
}, {
	"part": "Iris2",
	"timestamp": "14:47:11",
	"type": "remove_part"
}, {
	"part": "Iris4",
	"timestamp": "14:47:13",
	"type": "add_part"
}, {
	"part": "Pupil3",
	"timestamp": "14:47:18",
	"type": "remove_part"
}, {
	"part": "Pupil1",
	"timestamp": "14:47:19",
	"type": "add_part"
}, {
	"part": "Pupil1",
	"timestamp": "14:47:19",
	"type": "add_part"
}, {
	"part": "Eyebrow3",
	"timestamp": "14:47:23",
	"type": "remove_part"
}, {
	"part": "Eyebrow4",
	"timestamp": "14:47:25",
	"type": "add_part"
}, {
	"eye_shape": "Eye5",
	"eyebrow": "Eyebrow4",
	"iris": "Iris4",
	"pupil": "Pupil1",
	"question_idx": 3,
	"timestamp": "14:47:28",
	"type": "submit_answer"
}, {
	"node_path": "Control/DialogSystem_Main/Fn_HandleEyeSubmittion/DisablePiedestalCollider",
	"timestamp": "14:47:28",
	"type": "dialog_node_start"
}, {
	"node_path": "Control/DialogSystem_Main/Fn_Main/LoyalKnight/T_GiveMoney",
	"timestamp": "14:47:28",
	"type": "dialog_node_start"
}, {
	"node_path": "Control/DialogSystem_Main/Fn_Main/LoyalKnight/AddMoney",
	"timestamp": "14:47:32",
	"type": "dialog_node_start"
}, {
	"amount": 45,
	"new_balance": 108,
	"original_balance": 63,
	"timestamp": "14:47:32",
	"type": "add_money"
}, {
	"node_path": "Control/DialogSystem_Main/Fn_Main/LoyalKnight/HideFigure",
	"timestamp": "14:47:32",
	"type": "dialog_node_start"
}, {
	"node_path": "Control/DialogSystem_Main/Fn_Main/Vain",
	"timestamp": "14:47:34",
	"type": "dialog_node_start"
}, {
	"node_path": "Control/DialogSystem_Main/Fn_Main/Vain/ShowFigure",
	"timestamp": "14:47:34",
	"type": "dialog_node_start"
}, {
	"node_path": "Control/DialogSystem_Main/Fn_Main/Vain/Text",
	"timestamp": "14:47:36",
	"type": "dialog_node_start"
}, {
	"node_path": "Control/DialogSystem_Main/Fn_Main/Vain/Call_WaitForSubmittion",
	"timestamp": "14:47:45",
	"type": "dialog_node_start"
}, {
	"node_path": "Control/DialogSystem_Main/Fn_HandleEyeSubmittion",
	"timestamp": "14:47:45",
	"type": "dialog_node_start"
}, {
	"node_path": "Control/DialogSystem_Main/Fn_HandleEyeSubmittion/EnablePiedestalCollider",
	"timestamp": "14:47:45",
	"type": "dialog_node_start"
}, {
	"node_path": "Control/DialogSystem_Main/Fn_HandleEyeSubmittion/WaitForSubmission",
	"timestamp": "14:47:45",
	"type": "dialog_node_start"
}, {
	"part": "Eye3",
	"timestamp": "14:47:49",
	"type": "add_part"
}, {
	"part": "Iris6",
	"timestamp": "14:47:53",
	"type": "add_part"
}, {
	"part": "Pupil1",
	"timestamp": "14:47:57",
	"type": "add_part"
}, {
	"part": "Eyebrow5",
	"timestamp": "14:48:06",
	"type": "add_part"
}, {
	"eye_shape": "Eye3",
	"eyebrow": "Eyebrow5",
	"iris": "Iris6",
	"pupil": "Pupil1",
	"question_idx": 4,
	"timestamp": "14:48:10",
	"type": "submit_answer"
}, {
	"node_path": "Control/DialogSystem_Main/Fn_HandleEyeSubmittion/DisablePiedestalCollider",
	"timestamp": "14:48:10",
	"type": "dialog_node_start"
}, {
	"node_path": "Control/DialogSystem_Main/Fn_Main/Vain/T_GiveMoney",
	"timestamp": "14:48:10",
	"type": "dialog_node_start"
}, {
	"node_path": "Control/DialogSystem_Main/Fn_Main/Vain/AddMoney",
	"timestamp": "14:48:17",
	"type": "dialog_node_start"
}, {
	"amount": 10,
	"new_balance": 118,
	"original_balance": 108,
	"timestamp": "14:48:17",
	"type": "add_money"
}, {
	"node_path": "Control/DialogSystem_Main/Fn_Main/Vain/HideFigure",
	"timestamp": "14:48:17",
	"type": "dialog_node_start"
}, {
	"node_path": "Control/DialogSystem_Main/Fn_Main/GentleWerewolf",
	"timestamp": "14:48:19",
	"type": "dialog_node_start"
}, {
	"node_path": "Control/DialogSystem_Main/Fn_Main/GentleWerewolf/ShowFigure",
	"timestamp": "14:48:19",
	"type": "dialog_node_start"
}, {
	"node_path": "Control/DialogSystem_Main/Fn_Main/GentleWerewolf/Text",
	"timestamp": "14:48:21",
	"type": "dialog_node_start"
}, {
	"node_path": "Control/DialogSystem_Main/Fn_Main/GentleWerewolf/Wait",
	"timestamp": "14:48:25",
	"type": "dialog_node_start"
}, {
	"node_path": "Control/DialogSystem_Main/Fn_Main/GentleWerewolf/Text2",
	"timestamp": "14:48:26",
	"type": "dialog_node_start"
}, {
	"node_path": "Control/DialogSystem_Main/Fn_Main/GentleWerewolf/Wait2",
	"timestamp": "14:48:30",
	"type": "dialog_node_start"
}, {
	"node_path": "Control/DialogSystem_Main/Fn_Main/GentleWerewolf/Text3",
	"timestamp": "14:48:31",
	"type": "dialog_node_start"
}, {
	"node_path": "Control/DialogSystem_Main/Fn_Main/GentleWerewolf/Call_WaitForSubmittion",
	"timestamp": "14:48:35",
	"type": "dialog_node_start"
}, {
	"node_path": "Control/DialogSystem_Main/Fn_HandleEyeSubmittion",
	"timestamp": "14:48:35",
	"type": "dialog_node_start"
}, {
	"node_path": "Control/DialogSystem_Main/Fn_HandleEyeSubmittion/EnablePiedestalCollider",
	"timestamp": "14:48:35",
	"type": "dialog_node_start"
}, {
	"node_path": "Control/DialogSystem_Main/Fn_HandleEyeSubmittion/WaitForSubmission",
	"timestamp": "14:48:35",
	"type": "dialog_node_start"
}, {
	"part": "Eye2",
	"timestamp": "14:48:40",
	"type": "remove_part"
}, {
	"part": "Eye6",
	"timestamp": "14:48:41",
	"type": "add_part"
}, {
	"part": "Iris1",
	"timestamp": "14:48:47",
	"type": "add_part"
}, {
	"part": "Pupil3",
	"timestamp": "14:48:50",
	"type": "add_part"
}, {
	"part": "Pupil4",
	"timestamp": "14:48:57",
	"type": "add_part"
}, {
	"part": "Pupil3",
	"timestamp": "14:49:04",
	"type": "add_part"
}, {
	"part": "Eyebrow1",
	"timestamp": "14:49:07",
	"type": "add_part"
}, {
	"eye_shape": "Eye6",
	"eyebrow": "Eyebrow1",
	"iris": "Iris1",
	"pupil": "Pupil3",
	"question_idx": 5,
	"timestamp": "14:49:09",
	"type": "submit_answer"
}, {
	"node_path": "Control/DialogSystem_Main/Fn_HandleEyeSubmittion/DisablePiedestalCollider",
	"timestamp": "14:49:09",
	"type": "dialog_node_start"
}, {
	"node_path": "Control/DialogSystem_Main/Fn_Main/GentleWerewolf/T_GiveFlower",
	"timestamp": "14:49:09",
	"type": "dialog_node_start"
}, {
	"node_path": "Control/DialogSystem_Main/Fn_Main/GentleWerewolf/GiveFlower",
	"timestamp": "14:49:15",
	"type": "dialog_node_start"
}, {
	"node_path": "Control/DialogSystem_Main/Fn_Main/GentleWerewolf/ShowFlower",
	"timestamp": "14:49:15",
	"type": "dialog_node_start"
}, {
	"node_path": "Control/DialogSystem_Main/Fn_Main/GentleWerewolf/HideFigure",
	"timestamp": "14:49:16",
	"type": "dialog_node_start"
}, {
	"object": "WerewolfFlower",
	"original_placement": "MainShelf2",
	"timestamp": "14:49:17",
	"type": "grab_object"
}, {
	"node_path": "Control/DialogSystem_Main/Fn_Main/Gambler",
	"timestamp": "14:49:18",
	"type": "dialog_node_start"
}, {
	"node_path": "Control/DialogSystem_Main/Fn_Main/Gambler/ShowFigure",
	"timestamp": "14:49:18",
	"type": "dialog_node_start"
}, {
	"node_path": "Control/DialogSystem_Main/Fn_Main/Gambler/Text",
	"timestamp": "14:49:20",
	"type": "dialog_node_start"
}, {
	"node_path": "Control/DialogSystem_Main/Fn_Main/Gambler/Call_WaitForSubmittion",
	"timestamp": "14:49:25",
	"type": "dialog_node_start"
}, {
	"node_path": "Control/DialogSystem_Main/Fn_HandleEyeSubmittion",
	"timestamp": "14:49:25",
	"type": "dialog_node_start"
}, {
	"node_path": "Control/DialogSystem_Main/Fn_HandleEyeSubmittion/EnablePiedestalCollider",
	"timestamp": "14:49:25",
	"type": "dialog_node_start"
}, {
	"node_path": "Control/DialogSystem_Main/Fn_HandleEyeSubmittion/WaitForSubmission",
	"timestamp": "14:49:25",
	"type": "dialog_node_start"
}, {
	"destination": "MainShelf2",
	"object": "WerewolfFlower",
	"timestamp": "14:49:26",
	"type": "place_object"
}, {
	"part": "Eye5",
	"timestamp": "14:49:35",
	"type": "add_part"
}, {
	"part": "Iris4",
	"timestamp": "14:49:40",
	"type": "add_part"
}, {
	"part": "Eyebrow6",
	"timestamp": "14:49:45",
	"type": "add_part"
}, {
	"part": "Pupil4",
	"timestamp": "14:49:47",
	"type": "add_part"
}, {
	"eye_shape": "Eye5",
	"eyebrow": "Eyebrow6",
	"iris": "Iris4",
	"pupil": "Pupil4",
	"question_idx": 6,
	"timestamp": "14:49:51",
	"type": "submit_answer"
}, {
	"node_path": "Control/DialogSystem_Main/Fn_HandleEyeSubmittion/DisablePiedestalCollider",
	"timestamp": "14:49:51",
	"type": "dialog_node_start"
}, {
	"node_path": "Control/DialogSystem_Main/Fn_Main/Gambler/T_GiveMoney",
	"timestamp": "14:49:51",
	"type": "dialog_node_start"
}, {
	"node_path": "Control/DialogSystem_Main/Fn_Main/Gambler/AddMoney",
	"timestamp": "14:49:59",
	"type": "dialog_node_start"
}, {
	"amount": 6,
	"new_balance": 124,
	"original_balance": 118,
	"timestamp": "14:49:59",
	"type": "add_money"
}, {
	"node_path": "Control/DialogSystem_Main/Fn_Main/Gambler/HideFigure",
	"timestamp": "14:49:59",
	"type": "dialog_node_start"
}, {
	"node_path": "Control/DialogSystem_Main/Fn_Main/PoorPeasant",
	"timestamp": "14:50:01",
	"type": "dialog_node_start"
}, {
	"node_path": "Control/DialogSystem_Main/Fn_Main/PoorPeasant/ShowFigure",
	"timestamp": "14:50:01",
	"type": "dialog_node_start"
}, {
	"node_path": "Control/DialogSystem_Main/Fn_Main/PoorPeasant/Text",
	"timestamp": "14:50:03",
	"type": "dialog_node_start"
}, {
	"node_path": "Control/DialogSystem_Main/Fn_Main/PoorPeasant/Call_WaitForSubmittion",
	"timestamp": "14:50:09",
	"type": "dialog_node_start"
}, {
	"node_path": "Control/DialogSystem_Main/Fn_HandleEyeSubmittion",
	"timestamp": "14:50:09",
	"type": "dialog_node_start"
}, {
	"node_path": "Control/DialogSystem_Main/Fn_HandleEyeSubmittion/EnablePiedestalCollider",
	"timestamp": "14:50:09",
	"type": "dialog_node_start"
}, {
	"node_path": "Control/DialogSystem_Main/Fn_HandleEyeSubmittion/WaitForSubmission",
	"timestamp": "14:50:09",
	"type": "dialog_node_start"
}, {
	"object": "Glasses",
	"original_placement": "<nil>",
	"timestamp": "14:50:15",
	"type": "grab_object"
}, {
	"balance_before_purchase": 124,
	"price": 120,
	"timestamp": "14:50:15",
	"type": "purchase",
	"what": "Glasses"
}, {
	"destination": "P16",
	"object": "Glasses",
	"timestamp": "14:50:18",
	"type": "place_object"
}, {
	"object": "Glasses",
	"original_placement": "P16",
	"timestamp": "14:50:18",
	"type": "grab_object"
}, {
	"destination": "MainShelf2",
	"object": "Glasses",
	"timestamp": "14:50:20",
	"type": "place_object"
}, {
	"part": "Iris2",
	"timestamp": "14:50:27",
	"type": "add_part"
}, {
	"part": "Eye4",
	"timestamp": "14:50:29",
	"type": "remove_part"
}, {
	"part": "Eye4",
	"timestamp": "14:50:31",
	"type": "add_part"
}, {
	"part": "Pupil2",
	"timestamp": "14:50:37",
	"type": "add_part"
}, {
	"part": "Eyebrow1",
	"timestamp": "14:50:41",
	"type": "add_part"
}, {
	"eye_shape": "Eye4",
	"eyebrow": "Eyebrow1",
	"iris": "Iris2",
	"pupil": "Pupil2",
	"question_idx": 7,
	"timestamp": "14:50:43",
	"type": "submit_answer"
}, {
	"node_path": "Control/DialogSystem_Main/Fn_HandleEyeSubmittion/DisablePiedestalCollider",
	"timestamp": "14:50:43",
	"type": "dialog_node_start"
}, {
	"node_path": "Control/DialogSystem_Main/Fn_Main/PoorPeasant/T_GiveMoney",
	"timestamp": "14:50:43",
	"type": "dialog_node_start"
}, {
	"node_path": "Control/DialogSystem_Main/Fn_Main/PoorPeasant/AddMoney",
	"timestamp": "14:50:48",
	"type": "dialog_node_start"
}, {
	"amount": 3,
	"new_balance": 7,
	"original_balance": 4,
	"timestamp": "14:50:48",
	"type": "add_money"
}, {
	"node_path": "Control/DialogSystem_Main/Fn_Main/PoorPeasant/HideFigure",
	"timestamp": "14:50:48",
	"type": "dialog_node_start"
}, {
	"node_path": "Control/DialogSystem_Main/Fn_Main/Warlock",
	"timestamp": "14:50:50",
	"type": "dialog_node_start"
}, {
	"node_path": "Control/DialogSystem_Main/Fn_Main/Warlock/ShowFigure",
	"timestamp": "14:50:50",
	"type": "dialog_node_start"
}, {
	"node_path": "Control/DialogSystem_Main/Fn_Main/Warlock/Text",
	"timestamp": "14:50:52",
	"type": "dialog_node_start"
}, {
	"node_path": "Control/DialogSystem_Main/Fn_Main/Warlock/Call_WaitForSubmittion",
	"timestamp": "14:51:04",
	"type": "dialog_node_start"
}, {
	"node_path": "Control/DialogSystem_Main/Fn_HandleEyeSubmittion",
	"timestamp": "14:51:04",
	"type": "dialog_node_start"
}, {
	"node_path": "Control/DialogSystem_Main/Fn_HandleEyeSubmittion/EnablePiedestalCollider",
	"timestamp": "14:51:04",
	"type": "dialog_node_start"
}, {
	"node_path": "Control/DialogSystem_Main/Fn_HandleEyeSubmittion/WaitForSubmission",
	"timestamp": "14:51:04",
	"type": "dialog_node_start"
}, {
	"part": "Iris1",
	"timestamp": "14:51:05",
	"type": "add_part"
}, {
	"part": "Eye5",
	"timestamp": "14:51:08",
	"type": "remove_part"
}, {
	"part": "Eye6",
	"timestamp": "14:51:10",
	"type": "add_part"
}, {
	"part": "Pupil3",
	"timestamp": "14:51:12",
	"type": "remove_part"
}, {
	"part": "Pupil4",
	"timestamp": "14:51:14",
	"type": "remove_part"
}, {
	"part": "Pupil5",
	"timestamp": "14:51:16",
	"type": "add_part"
}, {
	"part": "Eyebrow6",
	"timestamp": "14:51:22",
	"type": "add_part"
}, {
	"eye_shape": "Eye6",
	"eyebrow": "Eyebrow6",
	"iris": "Iris1",
	"pupil": "Pupil5",
	"question_idx": 8,
	"timestamp": "14:51:26",
	"type": "submit_answer"
}, {
	"node_path": "Control/DialogSystem_Main/Fn_HandleEyeSubmittion/DisablePiedestalCollider",
	"timestamp": "14:51:26",
	"type": "dialog_node_start"
}, {
	"node_path": "Control/DialogSystem_Main/Fn_Main/Warlock/T_GiveMoney",
	"timestamp": "14:51:26",
	"type": "dialog_node_start"
}, {
	"node_path": "Control/DialogSystem_Main/Fn_Main/Warlock/AddMoney",
	"timestamp": "14:51:30",
	"type": "dialog_node_start"
}, {
	"amount": 66,
	"new_balance": 73,
	"original_balance": 7,
	"timestamp": "14:51:30",
	"type": "add_money"
}, {
	"node_path": "Control/DialogSystem_Main/Fn_Main/Warlock/HideFigure",
	"timestamp": "14:51:30",
	"type": "dialog_node_start"
}, {
	"node_path": "Control/DialogSystem_Main/Fn_Main/BookEnjoyer",
	"timestamp": "14:51:32",
	"type": "dialog_node_start"
}, {
	"node_path": "Control/DialogSystem_Main/Fn_Main/BookEnjoyer/ShowFigure",
	"timestamp": "14:51:32",
	"type": "dialog_node_start"
}, {
	"node_path": "Control/DialogSystem_Main/Fn_Main/BookEnjoyer/Text",
	"timestamp": "14:51:34",
	"type": "dialog_node_start"
}, {
	"node_path": "Control/DialogSystem_Main/Fn_Main/BookEnjoyer/Call_WaitForSubmittion",
	"timestamp": "14:51:42",
	"type": "dialog_node_start"
}, {
	"node_path": "Control/DialogSystem_Main/Fn_HandleEyeSubmittion",
	"timestamp": "14:51:42",
	"type": "dialog_node_start"
}, {
	"node_path": "Control/DialogSystem_Main/Fn_HandleEyeSubmittion/EnablePiedestalCollider",
	"timestamp": "14:51:42",
	"type": "dialog_node_start"
}, {
	"node_path": "Control/DialogSystem_Main/Fn_HandleEyeSubmittion/WaitForSubmission",
	"timestamp": "14:51:42",
	"type": "dialog_node_start"
}, {
	"part": "Eye2",
	"timestamp": "14:51:43",
	"type": "remove_part"
}, {
	"part": "Eye3",
	"timestamp": "14:51:44",
	"type": "add_part"
}, {
	"part": "Eyebrow1",
	"timestamp": "14:51:47",
	"type": "add_part"
}, {
	"part": "Iris5",
	"timestamp": "14:51:52",
	"type": "remove_part"
}, {
	"part": "Iris6",
	"timestamp": "14:51:53",
	"type": "add_part"
}, {
	"part": "Pupil2",
	"timestamp": "14:51:55",
	"type": "add_part"
}, {
	"eye_shape": "Eye3",
	"eyebrow": "Eyebrow1",
	"iris": "Iris6",
	"pupil": "Pupil2",
	"question_idx": 9,
	"timestamp": "14:51:57",
	"type": "submit_answer"
}, {
	"node_path": "Control/DialogSystem_Main/Fn_HandleEyeSubmittion/DisablePiedestalCollider",
	"timestamp": "14:51:57",
	"type": "dialog_node_start"
}, {
	"node_path": "Control/DialogSystem_Main/Fn_Main/BookEnjoyer/T_GiveMoney",
	"timestamp": "14:51:57",
	"type": "dialog_node_start"
}, {
	"node_path": "Control/DialogSystem_Main/Fn_Main/BookEnjoyer/AddMoney",
	"timestamp": "14:52:06",
	"type": "dialog_node_start"
}, {
	"amount": 14,
	"new_balance": 87,
	"original_balance": 73,
	"timestamp": "14:52:06",
	"type": "add_money"
}, {
	"node_path": "Control/DialogSystem_Main/Fn_Main/BookEnjoyer/HideFigure",
	"timestamp": "14:52:06",
	"type": "dialog_node_start"
}, {
	"node_path": "Control/DialogSystem_Main/Fn_Main/FormerVizier",
	"timestamp": "14:52:08",
	"type": "dialog_node_start"
}, {
	"node_path": "Control/DialogSystem_Main/Fn_Main/FormerVizier/ShowFigure",
	"timestamp": "14:52:08",
	"type": "dialog_node_start"
}, {
	"node_path": "Control/DialogSystem_Main/Fn_Main/FormerVizier/Text",
	"timestamp": "14:52:10",
	"type": "dialog_node_start"
}, {
	"object": "Potion3",
	"original_placement": "<nil>",
	"timestamp": "14:52:11",
	"type": "grab_object"
}, {
	"balance_before_purchase": 87,
	"price": 30,
	"timestamp": "14:52:11",
	"type": "purchase",
	"what": "Potion3"
}, {
	"destination": "MainShelf2",
	"object": "Potion3",
	"timestamp": "14:52:13",
	"type": "place_object"
}, {
	"node_path": "Control/DialogSystem_Main/Fn_Main/FormerVizier/Call_WaitForSubmittion",
	"timestamp": "14:52:21",
	"type": "dialog_node_start"
}, {
	"node_path": "Control/DialogSystem_Main/Fn_HandleEyeSubmittion",
	"timestamp": "14:52:21",
	"type": "dialog_node_start"
}, {
	"node_path": "Control/DialogSystem_Main/Fn_HandleEyeSubmittion/EnablePiedestalCollider",
	"timestamp": "14:52:21",
	"type": "dialog_node_start"
}, {
	"node_path": "Control/DialogSystem_Main/Fn_HandleEyeSubmittion/WaitForSubmission",
	"timestamp": "14:52:21",
	"type": "dialog_node_start"
}, {
	"part": "Eye3",
	"timestamp": "14:52:23",
	"type": "add_part"
}, {
	"part": "Eye3",
	"timestamp": "14:52:24",
	"type": "remove_part"
}, {
	"part": "Eye4",
	"timestamp": "14:52:27",
	"type": "add_part"
}, {
	"part": "Iris3",
	"timestamp": "14:52:28",
	"type": "add_part"
}, {
	"part": "Pupil4",
	"timestamp": "14:52:30",
	"type": "add_part"
}, {
	"part": "Eyebrow4",
	"timestamp": "14:52:32",
	"type": "add_part"
}, {
	"eye_shape": "Eye4",
	"eyebrow": "Eyebrow4",
	"iris": "Iris3",
	"pupil": "Pupil4",
	"question_idx": 10,
	"timestamp": "14:52:34",
	"type": "submit_answer"
}, {
	"node_path": "Control/DialogSystem_Main/Fn_HandleEyeSubmittion/DisablePiedestalCollider",
	"timestamp": "14:52:34",
	"type": "dialog_node_start"
}, {
	"node_path": "Control/DialogSystem_Main/Fn_Main/FormerVizier/T_GiveMoney",
	"timestamp": "14:52:34",
	"type": "dialog_node_start"
}, {
	"node_path": "Control/DialogSystem_Main/Fn_Main/FormerVizier/AddMoney",
	"timestamp": "14:52:40",
	"type": "dialog_node_start"
}, {
	"amount": 25,
	"new_balance": 82,
	"original_balance": 57,
	"timestamp": "14:52:40",
	"type": "add_money"
}, {
	"node_path": "Control/DialogSystem_Main/Fn_Main/FormerVizier/HideFigure",
	"timestamp": "14:52:40",
	"type": "dialog_node_start"
}, {
	"node_path": "Control/DialogSystem_Main/Fn_Main/MadScientist",
	"timestamp": "14:52:42",
	"type": "dialog_node_start"
}, {
	"node_path": "Control/DialogSystem_Main/Fn_Main/MadScientist/ShowFigure",
	"timestamp": "14:52:42",
	"type": "dialog_node_start"
}, {
	"object": "Glasses",
	"original_placement": "MainShelf2",
	"timestamp": "14:52:44",
	"type": "grab_object"
}, {
	"destination": "MainShelf2",
	"object": "Glasses",
	"timestamp": "14:52:44",
	"type": "place_object"
}, {
	"node_path": "Control/DialogSystem_Main/Fn_Main/MadScientist/Text",
	"timestamp": "14:52:44",
	"type": "dialog_node_start"
}, {
	"object": "WerewolfFlower",
	"original_placement": "MainShelf2",
	"timestamp": "14:52:45",
	"type": "grab_object"
}, {
	"destination": "MainShelf2",
	"object": "WerewolfFlower",
	"timestamp": "14:52:51",
	"type": "place_object"
}, {
	"node_path": "Control/DialogSystem_Main/Fn_Main/MadScientist/Call_WaitForSubmittion",
	"timestamp": "14:52:56",
	"type": "dialog_node_start"
}, {
	"node_path": "Control/DialogSystem_Main/Fn_HandleEyeSubmittion",
	"timestamp": "14:52:56",
	"type": "dialog_node_start"
}, {
	"node_path": "Control/DialogSystem_Main/Fn_HandleEyeSubmittion/EnablePiedestalCollider",
	"timestamp": "14:52:56",
	"type": "dialog_node_start"
}, {
	"node_path": "Control/DialogSystem_Main/Fn_HandleEyeSubmittion/WaitForSubmission",
	"timestamp": "14:52:56",
	"type": "dialog_node_start"
}, {
	"part": "Eye1",
	"timestamp": "14:53:04",
	"type": "remove_part"
}, {
	"part": "Eye3",
	"timestamp": "14:53:05",
	"type": "remove_part"
}, {
	"part": "Eye1",
	"timestamp": "14:53:07",
	"type": "add_part"
}, {
	"part": "Eyebrow2",
	"timestamp": "14:53:08",
	"type": "add_part"
}, {
	"part": "Iris2",
	"timestamp": "14:53:10",
	"type": "add_part"
}, {
	"part": "Pupil3",
	"timestamp": "14:53:11",
	"type": "add_part"
}, {
	"eye_shape": "Eye1",
	"eyebrow": "Eyebrow2",
	"iris": "Iris2",
	"pupil": "Pupil3",
	"question_idx": 11,
	"timestamp": "14:53:15",
	"type": "submit_answer"
}, {
	"node_path": "Control/DialogSystem_Main/Fn_HandleEyeSubmittion/DisablePiedestalCollider",
	"timestamp": "14:53:15",
	"type": "dialog_node_start"
}, {
	"node_path": "Control/DialogSystem_Main/Fn_Main/MadScientist/T_GivePotion",
	"timestamp": "14:53:15",
	"type": "dialog_node_start"
}, {
	"node_path": "Control/DialogSystem_Main/Fn_Main/MadScientist/GivePotion",
	"timestamp": "14:53:24",
	"type": "dialog_node_start"
}, {
	"node_path": "Control/DialogSystem_Main/Fn_Main/MadScientist/HideFigure",
	"timestamp": "14:53:25",
	"type": "dialog_node_start"
}, {
	"object": "Potion",
	"original_placement": "P6",
	"timestamp": "14:53:26",
	"type": "grab_object"
}, {
	"node_path": "Control/DialogSystem_Main/Fn_Main/Archmage",
	"timestamp": "14:53:27",
	"type": "dialog_node_start"
}, {
	"node_path": "Control/DialogSystem_Main/Fn_Main/Archmage/ShowFigure",
	"timestamp": "14:53:27",
	"type": "dialog_node_start"
}, {
	"destination": "P6",
	"object": "Potion",
	"timestamp": "14:53:29",
	"type": "place_object"
}, {
	"node_path": "Control/DialogSystem_Main/Fn_Main/Archmage/Text",
	"timestamp": "14:53:33",
	"type": "dialog_node_start"
}, {
	"node_path": "Control/DialogSystem_Main/Fn_Main/Archmage/Call_WaitForSubmittion",
	"timestamp": "14:53:43",
	"type": "dialog_node_start"
}, {
	"node_path": "Control/DialogSystem_Main/Fn_HandleEyeSubmittion",
	"timestamp": "14:53:43",
	"type": "dialog_node_start"
}, {
	"node_path": "Control/DialogSystem_Main/Fn_HandleEyeSubmittion/EnablePiedestalCollider",
	"timestamp": "14:53:43",
	"type": "dialog_node_start"
}, {
	"node_path": "Control/DialogSystem_Main/Fn_HandleEyeSubmittion/WaitForSubmission",
	"timestamp": "14:53:43",
	"type": "dialog_node_start"
}, {
	"part": "Eye3",
	"timestamp": "14:53:50",
	"type": "add_part"
}, {
	"part": "Eyebrow3",
	"timestamp": "14:53:54",
	"type": "add_part"
}, {
	"part": "Pupil6",
	"timestamp": "14:53:56",
	"type": "add_part"
}, {
	"part": "Iris4",
	"timestamp": "14:53:59",
	"type": "add_part"
}, {
	"eye_shape": "Eye3",
	"eyebrow": "Eyebrow3",
	"iris": "Iris4",
	"pupil": "Pupil6",
	"question_idx": 12,
	"timestamp": "14:54:02",
	"type": "submit_answer"
}, {
	"node_path": "Control/DialogSystem_Main/Fn_HandleEyeSubmittion/DisablePiedestalCollider",
	"timestamp": "14:54:02",
	"type": "dialog_node_start"
}, {
	"node_path": "Control/DialogSystem_Main/Fn_Main/Archmage/T_GiveMoney",
	"timestamp": "14:54:02",
	"type": "dialog_node_start"
}, {
	"node_path": "Control/DialogSystem_Main/Fn_Main/Archmage/AddMoney",
	"timestamp": "14:54:09",
	"type": "dialog_node_start"
}, {
	"amount": 80,
	"new_balance": 162,
	"original_balance": 82,
	"timestamp": "14:54:09",
	"type": "add_money"
}, {
	"node_path": "Control/DialogSystem_Main/Fn_Main/Archmage/HideFigure",
	"timestamp": "14:54:09",
	"type": "dialog_node_start"
}, {
	"node_path": "Control/DialogSystem_Main/Fn_Main/Scared",
	"timestamp": "14:54:10",
	"type": "dialog_node_start"
}, {
	"node_path": "Control/DialogSystem_Main/Fn_Main/Scared/ShowFigure",
	"timestamp": "14:54:10",
	"type": "dialog_node_start"
}, {
	"object": "WerewolfFlower",
	"original_placement": "MainShelf2",
	"timestamp": "14:54:16",
	"type": "grab_object"
}, {
	"node_path": "Control/DialogSystem_Main/Fn_Main/Scared/Text",
	"timestamp": "14:54:16",
	"type": "dialog_node_start"
}, {
	"destination": "MainShelf2",
	"object": "WerewolfFlower",
	"timestamp": "14:54:18",
	"type": "place_object"
}, {
	"node_path": "Control/DialogSystem_Main/Fn_Main/Scared/Call_WaitForSubmittion",
	"timestamp": "14:54:22",
	"type": "dialog_node_start"
}, {
	"node_path": "Control/DialogSystem_Main/Fn_HandleEyeSubmittion",
	"timestamp": "14:54:22",
	"type": "dialog_node_start"
}, {
	"node_path": "Control/DialogSystem_Main/Fn_HandleEyeSubmittion/EnablePiedestalCollider",
	"timestamp": "14:54:22",
	"type": "dialog_node_start"
}, {
	"node_path": "Control/DialogSystem_Main/Fn_HandleEyeSubmittion/WaitForSubmission",
	"timestamp": "14:54:22",
	"type": "dialog_node_start"
}, {
	"part": "Eye1",
	"timestamp": "14:54:26",
	"type": "add_part"
}, {
	"part": "Iris2",
	"timestamp": "14:54:28",
	"type": "add_part"
}, {
	"part": "Iris2",
	"timestamp": "14:54:30",
	"type": "add_part"
}, {
	"part": "Pupil3",
	"timestamp": "14:54:34",
	"type": "add_part"
}, {
	"part": "Eyebrow6",
	"timestamp": "14:54:37",
	"type": "add_part"
}, {
	"eye_shape": "Eye1",
	"eyebrow": "Eyebrow6",
	"iris": "Iris2",
	"pupil": "Pupil3",
	"question_idx": 13,
	"timestamp": "14:54:41",
	"type": "submit_answer"
}, {
	"node_path": "Control/DialogSystem_Main/Fn_HandleEyeSubmittion/DisablePiedestalCollider",
	"timestamp": "14:54:41",
	"type": "dialog_node_start"
}, {
	"node_path": "Control/DialogSystem_Main/Fn_Main/Scared/T_GiveMoney",
	"timestamp": "14:54:41",
	"type": "dialog_node_start"
}, {
	"node_path": "Control/DialogSystem_Main/Fn_Main/Scared/AddMoney",
	"timestamp": "14:54:44",
	"type": "dialog_node_start"
}, {
	"amount": 20,
	"new_balance": 182,
	"original_balance": 162,
	"timestamp": "14:54:44",
	"type": "add_money"
}, {
	"node_path": "Control/DialogSystem_Main/Fn_Main/Scared/HideFigure",
	"timestamp": "14:54:44",
	"type": "dialog_node_start"
}, {
	"node_path": "Control/DialogSystem_Main/Fn_Main/Wait",
	"timestamp": "14:54:45",
	"type": "dialog_node_start"
}, {
	"node_path": "Control/DialogSystem_Main/Fn_Main/FadeOut",
	"timestamp": "14:54:50",
	"type": "dialog_node_start"
}, {
	"node_path": "Control/DialogSystem_Main/Fn_Main/Transition",
	"timestamp": "14:54:52",
	"type": "dialog_node_start"
}, {
	"node_path": "IntroText/DialogSystem_Outro/Fn_Main",
	"timestamp": "14:54:53",
	"type": "dialog_node_start"
}, {
	"node_path": "IntroText/DialogSystem_Outro/Fn_Main/TextReset",
	"timestamp": "14:54:53",
	"type": "dialog_node_start"
}, {
	"node_path": "IntroText/DialogSystem_Outro/Fn_Main/FadeOut",
	"timestamp": "14:54:53",
	"type": "dialog_node_start"
}, {
	"node_path": "IntroText/DialogSystem_Outro/Fn_Main/PrintText",
	"timestamp": "14:54:55",
	"type": "dialog_node_start"
}, {
	"node_path": "IntroText/DialogSystem_Outro/Fn_Text",
	"timestamp": "14:54:55",
	"type": "dialog_node_start"
}, {
	"node_path": "IntroText/DialogSystem_Outro/Fn_Text/Text",
	"timestamp": "14:54:55",
	"type": "dialog_node_start"
}, {
	"node_path": "IntroText/DialogSystem_Outro/Fn_Text/Text2",
	"timestamp": "14:54:58",
	"type": "dialog_node_start"
}, {
	"node_path": "IntroText/DialogSystem_Outro/Fn_Text/Text4",
	"timestamp": "14:55:00",
	"type": "dialog_node_start"
}, {
	"node_path": "IntroText/DialogSystem_Outro/Fn_Text/Text5",
	"timestamp": "14:55:01",
	"type": "dialog_node_start"
}, {
	"node_path": "IntroText/DialogSystem_Outro/Fn_Text/Text6",
	"timestamp": "14:55:02",
	"type": "dialog_node_start"
}, {
	"node_path": "IntroText/DialogSystem_Outro/Fn_Text/Text7",
	"timestamp": "14:55:03",
	"type": "dialog_node_start"
}, {
	"node_path": "IntroText/DialogSystem_Outro/Fn_Text/Text8",
	"timestamp": "14:55:05",
	"type": "dialog_node_start"
}, {
	"node_path": "IntroText/DialogSystem_Outro/Fn_Text/OnWeb",
	"timestamp": "14:55:06",
	"type": "dialog_node_start"
}, {
	"node_path": "IntroText/DialogSystem_Outro/Fn_Text/OnWeb/Text10",
	"timestamp": "14:55:06",
	"type": "dialog_node_start"
}, {
	"node_path": "IntroText/DialogSystem_Outro/Fn_Text/OnWeb/DoExportTheLog",
	"timestamp": "14:55:07",
	"type": "dialog_node_start"
}]