[{
	"id": "8183180552461077049",
	"timestamp": "00:13:52",
	"type": "user_id"
}, {
	"node_path": "Control/DialogSystem_FirstScreen/Fn_Main",
	"timestamp": "00:13:52",
	"type": "dialog_node_start"
}, {
	"node_path": "Control/DialogSystem_FirstScreen/Fn_Main/Condition",
	"timestamp": "00:13:52",
	"type": "dialog_node_start"
}, {
	"node_path": "Control/DialogSystem_FirstScreen/Fn_Main/Condition/FadeOut",
	"timestamp": "00:13:52",
	"type": "dialog_node_start"
}, {
	"node_path": "Control/DialogSystem_FirstScreen/Fn_Main/WaitForButton",
	"timestamp": "00:13:55",
	"type": "dialog_node_start"
}, {
	"node_path": "Control/DialogSystem_FirstScreen/Fn_Main/ThunderSound",
	"timestamp": "00:14:02",
	"type": "dialog_node_start"
}, {
	"node_path": "Control/DialogSystem_FirstScreen/Fn_Main/FadeIn",
	"timestamp": "00:14:02",
	"type": "dialog_node_start"
}, {
	"node_path": "Control/DialogSystem_FirstScreen/Fn_Main/Transition",
	"timestamp": "00:14:05",
	"type": "dialog_node_start"
}, {
	"node_path": "IntroText/DialogSystem_Intro/Fn_Main",
	"timestamp": "00:14:05",
	"type": "dialog_node_start"
}, {
	"node_path": "IntroText/DialogSystem_Intro/Fn_Main/TextReset",
	"timestamp": "00:14:05",
	"type": "dialog_node_start"
}, {
	"node_path": "IntroText/DialogSystem_Intro/Fn_Main/FadeOut",
	"timestamp": "00:14:05",
	"type": "dialog_node_start"
}, {
	"node_path": "IntroText/DialogSystem_Intro/Fn_Main/StartMusic",
	"timestamp": "00:14:07",
	"type": "dialog_node_start"
}, {
	"node_path": "IntroText/DialogSystem_Intro/Fn_Main/PrintText",
	"timestamp": "00:14:08",
	"type": "dialog_node_start"
}, {
	"node_path": "IntroText/DialogSystem_Intro/Fn_Text",
	"timestamp": "00:14:08",
	"type": "dialog_node_start"
}, {
	"node_path": "IntroText/DialogSystem_Intro/Fn_Text/Part1",
	"timestamp": "00:14:08",
	"type": "dialog_node_start"
}, {
	"node_path": "IntroText/DialogSystem_Intro/Fn_Text/Part1/ShowImg1",
	"timestamp": "00:14:08",
	"type": "dialog_node_start"
}, {
	"node_path": "IntroText/DialogSystem_Intro/Fn_Text/Part1/Text",
	"timestamp": "00:14:08",
	"type": "dialog_node_start"
}, {
	"node_path": "IntroText/DialogSystem_Intro/Fn_Text/Part1/Text2",
	"timestamp": "00:14:16",
	"type": "dialog_node_start"
}, {
	"node_path": "IntroText/DialogSystem_Intro/Fn_Text/Part1/Text3",
	"timestamp": "00:14:36",
	"type": "dialog_node_start"
}, {
	"node_path": "IntroText/DialogSystem_Intro/Fn_Text/Part1/Text4",
	"timestamp": "00:14:42",
	"type": "dialog_node_start"
}, {
	"node_path": "IntroText/DialogSystem_Intro/Fn_Text/Part1/HideImg1",
	"timestamp": "00:14:46",
	"type": "dialog_node_start"
}, {
	"node_path": "IntroText/DialogSystem_Intro/Fn_Text/Part2",
	"timestamp": "00:14:46",
	"type": "dialog_node_start"
}, {
	"node_path": "IntroText/DialogSystem_Intro/Fn_Text/Part2/ShowImg2",
	"timestamp": "00:14:46",
	"type": "dialog_node_start"
}, {
	"node_path": "IntroText/DialogSystem_Intro/Fn_Text/Part2/Text5",
	"timestamp": "00:14:46",
	"type": "dialog_node_start"
}, {
	"node_path": "IntroText/DialogSystem_Intro/Fn_Text/Part2/Text6",
	"timestamp": "00:14:53",
	"type": "dialog_node_start"
}, {
	"node_path": "IntroText/DialogSystem_Intro/Fn_Text/Part2/Text7",
	"timestamp": "00:15:04",
	"type": "dialog_node_start"
}, {
	"node_path": "IntroText/DialogSystem_Intro/Fn_Text/Part2/Text8",
	"timestamp": "00:15:11",
	"type": "dialog_node_start"
}, {
	"node_path": "IntroText/DialogSystem_Intro/Fn_Text/Part2/Text9",
	"timestamp": "00:15:17",
	"type": "dialog_node_start"
}, {
	"node_path": "IntroText/DialogSystem_Intro/Fn_Text/Part2/HideImg2",
	"timestamp": "00:15:24",
	"type": "dialog_node_start"
}, {
	"node_path": "IntroText/DialogSystem_Intro/Fn_Text/Part3",
	"timestamp": "00:15:24",
	"type": "dialog_node_start"
}, {
	"node_path": "IntroText/DialogSystem_Intro/Fn_Text/Part3/ClearText",
	"timestamp": "00:15:24",
	"type": "dialog_node_start"
}, {
	"node_path": "IntroText/DialogSystem_Intro/Fn_Text/Part3/Wait",
	"timestamp": "00:15:24",
	"type": "dialog_node_start"
}, {
	"node_path": "IntroText/DialogSystem_Intro/Fn_Text/Part3/Text10",
	"timestamp": "00:15:28",
	"type": "dialog_node_start"
}, {
	"node_path": "IntroText/DialogSystem_Intro/Fn_Text/Part3/Text11",
	"timestamp": "00:15:34",
	"type": "dialog_node_start"
}, {
	"node_path": "IntroText/DialogSystem_Intro/Fn_Text/Part3/Text12",
	"timestamp": "00:15:39",
	"type": "dialog_node_start"
}, {
	"node_path": "IntroText/DialogSystem_Intro/Fn_Text/Part3/Text13",
	"timestamp": "00:15:42",
	"type": "dialog_node_start"
}, {
	"node_path": "IntroText/DialogSystem_Intro/Fn_Text/HideTheDot",
	"timestamp": "00:15:47",
	"type": "dialog_node_start"
}, {
	"node_path": "IntroText/DialogSystem_Intro/Fn_Main/FadeIn",
	"timestamp": "00:15:47",
	"type": "dialog_node_start"
}, {
	"node_path": "IntroText/DialogSystem_Intro/Fn_Main/Transition",
	"timestamp": "00:15:50",
	"type": "dialog_node_start"
}, {
	"node_path": "Control/DialogSystem_Main/Fn_Main",
	"timestamp": "00:15:50",
	"type": "dialog_node_start"
}, {
	"node_path": "Control/DialogSystem_Main/Fn_Main/FadeIn",
	"timestamp": "00:15:50",
	"type": "dialog_node_start"
}, {
	"node_path": "Control/DialogSystem_Main/Fn_Main/Tutorial",
	"timestamp": "00:15:52",
	"type": "dialog_node_start"
}, {
	"node_path": "Control/DialogSystem_Main/Fn_Main/Tutorial/ShowFigure",
	"timestamp": "00:15:52",
	"type": "dialog_node_start"
}, {
	"node_path": "Control/DialogSystem_Main/Fn_Main/Tutorial/Text",
	"timestamp": "00:15:54",
	"type": "dialog_node_start"
}, {
	"node_path": "Control/DialogSystem_Main/Fn_Main/Tutorial/Call_WaitForSubmittion",
	"timestamp": "00:16:06",
	"type": "dialog_node_start"
}, {
	"node_path": "Control/DialogSystem_Main/Fn_HandleEyeSubmittion",
	"timestamp": "00:16:06",
	"type": "dialog_node_start"
}, {
	"node_path": "Control/DialogSystem_Main/Fn_HandleEyeSubmittion/EnablePiedestalCollider",
	"timestamp": "00:16:06",
	"type": "dialog_node_start"
}, {
	"node_path": "Control/DialogSystem_Main/Fn_HandleEyeSubmittion/WaitForSubmission",
	"timestamp": "00:16:06",
	"type": "dialog_node_start"
}, {
	"part": "Eye5",
	"timestamp": "00:16:16",
	"type": "add_part"
}, {
	"part": "Iris4",
	"timestamp": "00:16:19",
	"type": "add_part"
}, {
	"part": "Pupil6",
	"timestamp": "00:16:26",
	"type": "add_part"
}, {
	"part": "Eyebrow6",
	"timestamp": "00:16:31",
	"type": "add_part"
}, {
	"part": "Eye5",
	"timestamp": "00:16:33",
	"type": "add_part"
}, {
	"eye_shape": "Eye5",
	"eyebrow": "Eyebrow6",
	"iris": "Iris4",
	"pupil": "Pupil6",
	"question_idx": 0,
	"timestamp": "00:16:35",
	"type": "submit_answer"
}, {
	"node_path": "Control/DialogSystem_Main/Fn_HandleEyeSubmittion/DisablePiedestalCollider",
	"timestamp": "00:16:35",
	"type": "dialog_node_start"
}, {
	"node_path": "Control/DialogSystem_Main/Fn_Main/Tutorial/T_GiveMoney",
	"timestamp": "00:16:35",
	"type": "dialog_node_start"
}, {
	"node_path": "Control/DialogSystem_Main/Fn_Main/Tutorial/AddMoney",
	"timestamp": "00:16:38",
	"type": "dialog_node_start"
}, {
	"amount": 11,
	"new_balance": 21,
	"original_balance": 10,
	"timestamp": "00:16:38",
	"type": "add_money"
}, {
	"node_path": "Control/DialogSystem_Main/Fn_Main/Tutorial/HideFigure",
	"timestamp": "00:16:38",
	"type": "dialog_node_start"
}, {
	"node_path": "Control/DialogSystem_Main/Fn_Main/Tutorial2",
	"timestamp": "00:16:40",
	"type": "dialog_node_start"
}, {
	"node_path": "Control/DialogSystem_Main/Fn_Main/Tutorial2/ShowFigure",
	"timestamp": "00:16:40",
	"type": "dialog_node_start"
}, {
	"node_path": "Control/DialogSystem_Main/Fn_Main/Tutorial2/Text",
	"timestamp": "00:16:42",
	"type": "dialog_node_start"
}, {
	"node_path": "Control/DialogSystem_Main/Fn_Main/Tutorial2/Call_WaitForSubmittion",
	"timestamp": "00:16:50",
	"type": "dialog_node_start"
}, {
	"node_path": "Control/DialogSystem_Main/Fn_HandleEyeSubmittion",
	"timestamp": "00:16:50",
	"type": "dialog_node_start"
}, {
	"node_path": "Control/DialogSystem_Main/Fn_HandleEyeSubmittion/EnablePiedestalCollider",
	"timestamp": "00:16:50",
	"type": "dialog_node_start"
}, {
	"node_path": "Control/DialogSystem_Main/Fn_HandleEyeSubmittion/WaitForSubmission",
	"timestamp": "00:16:50",
	"type": "dialog_node_start"
}, {
	"part": "Eye2",
	"timestamp": "00:16:54",
	"type": "add_part"
}, {
	"part": "Iris5",
	"timestamp": "00:16:55",
	"type": "remove_part"
}, {
	"part": "Iris4",
	"timestamp": "00:16:55",
	"type": "remove_part"
}, {
	"part": "Iris6",
	"timestamp": "00:16:56",
	"type": "add_part"
}, {
	"part": "Pupil2",
	"timestamp": "00:16:57",
	"type": "add_part"
}, {
	"part": "Eyebrow2",
	"timestamp": "00:17:00",
	"type": "add_part"
}, {
	"eye_shape": "Eye2",
	"eyebrow": "Eyebrow2",
	"iris": "Iris6",
	"pupil": "Pupil2",
	"question_idx": 1,
	"timestamp": "00:17:03",
	"type": "submit_answer"
}, {
	"node_path": "Control/DialogSystem_Main/Fn_HandleEyeSubmittion/DisablePiedestalCollider",
	"timestamp": "00:17:03",
	"type": "dialog_node_start"
}, {
	"node_path": "Control/DialogSystem_Main/Fn_Main/Tutorial2/T_GiveMoney",
	"timestamp": "00:17:03",
	"type": "dialog_node_start"
}, {
	"node_path": "Control/DialogSystem_Main/Fn_Main/Tutorial2/AddMoney",
	"timestamp": "00:17:14",
	"type": "dialog_node_start"
}, {
	"amount": 35,
	"new_balance": 56,
	"original_balance": 21,
	"timestamp": "00:17:14",
	"type": "add_money"
}, {
	"node_path": "Control/DialogSystem_Main/Fn_Main/Tutorial2/HideFigure",
	"timestamp": "00:17:14",
	"type": "dialog_node_start"
}, {
	"node_path": "Control/DialogSystem_Main/Fn_Main/NeedsToForgetWhatHeDid",
	"timestamp": "00:17:16",
	"type": "dialog_node_start"
}, {
	"node_path": "Control/DialogSystem_Main/Fn_Main/NeedsToForgetWhatHeDid/ShowFigure",
	"timestamp": "00:17:16",
	"type": "dialog_node_start"
}, {
	"node_path": "Control/DialogSystem_Main/Fn_Main/NeedsToForgetWhatHeDid/Text",
	"timestamp": "00:17:18",
	"type": "dialog_node_start"
}, {
	"node_path": "Control/DialogSystem_Main/Fn_Main/NeedsToForgetWhatHeDid/Call_WaitForSubmittion",
	"timestamp": "00:17:25",
	"type": "dialog_node_start"
}, {
	"node_path": "Control/DialogSystem_Main/Fn_HandleEyeSubmittion",
	"timestamp": "00:17:25",
	"type": "dialog_node_start"
}, {
	"node_path": "Control/DialogSystem_Main/Fn_HandleEyeSubmittion/EnablePiedestalCollider",
	"timestamp": "00:17:25",
	"type": "dialog_node_start"
}, {
	"node_path": "Control/DialogSystem_Main/Fn_HandleEyeSubmittion/WaitForSubmission",
	"timestamp": "00:17:25",
	"type": "dialog_node_start"
}, {
	"object": "Potion",
	"original_placement": "<nil>",
	"timestamp": "00:17:42",
	"type": "grab_object"
}, {
	"balance_before_purchase": 56,
	"price": 10,
	"timestamp": "00:17:42",
	"type": "purchase",
	"what": "Potion"
}, {
	"destination": "MainShelf",
	"object": "Potion",
	"timestamp": "00:17:43",
	"type": "place_object"
}, {
	"object": "Potion",
	"original_placement": "MainShelf",
	"timestamp": "00:17:44",
	"type": "grab_object"
}, {
	"destination": "MainShelf",
	"object": "Potion",
	"timestamp": "00:17:44",
	"type": "place_object"
}, {
	"object": "Potion",
	"original_placement": "MainShelf",
	"timestamp": "00:17:44",
	"type": "grab_object"
}, {
	"destination": "MainShelf",
	"object": "Potion",
	"timestamp": "00:17:45",
	"type": "place_object"
}, {
	"object": "Potion",
	"original_placement": "MainShelf",
	"timestamp": "00:17:45",
	"type": "grab_object"
}, {
	"destination": "MainShelf",
	"object": "Potion",
	"timestamp": "00:17:45",
	"type": "place_object"
}, {
	"object": "Potion",
	"original_placement": "MainShelf",
	"timestamp": "00:17:46",
	"type": "grab_object"
}, {
	"destination": "MainShelf",
	"object": "Potion",
	"timestamp": "00:17:46",
	"type": "place_object"
}, {
	"object": "Potion",
	"original_placement": "MainShelf",
	"timestamp": "00:17:46",
	"type": "grab_object"
}, {
	"destination": "P7",
	"object": "Potion",
	"timestamp": "00:17:46",
	"type": "place_object"
}, {
	"object": "Potion",
	"original_placement": "P7",
	"timestamp": "00:17:48",
	"type": "grab_object"
}, {
	"destination": "P6",
	"object": "Potion",
	"timestamp": "00:17:48",
	"type": "place_object"
}, {
	"part": "Eye1",
	"timestamp": "00:17:57",
	"type": "add_part"
}, {
	"part": "Eye1",
	"timestamp": "00:17:59",
	"type": "remove_part"
}, {
	"part": "Eye3",
	"timestamp": "00:18:00",
	"type": "add_part"
}, {
	"part": "Iris3",
	"timestamp": "00:18:01",
	"type": "add_part"
}, {
	"part": "Pupil3",
	"timestamp": "00:18:05",
	"type": "add_part"
}, {
	"part": "Eye3",
	"timestamp": "00:18:08",
	"type": "add_part"
}, {
	"part": "Eye3",
	"timestamp": "00:18:09",
	"type": "add_part"
}, {
	"part": "Eye3",
	"timestamp": "00:18:10",
	"type": "remove_part"
}, {
	"part": "Pupil3",
	"timestamp": "00:18:11",
	"type": "remove_part"
}, {
	"part": "Eye3",
	"timestamp": "00:18:12",
	"type": "add_part"
}, {
	"part": "Eyebrow3",
	"timestamp": "00:18:17",
	"type": "add_part"
}, {
	"part": "Pupil5",
	"timestamp": "00:18:22",
	"type": "remove_part"
}, {
	"part": "Pupil3",
	"timestamp": "00:18:23",
	"type": "add_part"
}, {
	"eye_shape": "Eye3",
	"eyebrow": "Eyebrow3",
	"iris": "Iris3",
	"pupil": "Pupil3",
	"question_idx": 2,
	"timestamp": "00:18:25",
	"type": "submit_answer"
}, {
	"node_path": "Control/DialogSystem_Main/Fn_HandleEyeSubmittion/DisablePiedestalCollider",
	"timestamp": "00:18:25",
	"type": "dialog_node_start"
}, {
	"node_path": "Control/DialogSystem_Main/Fn_Main/NeedsToForgetWhatHeDid/T_GiveMoney",
	"timestamp": "00:18:25",
	"type": "dialog_node_start"
}, {
	"node_path": "Control/DialogSystem_Main/Fn_Main/NeedsToForgetWhatHeDid/AddMoney",
	"timestamp": "00:18:32",
	"type": "dialog_node_start"
}, {
	"amount": 7,
	"new_balance": 53,
	"original_balance": 46,
	"timestamp": "00:18:32",
	"type": "add_money"
}, {
	"node_path": "Control/DialogSystem_Main/Fn_Main/NeedsToForgetWhatHeDid/HideFigure",
	"timestamp": "00:18:32",
	"type": "dialog_node_start"
}, {
	"node_path": "Control/DialogSystem_Main/Fn_Main/LoyalKnight",
	"timestamp": "00:18:34",
	"type": "dialog_node_start"
}, {
	"node_path": "Control/DialogSystem_Main/Fn_Main/LoyalKnight/ShowFigure",
	"timestamp": "00:18:34",
	"type": "dialog_node_start"
}, {
	"node_path": "Control/DialogSystem_Main/Fn_Main/LoyalKnight/Text",
	"timestamp": "00:18:36",
	"type": "dialog_node_start"
}, {
	"part": "Eye1",
	"timestamp": "00:18:41",
	"type": "add_part"
}, {
	"node_path": "Control/DialogSystem_Main/Fn_Main/LoyalKnight/Call_WaitForSubmittion",
	"timestamp": "00:18:42",
	"type": "dialog_node_start"
}, {
	"node_path": "Control/DialogSystem_Main/Fn_HandleEyeSubmittion",
	"timestamp": "00:18:42",
	"type": "dialog_node_start"
}, {
	"node_path": "Control/DialogSystem_Main/Fn_HandleEyeSubmittion/EnablePiedestalCollider",
	"timestamp": "00:18:42",
	"type": "dialog_node_start"
}, {
	"node_path": "Control/DialogSystem_Main/Fn_HandleEyeSubmittion/WaitForSubmission",
	"timestamp": "00:18:42",
	"type": "dialog_node_start"
}, {
	"part": "Eye1",
	"timestamp": "00:18:44",
	"type": "remove_part"
}, {
	"part": "Eye4",
	"timestamp": "00:18:45",
	"type": "add_part"
}, {
	"part": "Iris1",
	"timestamp": "00:18:51",
	"type": "add_part"
}, {
	"part": "Pupil1",
	"timestamp": "00:18:54",
	"type": "add_part"
}, {
	"part": "Eyebrow1",
	"timestamp": "00:18:57",
	"type": "add_part"
}, {
	"eye_shape": "Eye4",
	"eyebrow": "Eyebrow1",
	"iris": "Iris1",
	"pupil": "Pupil1",
	"question_idx": 3,
	"timestamp": "00:18:59",
	"type": "submit_answer"
}, {
	"node_path": "Control/DialogSystem_Main/Fn_HandleEyeSubmittion/DisablePiedestalCollider",
	"timestamp": "00:18:59",
	"type": "dialog_node_start"
}, {
	"node_path": "Control/DialogSystem_Main/Fn_Main/LoyalKnight/T_GiveMoney",
	"timestamp": "00:18:59",
	"type": "dialog_node_start"
}, {
	"node_path": "Control/DialogSystem_Main/Fn_Main/LoyalKnight/AddMoney",
	"timestamp": "00:19:02",
	"type": "dialog_node_start"
}, {
	"amount": 45,
	"new_balance": 98,
	"original_balance": 53,
	"timestamp": "00:19:02",
	"type": "add_money"
}, {
	"node_path": "Control/DialogSystem_Main/Fn_Main/LoyalKnight/HideFigure",
	"timestamp": "00:19:02",
	"type": "dialog_node_start"
}, {
	"node_path": "Control/DialogSystem_Main/Fn_Main/Vain",
	"timestamp": "00:19:04",
	"type": "dialog_node_start"
}, {
	"node_path": "Control/DialogSystem_Main/Fn_Main/Vain/ShowFigure",
	"timestamp": "00:19:04",
	"type": "dialog_node_start"
}, {
	"node_path": "Control/DialogSystem_Main/Fn_Main/Vain/Text",
	"timestamp": "00:19:06",
	"type": "dialog_node_start"
}, {
	"node_path": "Control/DialogSystem_Main/Fn_Main/Vain/Call_WaitForSubmittion",
	"timestamp": "00:19:15",
	"type": "dialog_node_start"
}, {
	"node_path": "Control/DialogSystem_Main/Fn_HandleEyeSubmittion",
	"timestamp": "00:19:15",
	"type": "dialog_node_start"
}, {
	"node_path": "Control/DialogSystem_Main/Fn_HandleEyeSubmittion/EnablePiedestalCollider",
	"timestamp": "00:19:15",
	"type": "dialog_node_start"
}, {
	"node_path": "Control/DialogSystem_Main/Fn_HandleEyeSubmittion/WaitForSubmission",
	"timestamp": "00:19:15",
	"type": "dialog_node_start"
}, {
	"part": "Eye3",
	"timestamp": "00:19:17",
	"type": "add_part"
}, {
	"part": "Iris6",
	"timestamp": "00:19:18",
	"type": "add_part"
}, {
	"part": "Pupil1",
	"timestamp": "00:19:21",
	"type": "add_part"
}, {
	"part": "Eyebrow5",
	"timestamp": "00:19:24",
	"type": "add_part"
}, {
	"eye_shape": "Eye3",
	"eyebrow": "Eyebrow5",
	"iris": "Iris6",
	"pupil": "Pupil1",
	"question_idx": 4,
	"timestamp": "00:19:26",
	"type": "submit_answer"
}, {
	"node_path": "Control/DialogSystem_Main/Fn_HandleEyeSubmittion/DisablePiedestalCollider",
	"timestamp": "00:19:26",
	"type": "dialog_node_start"
}, {
	"node_path": "Control/DialogSystem_Main/Fn_Main/Vain/T_GiveMoney",
	"timestamp": "00:19:26",
	"type": "dialog_node_start"
}, {
	"node_path": "Control/DialogSystem_Main/Fn_Main/Vain/AddMoney",
	"timestamp": "00:19:31",
	"type": "dialog_node_start"
}, {
	"amount": 10,
	"new_balance": 108,
	"original_balance": 98,
	"timestamp": "00:19:31",
	"type": "add_money"
}, {
	"node_path": "Control/DialogSystem_Main/Fn_Main/Vain/HideFigure",
	"timestamp": "00:19:31",
	"type": "dialog_node_start"
}, {
	"node_path": "Control/DialogSystem_Main/Fn_Main/GentleWerewolf",
	"timestamp": "00:19:33",
	"type": "dialog_node_start"
}, {
	"node_path": "Control/DialogSystem_Main/Fn_Main/GentleWerewolf/ShowFigure",
	"timestamp": "00:19:33",
	"type": "dialog_node_start"
}, {
	"node_path": "Control/DialogSystem_Main/Fn_Main/GentleWerewolf/Text",
	"timestamp": "00:19:35",
	"type": "dialog_node_start"
}, {
	"node_path": "Control/DialogSystem_Main/Fn_Main/GentleWerewolf/Wait",
	"timestamp": "00:19:39",
	"type": "dialog_node_start"
}, {
	"node_path": "Control/DialogSystem_Main/Fn_Main/GentleWerewolf/Text2",
	"timestamp": "00:19:40",
	"type": "dialog_node_start"
}, {
	"node_path": "Control/DialogSystem_Main/Fn_Main/GentleWerewolf/Wait2",
	"timestamp": "00:19:44",
	"type": "dialog_node_start"
}, {
	"part": "Eye6",
	"timestamp": "00:19:45",
	"type": "add_part"
}, {
	"node_path": "Control/DialogSystem_Main/Fn_Main/GentleWerewolf/Text3",
	"timestamp": "00:19:45",
	"type": "dialog_node_start"
}, {
	"part": "Iris3",
	"timestamp": "00:19:47",
	"type": "add_part"
}, {
	"part": "Eyebrow4",
	"timestamp": "00:19:48",
	"type": "add_part"
}, {
	"node_path": "Control/DialogSystem_Main/Fn_Main/GentleWerewolf/Call_WaitForSubmittion",
	"timestamp": "00:19:49",
	"type": "dialog_node_start"
}, {
	"node_path": "Control/DialogSystem_Main/Fn_HandleEyeSubmittion",
	"timestamp": "00:19:49",
	"type": "dialog_node_start"
}, {
	"node_path": "Control/DialogSystem_Main/Fn_HandleEyeSubmittion/EnablePiedestalCollider",
	"timestamp": "00:19:49",
	"type": "dialog_node_start"
}, {
	"node_path": "Control/DialogSystem_Main/Fn_HandleEyeSubmittion/WaitForSubmission",
	"timestamp": "00:19:49",
	"type": "dialog_node_start"
}, {
	"part": "Pupil4",
	"timestamp": "00:19:51",
	"type": "add_part"
}, {
	"part": "Eye6",
	"timestamp": "00:19:54",
	"type": "remove_part"
}, {
	"part": "Pupil4",
	"timestamp": "00:19:55",
	"type": "remove_part"
}, {
	"part": "Eye6",
	"timestamp": "00:19:57",
	"type": "add_part"
}, {
	"part": "Pupil6",
	"timestamp": "00:19:58",
	"type": "add_part"
}, {
	"eye_shape": "Eye6",
	"eyebrow": "Eyebrow4",
	"iris": "Iris3",
	"pupil": "Pupil6",
	"question_idx": 5,
	"timestamp": "00:20:01",
	"type": "submit_answer"
}, {
	"node_path": "Control/DialogSystem_Main/Fn_HandleEyeSubmittion/DisablePiedestalCollider",
	"timestamp": "00:20:01",
	"type": "dialog_node_start"
}, {
	"node_path": "Control/DialogSystem_Main/Fn_Main/GentleWerewolf/T_GiveFlower",
	"timestamp": "00:20:01",
	"type": "dialog_node_start"
}, {
	"node_path": "Control/DialogSystem_Main/Fn_Main/GentleWerewolf/GiveFlower",
	"timestamp": "00:20:06",
	"type": "dialog_node_start"
}, {
	"node_path": "Control/DialogSystem_Main/Fn_Main/GentleWerewolf/ShowFlower",
	"timestamp": "00:20:06",
	"type": "dialog_node_start"
}, {
	"node_path": "Control/DialogSystem_Main/Fn_Main/GentleWerewolf/HideFigure",
	"timestamp": "00:20:07",
	"type": "dialog_node_start"
}, {
	"object": "WerewolfFlower",
	"original_placement": "MainShelf2",
	"timestamp": "00:20:07",
	"type": "grab_object"
}, {
	"destination": "MainShelf2",
	"object": "WerewolfFlower",
	"timestamp": "00:20:08",
	"type": "place_object"
}, {
	"node_path": "Control/DialogSystem_Main/Fn_Main/Gambler",
	"timestamp": "00:20:09",
	"type": "dialog_node_start"
}, {
	"node_path": "Control/DialogSystem_Main/Fn_Main/Gambler/ShowFigure",
	"timestamp": "00:20:09",
	"type": "dialog_node_start"
}, {
	"object": "WerewolfFlower",
	"original_placement": "MainShelf2",
	"timestamp": "00:20:10",
	"type": "grab_object"
}, {
	"destination": "P20",
	"object": "WerewolfFlower",
	"timestamp": "00:20:10",
	"type": "place_object"
}, {
	"node_path": "Control/DialogSystem_Main/Fn_Main/Gambler/Text",
	"timestamp": "00:20:11",
	"type": "dialog_node_start"
}, {
	"object": "WerewolfFlower",
	"original_placement": "P20",
	"timestamp": "00:20:11",
	"type": "grab_object"
}, {
	"destination": "P20",
	"object": "WerewolfFlower",
	"timestamp": "00:20:12",
	"type": "place_object"
}, {
	"node_path": "Control/DialogSystem_Main/Fn_Main/Gambler/Call_WaitForSubmittion",
	"timestamp": "00:20:16",
	"type": "dialog_node_start"
}, {
	"node_path": "Control/DialogSystem_Main/Fn_HandleEyeSubmittion",
	"timestamp": "00:20:16",
	"type": "dialog_node_start"
}, {
	"node_path": "Control/DialogSystem_Main/Fn_HandleEyeSubmittion/EnablePiedestalCollider",
	"timestamp": "00:20:16",
	"type": "dialog_node_start"
}, {
	"node_path": "Control/DialogSystem_Main/Fn_HandleEyeSubmittion/WaitForSubmission",
	"timestamp": "00:20:16",
	"type": "dialog_node_start"
}, {
	"part": "Eye5",
	"timestamp": "00:20:18",
	"type": "add_part"
}, {
	"part": "Iris2",
	"timestamp": "00:20:22",
	"type": "remove_part"
}, {
	"part": "Iris5",
	"timestamp": "00:20:23",
	"type": "add_part"
}, {
	"part": "Pupil2",
	"timestamp": "00:20:27",
	"type": "add_part"
}, {
	"part": "Eyebrow6",
	"timestamp": "00:20:32",
	"type": "add_part"
}, {
	"eye_shape": "Eye5",
	"eyebrow": "Eyebrow6",
	"iris": "Iris5",
	"pupil": "Pupil2",
	"question_idx": 6,
	"timestamp": "00:20:35",
	"type": "submit_answer"
}, {
	"node_path": "Control/DialogSystem_Main/Fn_HandleEyeSubmittion/DisablePiedestalCollider",
	"timestamp": "00:20:35",
	"type": "dialog_node_start"
}, {
	"node_path": "Control/DialogSystem_Main/Fn_Main/Gambler/T_GiveMoney",
	"timestamp": "00:20:35",
	"type": "dialog_node_start"
}, {
	"node_path": "Control/DialogSystem_Main/Fn_Main/Gambler/AddMoney",
	"timestamp": "00:20:40",
	"type": "dialog_node_start"
}, {
	"amount": 6,
	"new_balance": 114,
	"original_balance": 108,
	"timestamp": "00:20:40",
	"type": "add_money"
}, {
	"node_path": "Control/DialogSystem_Main/Fn_Main/Gambler/HideFigure",
	"timestamp": "00:20:40",
	"type": "dialog_node_start"
}, {
	"node_path": "Control/DialogSystem_Main/Fn_Main/PoorPeasant",
	"timestamp": "00:20:42",
	"type": "dialog_node_start"
}, {
	"node_path": "Control/DialogSystem_Main/Fn_Main/PoorPeasant/ShowFigure",
	"timestamp": "00:20:42",
	"type": "dialog_node_start"
}, {
	"node_path": "Control/DialogSystem_Main/Fn_Main/PoorPeasant/Text",
	"timestamp": "00:20:44",
	"type": "dialog_node_start"
}, {
	"node_path": "Control/DialogSystem_Main/Fn_Main/PoorPeasant/Call_WaitForSubmittion",
	"timestamp": "00:20:50",
	"type": "dialog_node_start"
}, {
	"node_path": "Control/DialogSystem_Main/Fn_HandleEyeSubmittion",
	"timestamp": "00:20:50",
	"type": "dialog_node_start"
}, {
	"node_path": "Control/DialogSystem_Main/Fn_HandleEyeSubmittion/EnablePiedestalCollider",
	"timestamp": "00:20:50",
	"type": "dialog_node_start"
}, {
	"node_path": "Control/DialogSystem_Main/Fn_HandleEyeSubmittion/WaitForSubmission",
	"timestamp": "00:20:50",
	"type": "dialog_node_start"
}, {
	"part": "Eye1",
	"timestamp": "00:20:52",
	"type": "add_part"
}, {
	"part": "Iris1",
	"timestamp": "00:20:55",
	"type": "add_part"
}, {
	"part": "Pupil1",
	"timestamp": "00:20:57",
	"type": "add_part"
}, {
	"part": "Eyebrow3",
	"timestamp": "00:21:00",
	"type": "remove_part"
}, {
	"part": "Eyebrow1",
	"timestamp": "00:21:02",
	"type": "add_part"
}, {
	"eye_shape": "Eye1",
	"eyebrow": "Eyebrow1",
	"iris": "Iris1",
	"pupil": "Pupil1",
	"question_idx": 7,
	"timestamp": "00:21:04",
	"type": "submit_answer"
}, {
	"node_path": "Control/DialogSystem_Main/Fn_HandleEyeSubmittion/DisablePiedestalCollider",
	"timestamp": "00:21:04",
	"type": "dialog_node_start"
}, {
	"node_path": "Control/DialogSystem_Main/Fn_Main/PoorPeasant/T_GiveMoney",
	"timestamp": "00:21:04",
	"type": "dialog_node_start"
}, {
	"node_path": "Control/DialogSystem_Main/Fn_Main/PoorPeasant/AddMoney",
	"timestamp": "00:21:08",
	"type": "dialog_node_start"
}, {
	"amount": 3,
	"new_balance": 117,
	"original_balance": 114,
	"timestamp": "00:21:08",
	"type": "add_money"
}, {
	"node_path": "Control/DialogSystem_Main/Fn_Main/PoorPeasant/HideFigure",
	"timestamp": "00:21:08",
	"type": "dialog_node_start"
}, {
	"node_path": "Control/DialogSystem_Main/Fn_Main/Warlock",
	"timestamp": "00:21:10",
	"type": "dialog_node_start"
}, {
	"node_path": "Control/DialogSystem_Main/Fn_Main/Warlock/ShowFigure",
	"timestamp": "00:21:10",
	"type": "dialog_node_start"
}, {
	"node_path": "Control/DialogSystem_Main/Fn_Main/Warlock/Text",
	"timestamp": "00:21:12",
	"type": "dialog_node_start"
}, {
	"node_path": "Control/DialogSystem_Main/Fn_Main/Warlock/Call_WaitForSubmittion",
	"timestamp": "00:21:25",
	"type": "dialog_node_start"
}, {
	"node_path": "Control/DialogSystem_Main/Fn_HandleEyeSubmittion",
	"timestamp": "00:21:25",
	"type": "dialog_node_start"
}, {
	"node_path": "Control/DialogSystem_Main/Fn_HandleEyeSubmittion/EnablePiedestalCollider",
	"timestamp": "00:21:25",
	"type": "dialog_node_start"
}, {
	"node_path": "Control/DialogSystem_Main/Fn_HandleEyeSubmittion/WaitForSubmission",
	"timestamp": "00:21:25",
	"type": "dialog_node_start"
}, {
	"part": "Eye6",
	"timestamp": "00:21:26",
	"type": "remove_part"
}, {
	"part": "Eye5",
	"timestamp": "00:21:27",
	"type": "add_part"
}, {
	"part": "Iris5",
	"timestamp": "00:21:30",
	"type": "add_part"
}, {
	"part": "Eyebrow6",
	"timestamp": "00:21:33",
	"type": "add_part"
}, {
	"part": "Pupil5",
	"timestamp": "00:21:36",
	"type": "add_part"
}, {
	"eye_shape": "Eye5",
	"eyebrow": "Eyebrow6",
	"iris": "Iris5",
	"pupil": "Pupil5",
	"question_idx": 8,
	"timestamp": "00:21:37",
	"type": "submit_answer"
}, {
	"node_path": "Control/DialogSystem_Main/Fn_HandleEyeSubmittion/DisablePiedestalCollider",
	"timestamp": "00:21:37",
	"type": "dialog_node_start"
}, {
	"node_path": "Control/DialogSystem_Main/Fn_Main/Warlock/T_GiveMoney",
	"timestamp": "00:21:37",
	"type": "dialog_node_start"
}, {
	"node_path": "Control/DialogSystem_Main/Fn_Main/Warlock/AddMoney",
	"timestamp": "00:21:40",
	"type": "dialog_node_start"
}, {
	"amount": 66,
	"new_balance": 183,
	"original_balance": 117,
	"timestamp": "00:21:40",
	"type": "add_money"
}, {
	"node_path": "Control/DialogSystem_Main/Fn_Main/Warlock/HideFigure",
	"timestamp": "00:21:40",
	"type": "dialog_node_start"
}, {
	"node_path": "Control/DialogSystem_Main/Fn_Main/BookEnjoyer",
	"timestamp": "00:21:42",
	"type": "dialog_node_start"
}, {
	"node_path": "Control/DialogSystem_Main/Fn_Main/BookEnjoyer/ShowFigure",
	"timestamp": "00:21:42",
	"type": "dialog_node_start"
}, {
	"node_path": "Control/DialogSystem_Main/Fn_Main/BookEnjoyer/Text",
	"timestamp": "00:21:44",
	"type": "dialog_node_start"
}, {
	"part": "Eye3",
	"timestamp": "00:21:50",
	"type": "add_part"
}, {
	"node_path": "Control/DialogSystem_Main/Fn_Main/BookEnjoyer/Call_WaitForSubmittion",
	"timestamp": "00:21:51",
	"type": "dialog_node_start"
}, {
	"node_path": "Control/DialogSystem_Main/Fn_HandleEyeSubmittion",
	"timestamp": "00:21:51",
	"type": "dialog_node_start"
}, {
	"node_path": "Control/DialogSystem_Main/Fn_HandleEyeSubmittion/EnablePiedestalCollider",
	"timestamp": "00:21:51",
	"type": "dialog_node_start"
}, {
	"node_path": "Control/DialogSystem_Main/Fn_HandleEyeSubmittion/WaitForSubmission",
	"timestamp": "00:21:51",
	"type": "dialog_node_start"
}, {
	"part": "Iris6",
	"timestamp": "00:21:52",
	"type": "add_part"
}, {
	"part": "Pupil1",
	"timestamp": "00:21:56",
	"type": "add_part"
}, {
	"part": "Eyebrow5",
	"timestamp": "00:21:58",
	"type": "add_part"
}, {
	"eye_shape": "Eye3",
	"eyebrow": "Eyebrow5",
	"iris": "Iris6",
	"pupil": "Pupil1",
	"question_idx": 9,
	"timestamp": "00:22:00",
	"type": "submit_answer"
}, {
	"node_path": "Control/DialogSystem_Main/Fn_HandleEyeSubmittion/DisablePiedestalCollider",
	"timestamp": "00:22:00",
	"type": "dialog_node_start"
}, {
	"node_path": "Control/DialogSystem_Main/Fn_Main/BookEnjoyer/T_GiveMoney",
	"timestamp": "00:22:00",
	"type": "dialog_node_start"
}, {
	"node_path": "Control/DialogSystem_Main/Fn_Main/BookEnjoyer/AddMoney",
	"timestamp": "00:22:09",
	"type": "dialog_node_start"
}, {
	"amount": 14,
	"new_balance": 197,
	"original_balance": 183,
	"timestamp": "00:22:09",
	"type": "add_money"
}, {
	"node_path": "Control/DialogSystem_Main/Fn_Main/BookEnjoyer/HideFigure",
	"timestamp": "00:22:09",
	"type": "dialog_node_start"
}, {
	"node_path": "Control/DialogSystem_Main/Fn_Main/FormerVizier",
	"timestamp": "00:22:11",
	"type": "dialog_node_start"
}, {
	"node_path": "Control/DialogSystem_Main/Fn_Main/FormerVizier/ShowFigure",
	"timestamp": "00:22:11",
	"type": "dialog_node_start"
}, {
	"node_path": "Control/DialogSystem_Main/Fn_Main/FormerVizier/Text",
	"timestamp": "00:22:13",
	"type": "dialog_node_start"
}, {
	"part": "Eye5",
	"timestamp": "00:22:19",
	"type": "add_part"
}, {
	"part": "Iris6",
	"timestamp": "00:22:20",
	"type": "add_part"
}, {
	"node_path": "Control/DialogSystem_Main/Fn_Main/FormerVizier/Call_WaitForSubmittion",
	"timestamp": "00:22:24",
	"type": "dialog_node_start"
}, {
	"node_path": "Control/DialogSystem_Main/Fn_HandleEyeSubmittion",
	"timestamp": "00:22:24",
	"type": "dialog_node_start"
}, {
	"node_path": "Control/DialogSystem_Main/Fn_HandleEyeSubmittion/EnablePiedestalCollider",
	"timestamp": "00:22:24",
	"type": "dialog_node_start"
}, {
	"node_path": "Control/DialogSystem_Main/Fn_HandleEyeSubmittion/WaitForSubmission",
	"timestamp": "00:22:24",
	"type": "dialog_node_start"
}, {
	"part": "Pupil5",
	"timestamp": "00:22:25",
	"type": "add_part"
}, {
	"part": "Eyebrow6",
	"timestamp": "00:22:28",
	"type": "add_part"
}, {
	"eye_shape": "Eye5",
	"eyebrow": "Eyebrow6",
	"iris": "Iris6",
	"pupil": "Pupil5",
	"question_idx": 10,
	"timestamp": "00:22:29",
	"type": "submit_answer"
}, {
	"node_path": "Control/DialogSystem_Main/Fn_HandleEyeSubmittion/DisablePiedestalCollider",
	"timestamp": "00:22:29",
	"type": "dialog_node_start"
}, {
	"node_path": "Control/DialogSystem_Main/Fn_Main/FormerVizier/T_GiveMoney",
	"timestamp": "00:22:29",
	"type": "dialog_node_start"
}, {
	"node_path": "Control/DialogSystem_Main/Fn_Main/FormerVizier/AddMoney",
	"timestamp": "00:22:35",
	"type": "dialog_node_start"
}, {
	"amount": 25,
	"new_balance": 222,
	"original_balance": 197,
	"timestamp": "00:22:35",
	"type": "add_money"
}, {
	"node_path": "Control/DialogSystem_Main/Fn_Main/FormerVizier/HideFigure",
	"timestamp": "00:22:35",
	"type": "dialog_node_start"
}, {
	"node_path": "Control/DialogSystem_Main/Fn_Main/MadScientist",
	"timestamp": "00:22:37",
	"type": "dialog_node_start"
}, {
	"node_path": "Control/DialogSystem_Main/Fn_Main/MadScientist/ShowFigure",
	"timestamp": "00:22:37",
	"type": "dialog_node_start"
}, {
	"object": "Glasses",
	"original_placement": "<nil>",
	"timestamp": "00:22:38",
	"type": "grab_object"
}, {
	"balance_before_purchase": 222,
	"price": 120,
	"timestamp": "00:22:38",
	"type": "purchase",
	"what": "Glasses"
}, {
	"node_path": "Control/DialogSystem_Main/Fn_Main/MadScientist/Text",
	"timestamp": "00:22:39",
	"type": "dialog_node_start"
}, {
	"destination": "MainShelf",
	"object": "Glasses",
	"timestamp": "00:22:39",
	"type": "place_object"
}, {
	"object": "Glasses",
	"original_placement": "MainShelf",
	"timestamp": "00:22:40",
	"type": "grab_object"
}, {
	"destination": "P7",
	"object": "Glasses",
	"timestamp": "00:22:40",
	"type": "place_object"
}, {
	"object": "Mask",
	"original_placement": "<nil>",
	"timestamp": "00:22:41",
	"type": "grab_object"
}, {
	"balance_before_purchase": 102,
	"price": 50,
	"timestamp": "00:22:41",
	"type": "purchase",
	"what": "Mask"
}, {
	"destination": "P3",
	"object": "Mask",
	"timestamp": "00:22:42",
	"type": "place_object"
}, {
	"object": "Potion3",
	"original_placement": "<nil>",
	"timestamp": "00:22:43",
	"type": "grab_object"
}, {
	"balance_before_purchase": 52,
	"price": 30,
	"timestamp": "00:22:43",
	"type": "purchase",
	"what": "Potion3"
}, {
	"destination": "P13",
	"object": "Potion3",
	"timestamp": "00:22:44",
	"type": "place_object"
}, {
	"node_path": "Control/DialogSystem_Main/Fn_Main/MadScientist/Call_WaitForSubmittion",
	"timestamp": "00:22:50",
	"type": "dialog_node_start"
}, {
	"node_path": "Control/DialogSystem_Main/Fn_HandleEyeSubmittion",
	"timestamp": "00:22:50",
	"type": "dialog_node_start"
}, {
	"node_path": "Control/DialogSystem_Main/Fn_HandleEyeSubmittion/EnablePiedestalCollider",
	"timestamp": "00:22:50",
	"type": "dialog_node_start"
}, {
	"node_path": "Control/DialogSystem_Main/Fn_HandleEyeSubmittion/WaitForSubmission",
	"timestamp": "00:22:50",
	"type": "dialog_node_start"
}, {
	"object": "Glasses",
	"original_placement": "P7",
	"timestamp": "00:22:56",
	"type": "grab_object"
}, {
	"destination": "P2",
	"object": "Glasses",
	"timestamp": "00:22:57",
	"type": "place_object"
}, {
	"object": "Glasses",
	"original_placement": "P2",
	"timestamp": "00:22:58",
	"type": "grab_object"
}, {
	"destination": "P2",
	"object": "Glasses",
	"timestamp": "00:22:58",
	"type": "place_object"
}, {
	"part": "Eye4",
	"timestamp": "00:23:03",
	"type": "add_part"
}, {
	"part": "Iris4",
	"timestamp": "00:23:05",
	"type": "add_part"
}, {
	"part": "Pupil2",
	"timestamp": "00:23:08",
	"type": "add_part"
}, {
	"part": "Eyebrow2",
	"timestamp": "00:23:10",
	"type": "add_part"
}, {
	"eye_shape": "Eye4",
	"eyebrow": "Eyebrow2",
	"iris": "Iris4",
	"pupil": "Pupil2",
	"question_idx": 11,
	"timestamp": "00:23:12",
	"type": "submit_answer"
}, {
	"node_path": "Control/DialogSystem_Main/Fn_HandleEyeSubmittion/DisablePiedestalCollider",
	"timestamp": "00:23:12",
	"type": "dialog_node_start"
}, {
	"node_path": "Control/DialogSystem_Main/Fn_Main/MadScientist/T_GivePotion",
	"timestamp": "00:23:12",
	"type": "dialog_node_start"
}, {
	"node_path": "Control/DialogSystem_Main/Fn_Main/MadScientist/GivePotion",
	"timestamp": "00:23:22",
	"type": "dialog_node_start"
}, {
	"node_path": "Control/DialogSystem_Main/Fn_Main/MadScientist/HideFigure",
	"timestamp": "00:23:23",
	"type": "dialog_node_start"
}, {
	"object": "Potion",
	"original_placement": "P6",
	"timestamp": "00:23:23",
	"type": "grab_object"
}, {
	"destination": "P6",
	"object": "Potion",
	"timestamp": "00:23:23",
	"type": "place_object"
}, {
	"object": "Potion",
	"original_placement": "P6",
	"timestamp": "00:23:24",
	"type": "grab_object"
}, {
	"destination": "P6",
	"object": "Potion",
	"timestamp": "00:23:24",
	"type": "place_object"
}, {
	"node_path": "Control/DialogSystem_Main/Fn_Main/Archmage",
	"timestamp": "00:23:25",
	"type": "dialog_node_start"
}, {
	"node_path": "Control/DialogSystem_Main/Fn_Main/Archmage/ShowFigure",
	"timestamp": "00:23:25",
	"type": "dialog_node_start"
}, {
	"object": "Potion",
	"original_placement": "P6",
	"timestamp": "00:23:25",
	"type": "grab_object"
}, {
	"destination": "P6",
	"object": "Potion",
	"timestamp": "00:23:25",
	"type": "place_object"
}, {
	"node_path": "Control/DialogSystem_Main/Fn_Main/Archmage/Text",
	"timestamp": "00:23:31",
	"type": "dialog_node_start"
}, {
	"part": "Eye5",
	"timestamp": "00:23:38",
	"type": "add_part"
}, {
	"part": "Iris6",
	"timestamp": "00:23:39",
	"type": "add_part"
}, {
	"node_path": "Control/DialogSystem_Main/Fn_Main/Archmage/Call_WaitForSubmittion",
	"timestamp": "00:23:40",
	"type": "dialog_node_start"
}, {
	"node_path": "Control/DialogSystem_Main/Fn_HandleEyeSubmittion",
	"timestamp": "00:23:40",
	"type": "dialog_node_start"
}, {
	"node_path": "Control/DialogSystem_Main/Fn_HandleEyeSubmittion/EnablePiedestalCollider",
	"timestamp": "00:23:40",
	"type": "dialog_node_start"
}, {
	"node_path": "Control/DialogSystem_Main/Fn_HandleEyeSubmittion/WaitForSubmission",
	"timestamp": "00:23:40",
	"type": "dialog_node_start"
}, {
	"part": "Pupil2",
	"timestamp": "00:23:42",
	"type": "add_part"
}, {
	"part": "Eyebrow6",
	"timestamp": "00:23:43",
	"type": "add_part"
}, {
	"eye_shape": "Eye5",
	"eyebrow": "Eyebrow6",
	"iris": "Iris6",
	"pupil": "Pupil2",
	"question_idx": 12,
	"timestamp": "00:23:45",
	"type": "submit_answer"
}, {
	"node_path": "Control/DialogSystem_Main/Fn_HandleEyeSubmittion/DisablePiedestalCollider",
	"timestamp": "00:23:45",
	"type": "dialog_node_start"
}, {
	"node_path": "Control/DialogSystem_Main/Fn_Main/Archmage/T_GiveMoney",
	"timestamp": "00:23:45",
	"type": "dialog_node_start"
}, {
	"node_path": "Control/DialogSystem_Main/Fn_Main/Archmage/AddMoney",
	"timestamp": "00:23:54",
	"type": "dialog_node_start"
}, {
	"amount": 80,
	"new_balance": 102,
	"original_balance": 22,
	"timestamp": "00:23:54",
	"type": "add_money"
}, {
	"node_path": "Control/DialogSystem_Main/Fn_Main/Archmage/HideFigure",
	"timestamp": "00:23:54",
	"type": "dialog_node_start"
}, {
	"node_path": "Control/DialogSystem_Main/Fn_Main/Scared",
	"timestamp": "00:23:54",
	"type": "dialog_node_start"
}, {
	"node_path": "Control/DialogSystem_Main/Fn_Main/Scared/ShowFigure",
	"timestamp": "00:23:54",
	"type": "dialog_node_start"
}, {
	"object": "Flower",
	"original_placement": "<nil>",
	"timestamp": "00:24:00",
	"type": "grab_object"
}, {
	"balance_before_purchase": 102,
	"price": 60,
	"timestamp": "00:24:00",
	"type": "purchase",
	"what": "Flower"
}, {
	"node_path": "Control/DialogSystem_Main/Fn_Main/Scared/Text",
	"timestamp": "00:24:00",
	"type": "dialog_node_start"
}, {
	"destination": "P17",
	"object": "Flower",
	"timestamp": "00:24:00",
	"type": "place_object"
}, {
	"node_path": "Control/DialogSystem_Main/Fn_Main/Scared/Call_WaitForSubmittion",
	"timestamp": "00:24:06",
	"type": "dialog_node_start"
}, {
	"node_path": "Control/DialogSystem_Main/Fn_HandleEyeSubmittion",
	"timestamp": "00:24:06",
	"type": "dialog_node_start"
}, {
	"node_path": "Control/DialogSystem_Main/Fn_HandleEyeSubmittion/EnablePiedestalCollider",
	"timestamp": "00:24:06",
	"type": "dialog_node_start"
}, {
	"node_path": "Control/DialogSystem_Main/Fn_HandleEyeSubmittion/WaitForSubmission",
	"timestamp": "00:24:06",
	"type": "dialog_node_start"
}, {
	"part": "Eye1",
	"timestamp": "00:24:09",
	"type": "add_part"
}, {
	"part": "Iris1",
	"timestamp": "00:24:12",
	"type": "add_part"
}, {
	"part": "Pupil3",
	"timestamp": "00:24:16",
	"type": "add_part"
}, {
	"part": "Eyebrow3",
	"timestamp": "00:24:20",
	"type": "add_part"
}, {
	"eye_shape": "Eye1",
	"eyebrow": "Eyebrow3",
	"iris": "Iris1",
	"pupil": "Pupil3",
	"question_idx": 13,
	"timestamp": "00:24:22",
	"type": "submit_answer"
}, {
	"node_path": "Control/DialogSystem_Main/Fn_HandleEyeSubmittion/DisablePiedestalCollider",
	"timestamp": "00:24:22",
	"type": "dialog_node_start"
}, {
	"node_path": "Control/DialogSystem_Main/Fn_Main/Scared/T_GiveMoney",
	"timestamp": "00:24:22",
	"type": "dialog_node_start"
}, {
	"node_path": "Control/DialogSystem_Main/Fn_Main/Scared/AddMoney",
	"timestamp": "00:24:26",
	"type": "dialog_node_start"
}, {
	"amount": 20,
	"new_balance": 62,
	"original_balance": 42,
	"timestamp": "00:24:26",
	"type": "add_money"
}, {
	"node_path": "Control/DialogSystem_Main/Fn_Main/Scared/HideFigure",
	"timestamp": "00:24:26",
	"type": "dialog_node_start"
}, {
	"node_path": "Control/DialogSystem_Main/Fn_Main/Wait",
	"timestamp": "00:24:26",
	"type": "dialog_node_start"
}, {
	"node_path": "Control/DialogSystem_Main/Fn_Main/FadeOut",
	"timestamp": "00:24:31",
	"type": "dialog_node_start"
}, {
	"node_path": "Control/DialogSystem_Main/Fn_Main/Transition",
	"timestamp": "00:24:33",
	"type": "dialog_node_start"
}, {
	"node_path": "IntroText/DialogSystem_Outro/Fn_Main",
	"timestamp": "00:24:34",
	"type": "dialog_node_start"
}, {
	"node_path": "IntroText/DialogSystem_Outro/Fn_Main/TextReset",
	"timestamp": "00:24:34",
	"type": "dialog_node_start"
}, {
	"node_path": "IntroText/DialogSystem_Outro/Fn_Main/FadeOut",
	"timestamp": "00:24:34",
	"type": "dialog_node_start"
}, {
	"node_path": "IntroText/DialogSystem_Outro/Fn_Main/PrintText",
	"timestamp": "00:24:36",
	"type": "dialog_node_start"
}, {
	"node_path": "IntroText/DialogSystem_Outro/Fn_Text",
	"timestamp": "00:24:36",
	"type": "dialog_node_start"
}, {
	"node_path": "IntroText/DialogSystem_Outro/Fn_Text/Text",
	"timestamp": "00:24:36",
	"type": "dialog_node_start"
}, {
	"node_path": "IntroText/DialogSystem_Outro/Fn_Text/Text2",
	"timestamp": "00:24:42",
	"type": "dialog_node_start"
}, {
	"node_path": "IntroText/DialogSystem_Outro/Fn_Text/Text4",
	"timestamp": "00:24:43",
	"type": "dialog_node_start"
}, {
	"node_path": "IntroText/DialogSystem_Outro/Fn_Text/Text5",
	"timestamp": "00:24:45",
	"type": "dialog_node_start"
}, {
	"node_path": "IntroText/DialogSystem_Outro/Fn_Text/Text6",
	"timestamp": "00:24:47",
	"type": "dialog_node_start"
}, {
	"node_path": "IntroText/DialogSystem_Outro/Fn_Text/Text7",
	"timestamp": "00:24:50",
	"type": "dialog_node_start"
}, {
	"node_path": "IntroText/DialogSystem_Outro/Fn_Text/Text8",
	"timestamp": "00:24:51",
	"type": "dialog_node_start"
}, {
	"node_path": "IntroText/DialogSystem_Outro/Fn_Text/OnWeb",
	"timestamp": "00:24:53",
	"type": "dialog_node_start"
}, {
	"node_path": "IntroText/DialogSystem_Outro/Fn_Text/OnWeb/Text10",
	"timestamp": "00:24:53",
	"type": "dialog_node_start"
}, {
	"node_path": "IntroText/DialogSystem_Outro/Fn_Text/OnWeb/DoExportTheLog",
	"timestamp": "00:25:06",
	"type": "dialog_node_start"
}]